ERROR - 2016-08-01 07:30:12 - exception 'ErrorException' with message 'Undefined index: username' in /var/www/html/App/Models/MyAccount/MyAccountModel.php:15
Stack trace:
#0 /var/www/html/App/Models/MyAccount/MyAccountModel.php(15): Yee\Yee::handleErrors(8, 'Undefined index...', '/var/www/html/A...', 15, Array)
#1 /var/www/html/App/Controllers/MyController/MyAccountController.php(32): App\Models\myAccount\MyAccountModel->getAccountDetails()
#2 [internal function]: MyAccountController->indexAction()
#3 /var/www/html/Yee/Managers/Controller/Controller.php(22): call_user_func_array(Array, Array)
#4 [internal function]: Yee\Managers\Controller\Controller::__callStatic('___indexAction', Array)
#5 [internal function]: MyAccountController::___indexAction()
#6 /var/www/html/Yee/Route.php(462): call_user_func_array('MyAccountContro...', Array)
#7 /var/www/html/Yee/Yee.php(1343): Yee\Route->dispatch()
#8 /var/www/html/Yee/Middleware/Flash.php(85): Yee\Yee->call()
#9 /var/www/html/Yee/Middleware/MethodOverride.php(92): Yee\Middleware\Flash->call()
#10 /var/www/html/Yee/Middleware/PrettyExceptions.php(67): Yee\Middleware\MethodOverride->call()
#11 /var/www/html/Yee/Yee.php(1288): Yee\Middleware\PrettyExceptions->call()
#12 /var/www/html/index.php(50): Yee\Yee->execute()
#13 {main}
ERROR - 2016-08-01 07:50:40 - exception 'RuntimeException' with message 'Unable to write in the cache directory (/var/www/html/cache/templates_c/28/dd).' in /var/www/html/Twig/Environment.php:1239
Stack trace:
#0 /var/www/html/Twig/Environment.php(334): Twig_Environment->writeCacheFile('/var/www/html/c...', '<?php??/* ./com...')
#1 /var/www/html/cache/templates_c/2b/e3/429d67837cc3ea62cb1bb39bf23deb86ad519a2724f0be671df506c85ab5.php(19): Twig_Environment->loadTemplate('./common/header...')
#2 /var/www/html/Twig/Template.php(279): __TwigTemplate_2be3429d67837cc3ea62cb1bb39bf23deb86ad519a2724f0be671df506c85ab5->doDisplay(Array, Array)
#3 /var/www/html/Twig/Template.php(253): Twig_Template->displayWithErrorHandling(Array, Array)
#4 /var/www/html/Twig/Template.php(264): Twig_Template->display(Array)
#5 /var/www/html/Yee/Views/Twig.php(91): Twig_Template->render(Array)
#6 /var/www/html/Yee/View.php(255): Yee\Views\Twig->render('pages/home.tpl', NULL)
#7 /var/www/html/Yee/View.php(243): Yee\View->fetch('pages/home.tpl', NULL)
#8 /var/www/html/Yee/Yee.php(774): Yee\View->display('pages/home.tpl')
#9 /var/www/html/App/Controllers/Home/HomeController.php(24): Yee\Yee->render('pages/home.tpl', Array)
#10 [internal function]: HomeController->indexAction()
#11 /var/www/html/Yee/Managers/Controller/Controller.php(22): call_user_func_array(Array, Array)
#12 [internal function]: Yee\Managers\Controller\Controller::__callStatic('___indexAction', Array)
#13 [internal function]: HomeController::___indexAction()
#14 /var/www/html/Yee/Route.php(462): call_user_func_array('HomeController:...', Array)
#15 /var/www/html/Yee/Yee.php(1343): Yee\Route->dispatch()
#16 /var/www/html/Yee/Middleware/Flash.php(85): Yee\Yee->call()
#17 /var/www/html/Yee/Middleware/MethodOverride.php(92): Yee\Middleware\Flash->call()
#18 /var/www/html/Yee/Middleware/PrettyExceptions.php(67): Yee\Middleware\MethodOverride->call()
#19 /var/www/html/Yee/Yee.php(1288): Yee\Middleware\PrettyExceptions->call()
#20 /var/www/html/index.php(50): Yee\Yee->execute()
#21 {main}

Next exception 'Twig_Error_Runtime' with message 'An exception has been thrown during the rendering of a template ("Unable to write in the cache directory (/var/www/html/cache/templates_c/28/dd).") in "pages/home.tpl" at line 1.' in /var/www/html/Twig/Template.php:294
Stack trace:
#0 /var/www/html/Twig/Template.php(253): Twig_Template->displayWithErrorHandling(Array, Array)
#1 /var/www/html/Twig/Template.php(264): Twig_Template->display(Array)
#2 /var/www/html/Yee/Views/Twig.php(91): Twig_Template->render(Array)
#3 /var/www/html/Yee/View.php(255): Yee\Views\Twig->render('pages/home.tpl', NULL)
#4 /var/www/html/Yee/View.php(243): Yee\View->fetch('pages/home.tpl', NULL)
#5 /var/www/html/Yee/Yee.php(774): Yee\View->display('pages/home.tpl')
#6 /var/www/html/App/Controllers/Home/HomeController.php(24): Yee\Yee->render('pages/home.tpl', Array)
#7 [internal function]: HomeController->indexAction()
#8 /var/www/html/Yee/Managers/Controller/Controller.php(22): call_user_func_array(Array, Array)
#9 [internal function]: Yee\Managers\Controller\Controller::__callStatic('___indexAction', Array)
#10 [internal function]: HomeController::___indexAction()
#11 /var/www/html/Yee/Route.php(462): call_user_func_array('HomeController:...', Array)
#12 /var/www/html/Yee/Yee.php(1343): Yee\Route->dispatch()
#13 /var/www/html/Yee/Middleware/Flash.php(85): Yee\Yee->call()
#14 /var/www/html/Yee/Middleware/MethodOverride.php(92): Yee\Middleware\Flash->call()
#15 /var/www/html/Yee/Middleware/PrettyExceptions.php(67): Yee\Middleware\MethodOverride->call()
#16 /var/www/html/Yee/Yee.php(1288): Yee\Middleware\PrettyExceptions->call()
#17 /var/www/html/index.php(50): Yee\Yee->execute()
#18 {main}
ERROR - 2016-08-01 07:51:40 - exception 'RuntimeException' with message 'Unable to write in the cache directory (/var/www/html/cache/templates_c/28/dd).' in /var/www/html/Twig/Environment.php:1239
Stack trace:
#0 /var/www/html/Twig/Environment.php(334): Twig_Environment->writeCacheFile('/var/www/html/c...', '<?php??/* ./com...')
#1 /var/www/html/cache/templates_c/2b/e3/429d67837cc3ea62cb1bb39bf23deb86ad519a2724f0be671df506c85ab5.php(19): Twig_Environment->loadTemplate('./common/header...')
#2 /var/www/html/Twig/Template.php(279): __TwigTemplate_2be3429d67837cc3ea62cb1bb39bf23deb86ad519a2724f0be671df506c85ab5->doDisplay(Array, Array)
#3 /var/www/html/Twig/Template.php(253): Twig_Template->displayWithErrorHandling(Array, Array)
#4 /var/www/html/Twig/Template.php(264): Twig_Template->display(Array)
#5 /var/www/html/Yee/Views/Twig.php(91): Twig_Template->render(Array)
#6 /var/www/html/Yee/View.php(255): Yee\Views\Twig->render('pages/home.tpl', NULL)
#7 /var/www/html/Yee/View.php(243): Yee\View->fetch('pages/home.tpl', NULL)
#8 /var/www/html/Yee/Yee.php(774): Yee\View->display('pages/home.tpl')
#9 /var/www/html/App/Controllers/Home/HomeController.php(24): Yee\Yee->render('pages/home.tpl', Array)
#10 [internal function]: HomeController->indexAction()
#11 /var/www/html/Yee/Managers/Controller/Controller.php(22): call_user_func_array(Array, Array)
#12 [internal function]: Yee\Managers\Controller\Controller::__callStatic('___indexAction', Array)
#13 [internal function]: HomeController::___indexAction()
#14 /var/www/html/Yee/Route.php(462): call_user_func_array('HomeController:...', Array)
#15 /var/www/html/Yee/Yee.php(1343): Yee\Route->dispatch()
#16 /var/www/html/Yee/Middleware/Flash.php(85): Yee\Yee->call()
#17 /var/www/html/Yee/Middleware/MethodOverride.php(92): Yee\Middleware\Flash->call()
#18 /var/www/html/Yee/Middleware/PrettyExceptions.php(67): Yee\Middleware\MethodOverride->call()
#19 /var/www/html/Yee/Yee.php(1288): Yee\Middleware\PrettyExceptions->call()
#20 /var/www/html/index.php(50): Yee\Yee->execute()
#21 {main}

Next exception 'Twig_Error_Runtime' with message 'An exception has been thrown during the rendering of a template ("Unable to write in the cache directory (/var/www/html/cache/templates_c/28/dd).") in "pages/home.tpl" at line 1.' in /var/www/html/Twig/Template.php:294
Stack trace:
#0 /var/www/html/Twig/Template.php(253): Twig_Template->displayWithErrorHandling(Array, Array)
#1 /var/www/html/Twig/Template.php(264): Twig_Template->display(Array)
#2 /var/www/html/Yee/Views/Twig.php(91): Twig_Template->render(Array)
#3 /var/www/html/Yee/View.php(255): Yee\Views\Twig->render('pages/home.tpl', NULL)
#4 /var/www/html/Yee/View.php(243): Yee\View->fetch('pages/home.tpl', NULL)
#5 /var/www/html/Yee/Yee.php(774): Yee\View->display('pages/home.tpl')
#6 /var/www/html/App/Controllers/Home/HomeController.php(24): Yee\Yee->render('pages/home.tpl', Array)
#7 [internal function]: HomeController->indexAction()
#8 /var/www/html/Yee/Managers/Controller/Controller.php(22): call_user_func_array(Array, Array)
#9 [internal function]: Yee\Managers\Controller\Controller::__callStatic('___indexAction', Array)
#10 [internal function]: HomeController::___indexAction()
#11 /var/www/html/Yee/Route.php(462): call_user_func_array('HomeController:...', Array)
#12 /var/www/html/Yee/Yee.php(1343): Yee\Route->dispatch()
#13 /var/www/html/Yee/Middleware/Flash.php(85): Yee\Yee->call()
#14 /var/www/html/Yee/Middleware/MethodOverride.php(92): Yee\Middleware\Flash->call()
#15 /var/www/html/Yee/Middleware/PrettyExceptions.php(67): Yee\Middleware\MethodOverride->call()
#16 /var/www/html/Yee/Yee.php(1288): Yee\Middleware\PrettyExceptions->call()
#17 /var/www/html/index.php(50): Yee\Yee->execute()
#18 {main}
