ERROR - 2016-07-27 07:33:39 - exception 'ErrorException' with message 'Problem preparing query (INSERT into questions(`title`, `author_id`, `content`, `date`, `category`, `main_picture`) VALUES(?, ?, ?, ?, ?, ?)) Unknown column 'category' in 'field list'' in /var/www/html/Yee/Libraries/Database/MysqliDB.php:909
Stack trace:
#0 [internal function]: Yee\Yee::handleErrors(256, 'Problem prepari...', '/var/www/html/Y...', 909, Array)
#1 /var/www/html/Yee/Libraries/Database/MysqliDB.php(909): trigger_error('Problem prepari...', 256)
#2 /var/www/html/Yee/Libraries/Database/MysqliDB.php(648): Yee\Libraries\Database\MysqliDB->_prepareQuery()
#3 /var/www/html/Yee/Libraries/Database/MysqliDB.php(324): Yee\Libraries\Database\MysqliDB->_buildQuery(NULL, Array)
#4 /var/www/html/App/Models/Question/QuestionModel.php(37): Yee\Libraries\Database\MysqliDB->insert('questions', Array)
#5 /var/www/html/App/Controllers/Question/QuestionController.php(44): App\Models\Question\QuestionModel->addQuestionDB()
#6 [internal function]: QuestionController->addArticlePost()
#7 /var/www/html/Yee/Managers/Controller/Controller.php(22): call_user_func_array(Array, Array)
#8 [internal function]: Yee\Managers\Controller\Controller::__callStatic('___addArticlePo...', Array)
#9 [internal function]: QuestionController::___addArticlePost()
#10 /var/www/html/Yee/Route.php(462): call_user_func_array('QuestionControl...', Array)
#11 /var/www/html/Yee/Yee.php(1333): Yee\Route->dispatch()
#12 /var/www/html/Yee/Middleware/Flash.php(85): Yee\Yee->call()
#13 /var/www/html/Yee/Middleware/MethodOverride.php(92): Yee\Middleware\Flash->call()
#14 /var/www/html/Yee/Middleware/PrettyExceptions.php(67): Yee\Middleware\MethodOverride->call()
#15 /var/www/html/Yee/Yee.php(1278): Yee\Middleware\PrettyExceptions->call()
#16 /var/www/html/index.php(49): Yee\Yee->execute()
#17 {main}
ERROR - 2016-07-27 09:36:47 - exception 'ErrorException' with message 'Undefined index: email' in /var/www/html/App/Controllers/ajax/AjaxController.php:179
Stack trace:
#0 /var/www/html/App/Controllers/ajax/AjaxController.php(179): Yee\Yee::handleErrors(8, 'Undefined index...', '/var/www/html/A...', 179, Array)
#1 [internal function]: AjaxController->addQuestion()
#2 /var/www/html/Yee/Managers/Controller/Controller.php(22): call_user_func_array(Array, Array)
#3 [internal function]: Yee\Managers\Controller\Controller::__callStatic('___addQuestion', Array)
#4 [internal function]: AjaxController::___addQuestion()
#5 /var/www/html/Yee/Route.php(462): call_user_func_array('AjaxController:...', Array)
#6 /var/www/html/Yee/Yee.php(1333): Yee\Route->dispatch()
#7 /var/www/html/Yee/Middleware/Flash.php(85): Yee\Yee->call()
#8 /var/www/html/Yee/Middleware/MethodOverride.php(92): Yee\Middleware\Flash->call()
#9 /var/www/html/Yee/Middleware/PrettyExceptions.php(67): Yee\Middleware\MethodOverride->call()
#10 /var/www/html/Yee/Yee.php(1278): Yee\Middleware\PrettyExceptions->call()
#11 /var/www/html/index.php(49): Yee\Yee->execute()
#12 {main}
ERROR - 2016-07-27 09:40:00 - exception 'ErrorException' with message 'Undefined variable: contentl' in /var/www/html/App/Controllers/ajax/AjaxController.php:171
Stack trace:
#0 /var/www/html/App/Controllers/ajax/AjaxController.php(171): Yee\Yee::handleErrors(8, 'Undefined varia...', '/var/www/html/A...', 171, Array)
#1 [internal function]: AjaxController->addQuestion()
#2 /var/www/html/Yee/Managers/Controller/Controller.php(22): call_user_func_array(Array, Array)
#3 [internal function]: Yee\Managers\Controller\Controller::__callStatic('___addQuestion', Array)
#4 [internal function]: AjaxController::___addQuestion()
#5 /var/www/html/Yee/Route.php(462): call_user_func_array('AjaxController:...', Array)
#6 /var/www/html/Yee/Yee.php(1333): Yee\Route->dispatch()
#7 /var/www/html/Yee/Middleware/Flash.php(85): Yee\Yee->call()
#8 /var/www/html/Yee/Middleware/MethodOverride.php(92): Yee\Middleware\Flash->call()
#9 /var/www/html/Yee/Middleware/PrettyExceptions.php(67): Yee\Middleware\MethodOverride->call()
#10 /var/www/html/Yee/Yee.php(1278): Yee\Middleware\PrettyExceptions->call()
#11 /var/www/html/index.php(49): Yee\Yee->execute()
#12 {main}
ERROR - 2016-07-27 09:40:15 - exception 'ErrorException' with message 'json_decode() expects parameter 1 to be string, array given' in /var/www/html/App/Controllers/ajax/AjaxController.php:194
Stack trace:
#0 [internal function]: Yee\Yee::handleErrors(2, 'json_decode() e...', '/var/www/html/A...', 194, Array)
#1 /var/www/html/App/Controllers/ajax/AjaxController.php(194): json_decode(Array)
#2 [internal function]: AjaxController->addQuestion()
#3 /var/www/html/Yee/Managers/Controller/Controller.php(22): call_user_func_array(Array, Array)
#4 [internal function]: Yee\Managers\Controller\Controller::__callStatic('___addQuestion', Array)
#5 [internal function]: AjaxController::___addQuestion()
#6 /var/www/html/Yee/Route.php(462): call_user_func_array('AjaxController:...', Array)
#7 /var/www/html/Yee/Yee.php(1333): Yee\Route->dispatch()
#8 /var/www/html/Yee/Middleware/Flash.php(85): Yee\Yee->call()
#9 /var/www/html/Yee/Middleware/MethodOverride.php(92): Yee\Middleware\Flash->call()
#10 /var/www/html/Yee/Middleware/PrettyExceptions.php(67): Yee\Middleware\MethodOverride->call()
#11 /var/www/html/Yee/Yee.php(1278): Yee\Middleware\PrettyExceptions->call()
#12 /var/www/html/index.php(49): Yee\Yee->execute()
#13 {main}
ERROR - 2016-07-27 09:41:12 - exception 'ErrorException' with message 'json_decode() expects parameter 1 to be string, array given' in /var/www/html/App/Controllers/ajax/AjaxController.php:194
Stack trace:
#0 [internal function]: Yee\Yee::handleErrors(2, 'json_decode() e...', '/var/www/html/A...', 194, Array)
#1 /var/www/html/App/Controllers/ajax/AjaxController.php(194): json_decode(Array)
#2 [internal function]: AjaxController->addQuestion()
#3 /var/www/html/Yee/Managers/Controller/Controller.php(22): call_user_func_array(Array, Array)
#4 [internal function]: Yee\Managers\Controller\Controller::__callStatic('___addQuestion', Array)
#5 [internal function]: AjaxController::___addQuestion()
#6 /var/www/html/Yee/Route.php(462): call_user_func_array('AjaxController:...', Array)
#7 /var/www/html/Yee/Yee.php(1333): Yee\Route->dispatch()
#8 /var/www/html/Yee/Middleware/Flash.php(85): Yee\Yee->call()
#9 /var/www/html/Yee/Middleware/MethodOverride.php(92): Yee\Middleware\Flash->call()
#10 /var/www/html/Yee/Middleware/PrettyExceptions.php(67): Yee\Middleware\MethodOverride->call()
#11 /var/www/html/Yee/Yee.php(1278): Yee\Middleware\PrettyExceptions->call()
#12 /var/www/html/index.php(49): Yee\Yee->execute()
#13 {main}
ERROR - 2016-07-27 10:49:55 - exception 'Twig_Error_Syntax' with message 'Unexpected end of template in "pages/questionForm.tpl" at line 94' in /var/www/html/Twig/TokenStream.php:60
Stack trace:
#0 /var/www/html/Twig/TokenParser/For.php(48): Twig_TokenStream->next()
#1 /var/www/html/Twig/Parser.php(187): Twig_TokenParser_For->parse(Object(Twig_Token))
#2 /var/www/html/Twig/Parser.php(95): Twig_Parser->subparse(NULL, false)
#3 /var/www/html/Twig/Environment.php(507): Twig_Parser->parse(Object(Twig_TokenStream))
#4 /var/www/html/Twig/Environment.php(559): Twig_Environment->parse(Object(Twig_TokenStream))
#5 /var/www/html/Twig/Environment.php(334): Twig_Environment->compileSource('{% include "./c...', 'pages/questionF...')
#6 /var/www/html/Yee/Views/Twig.php(87): Twig_Environment->loadTemplate('pages/questionF...')
#7 /var/www/html/Yee/View.php(255): Yee\Views\Twig->render('pages/questionF...', NULL)
#8 /var/www/html/Yee/View.php(243): Yee\View->fetch('pages/questionF...', NULL)
#9 /var/www/html/Yee/Yee.php(764): Yee\View->display('pages/questionF...')
#10 /var/www/html/App/Controllers/Question/QuestionController.php(21): Yee\Yee->render('pages/questionF...', Array)
#11 [internal function]: QuestionController->indexAction()
#12 /var/www/html/Yee/Managers/Controller/Controller.php(22): call_user_func_array(Array, Array)
#13 [internal function]: Yee\Managers\Controller\Controller::__callStatic('___indexAction', Array)
#14 [internal function]: QuestionController::___indexAction()
#15 /var/www/html/Yee/Route.php(462): call_user_func_array('QuestionControl...', Array)
#16 /var/www/html/Yee/Yee.php(1333): Yee\Route->dispatch()
#17 /var/www/html/Yee/Middleware/Flash.php(85): Yee\Yee->call()
#18 /var/www/html/Yee/Middleware/MethodOverride.php(92): Yee\Middleware\Flash->call()
#19 /var/www/html/Yee/Middleware/PrettyExceptions.php(67): Yee\Middleware\MethodOverride->call()
#20 /var/www/html/Yee/Yee.php(1278): Yee\Middleware\PrettyExceptions->call()
#21 /var/www/html/index.php(49): Yee\Yee->execute()
#22 {main}
ERROR - 2016-07-27 10:50:56 - exception 'Twig_Error_Syntax' with message 'Unexpected end of template in "pages/questionForm.tpl" at line 94' in /var/www/html/Twig/TokenStream.php:60
Stack trace:
#0 /var/www/html/Twig/TokenParser/For.php(48): Twig_TokenStream->next()
#1 /var/www/html/Twig/Parser.php(187): Twig_TokenParser_For->parse(Object(Twig_Token))
#2 /var/www/html/Twig/Parser.php(95): Twig_Parser->subparse(NULL, false)
#3 /var/www/html/Twig/Environment.php(507): Twig_Parser->parse(Object(Twig_TokenStream))
#4 /var/www/html/Twig/Environment.php(559): Twig_Environment->parse(Object(Twig_TokenStream))
#5 /var/www/html/Twig/Environment.php(334): Twig_Environment->compileSource('{% include "./c...', 'pages/questionF...')
#6 /var/www/html/Yee/Views/Twig.php(87): Twig_Environment->loadTemplate('pages/questionF...')
#7 /var/www/html/Yee/View.php(255): Yee\Views\Twig->render('pages/questionF...', NULL)
#8 /var/www/html/Yee/View.php(243): Yee\View->fetch('pages/questionF...', NULL)
#9 /var/www/html/Yee/Yee.php(764): Yee\View->display('pages/questionF...')
#10 /var/www/html/App/Controllers/Question/QuestionController.php(21): Yee\Yee->render('pages/questionF...', Array)
#11 [internal function]: QuestionController->indexAction()
#12 /var/www/html/Yee/Managers/Controller/Controller.php(22): call_user_func_array(Array, Array)
#13 [internal function]: Yee\Managers\Controller\Controller::__callStatic('___indexAction', Array)
#14 [internal function]: QuestionController::___indexAction()
#15 /var/www/html/Yee/Route.php(462): call_user_func_array('QuestionControl...', Array)
#16 /var/www/html/Yee/Yee.php(1333): Yee\Route->dispatch()
#17 /var/www/html/Yee/Middleware/Flash.php(85): Yee\Yee->call()
#18 /var/www/html/Yee/Middleware/MethodOverride.php(92): Yee\Middleware\Flash->call()
#19 /var/www/html/Yee/Middleware/PrettyExceptions.php(67): Yee\Middleware\MethodOverride->call()
#20 /var/www/html/Yee/Yee.php(1278): Yee\Middleware\PrettyExceptions->call()
#21 /var/www/html/index.php(49): Yee\Yee->execute()
#22 {main}
ERROR - 2016-07-27 10:50:59 - exception 'Twig_Error_Syntax' with message 'Unexpected end of template in "pages/questionForm.tpl" at line 94' in /var/www/html/Twig/TokenStream.php:60
Stack trace:
#0 /var/www/html/Twig/TokenParser/For.php(48): Twig_TokenStream->next()
#1 /var/www/html/Twig/Parser.php(187): Twig_TokenParser_For->parse(Object(Twig_Token))
#2 /var/www/html/Twig/Parser.php(95): Twig_Parser->subparse(NULL, false)
#3 /var/www/html/Twig/Environment.php(507): Twig_Parser->parse(Object(Twig_TokenStream))
#4 /var/www/html/Twig/Environment.php(559): Twig_Environment->parse(Object(Twig_TokenStream))
#5 /var/www/html/Twig/Environment.php(334): Twig_Environment->compileSource('{% include "./c...', 'pages/questionF...')
#6 /var/www/html/Yee/Views/Twig.php(87): Twig_Environment->loadTemplate('pages/questionF...')
#7 /var/www/html/Yee/View.php(255): Yee\Views\Twig->render('pages/questionF...', NULL)
#8 /var/www/html/Yee/View.php(243): Yee\View->fetch('pages/questionF...', NULL)
#9 /var/www/html/Yee/Yee.php(764): Yee\View->display('pages/questionF...')
#10 /var/www/html/App/Controllers/Question/QuestionController.php(21): Yee\Yee->render('pages/questionF...', Array)
#11 [internal function]: QuestionController->indexAction()
#12 /var/www/html/Yee/Managers/Controller/Controller.php(22): call_user_func_array(Array, Array)
#13 [internal function]: Yee\Managers\Controller\Controller::__callStatic('___indexAction', Array)
#14 [internal function]: QuestionController::___indexAction()
#15 /var/www/html/Yee/Route.php(462): call_user_func_array('QuestionControl...', Array)
#16 /var/www/html/Yee/Yee.php(1333): Yee\Route->dispatch()
#17 /var/www/html/Yee/Middleware/Flash.php(85): Yee\Yee->call()
#18 /var/www/html/Yee/Middleware/MethodOverride.php(92): Yee\Middleware\Flash->call()
#19 /var/www/html/Yee/Middleware/PrettyExceptions.php(67): Yee\Middleware\MethodOverride->call()
#20 /var/www/html/Yee/Yee.php(1278): Yee\Middleware\PrettyExceptions->call()
#21 /var/www/html/index.php(49): Yee\Yee->execute()
#22 {main}
ERROR - 2016-07-27 10:52:45 - exception 'Twig_Error_Syntax' with message 'Unexpected end of template in "pages/questionForm.tpl" at line 93' in /var/www/html/Twig/TokenStream.php:60
Stack trace:
#0 /var/www/html/Twig/TokenParser/For.php(48): Twig_TokenStream->next()
#1 /var/www/html/Twig/Parser.php(187): Twig_TokenParser_For->parse(Object(Twig_Token))
#2 /var/www/html/Twig/Parser.php(95): Twig_Parser->subparse(NULL, false)
#3 /var/www/html/Twig/Environment.php(507): Twig_Parser->parse(Object(Twig_TokenStream))
#4 /var/www/html/Twig/Environment.php(559): Twig_Environment->parse(Object(Twig_TokenStream))
#5 /var/www/html/Twig/Environment.php(334): Twig_Environment->compileSource('{% include "./c...', 'pages/questionF...')
#6 /var/www/html/Yee/Views/Twig.php(87): Twig_Environment->loadTemplate('pages/questionF...')
#7 /var/www/html/Yee/View.php(255): Yee\Views\Twig->render('pages/questionF...', NULL)
#8 /var/www/html/Yee/View.php(243): Yee\View->fetch('pages/questionF...', NULL)
#9 /var/www/html/Yee/Yee.php(764): Yee\View->display('pages/questionF...')
#10 /var/www/html/App/Controllers/Question/QuestionController.php(21): Yee\Yee->render('pages/questionF...', Array)
#11 [internal function]: QuestionController->indexAction()
#12 /var/www/html/Yee/Managers/Controller/Controller.php(22): call_user_func_array(Array, Array)
#13 [internal function]: Yee\Managers\Controller\Controller::__callStatic('___indexAction', Array)
#14 [internal function]: QuestionController::___indexAction()
#15 /var/www/html/Yee/Route.php(462): call_user_func_array('QuestionControl...', Array)
#16 /var/www/html/Yee/Yee.php(1333): Yee\Route->dispatch()
#17 /var/www/html/Yee/Middleware/Flash.php(85): Yee\Yee->call()
#18 /var/www/html/Yee/Middleware/MethodOverride.php(92): Yee\Middleware\Flash->call()
#19 /var/www/html/Yee/Middleware/PrettyExceptions.php(67): Yee\Middleware\MethodOverride->call()
#20 /var/www/html/Yee/Yee.php(1278): Yee\Middleware\PrettyExceptions->call()
#21 /var/www/html/index.php(49): Yee\Yee->execute()
#22 {main}
ERROR - 2016-07-27 10:52:48 - exception 'Twig_Error_Syntax' with message 'Unexpected end of template in "pages/questionForm.tpl" at line 93' in /var/www/html/Twig/TokenStream.php:60
Stack trace:
#0 /var/www/html/Twig/TokenParser/For.php(48): Twig_TokenStream->next()
#1 /var/www/html/Twig/Parser.php(187): Twig_TokenParser_For->parse(Object(Twig_Token))
#2 /var/www/html/Twig/Parser.php(95): Twig_Parser->subparse(NULL, false)
#3 /var/www/html/Twig/Environment.php(507): Twig_Parser->parse(Object(Twig_TokenStream))
#4 /var/www/html/Twig/Environment.php(559): Twig_Environment->parse(Object(Twig_TokenStream))
#5 /var/www/html/Twig/Environment.php(334): Twig_Environment->compileSource('{% include "./c...', 'pages/questionF...')
#6 /var/www/html/Yee/Views/Twig.php(87): Twig_Environment->loadTemplate('pages/questionF...')
#7 /var/www/html/Yee/View.php(255): Yee\Views\Twig->render('pages/questionF...', NULL)
#8 /var/www/html/Yee/View.php(243): Yee\View->fetch('pages/questionF...', NULL)
#9 /var/www/html/Yee/Yee.php(764): Yee\View->display('pages/questionF...')
#10 /var/www/html/App/Controllers/Question/QuestionController.php(21): Yee\Yee->render('pages/questionF...', Array)
#11 [internal function]: QuestionController->indexAction()
#12 /var/www/html/Yee/Managers/Controller/Controller.php(22): call_user_func_array(Array, Array)
#13 [internal function]: Yee\Managers\Controller\Controller::__callStatic('___indexAction', Array)
#14 [internal function]: QuestionController::___indexAction()
#15 /var/www/html/Yee/Route.php(462): call_user_func_array('QuestionControl...', Array)
#16 /var/www/html/Yee/Yee.php(1333): Yee\Route->dispatch()
#17 /var/www/html/Yee/Middleware/Flash.php(85): Yee\Yee->call()
#18 /var/www/html/Yee/Middleware/MethodOverride.php(92): Yee\Middleware\Flash->call()
#19 /var/www/html/Yee/Middleware/PrettyExceptions.php(67): Yee\Middleware\MethodOverride->call()
#20 /var/www/html/Yee/Yee.php(1278): Yee\Middleware\PrettyExceptions->call()
#21 /var/www/html/index.php(49): Yee\Yee->execute()
#22 {main}
ERROR - 2016-07-27 12:44:38 - exception 'ErrorException' with message 'Undefined index: username' in /var/www/html/App/Models/MyAccount/MyAccountModel.php:15
Stack trace:
#0 /var/www/html/App/Models/MyAccount/MyAccountModel.php(15): Yee\Yee::handleErrors(8, 'Undefined index...', '/var/www/html/A...', 15, Array)
#1 /var/www/html/App/Controllers/Question/QuestionController.php(35): App\Models\myAccount\MyAccountModel->getAccountDetails()
#2 [internal function]: QuestionController->addArticlePost()
#3 /var/www/html/Yee/Managers/Controller/Controller.php(22): call_user_func_array(Array, Array)
#4 [internal function]: Yee\Managers\Controller\Controller::__callStatic('___addArticlePo...', Array)
#5 [internal function]: QuestionController::___addArticlePost()
#6 /var/www/html/Yee/Route.php(462): call_user_func_array('QuestionControl...', Array)
#7 /var/www/html/Yee/Yee.php(1333): Yee\Route->dispatch()
#8 /var/www/html/Yee/Middleware/Flash.php(85): Yee\Yee->call()
#9 /var/www/html/Yee/Middleware/MethodOverride.php(92): Yee\Middleware\Flash->call()
#10 /var/www/html/Yee/Middleware/PrettyExceptions.php(67): Yee\Middleware\MethodOverride->call()
#11 /var/www/html/Yee/Yee.php(1278): Yee\Middleware\PrettyExceptions->call()
#12 /var/www/html/index.php(49): Yee\Yee->execute()
#13 {main}
ERROR - 2016-07-27 12:47:40 - exception 'ErrorException' with message 'Undefined index: username' in /var/www/html/App/Models/MyAccount/MyAccountModel.php:15
Stack trace:
#0 /var/www/html/App/Models/MyAccount/MyAccountModel.php(15): Yee\Yee::handleErrors(8, 'Undefined index...', '/var/www/html/A...', 15, Array)
#1 /var/www/html/App/Controllers/Question/QuestionController.php(41): App\Models\myAccount\MyAccountModel->getAccountDetails()
#2 [internal function]: QuestionController->addArticlePost()
#3 /var/www/html/Yee/Managers/Controller/Controller.php(22): call_user_func_array(Array, Array)
#4 [internal function]: Yee\Managers\Controller\Controller::__callStatic('___addArticlePo...', Array)
#5 [internal function]: QuestionController::___addArticlePost()
#6 /var/www/html/Yee/Route.php(462): call_user_func_array('QuestionControl...', Array)
#7 /var/www/html/Yee/Yee.php(1333): Yee\Route->dispatch()
#8 /var/www/html/Yee/Middleware/Flash.php(85): Yee\Yee->call()
#9 /var/www/html/Yee/Middleware/MethodOverride.php(92): Yee\Middleware\Flash->call()
#10 /var/www/html/Yee/Middleware/PrettyExceptions.php(67): Yee\Middleware\MethodOverride->call()
#11 /var/www/html/Yee/Yee.php(1278): Yee\Middleware\PrettyExceptions->call()
#12 /var/www/html/index.php(49): Yee\Yee->execute()
#13 {main}
ERROR - 2016-07-27 12:47:43 - exception 'ErrorException' with message 'Missing argument 1 for App\Models\Question\QuestionModel::__construct(), called in /var/www/html/App/Controllers/Question/QuestionController.php on line 18 and defined' in /var/www/html/App/Models/Question/QuestionModel.php:11
Stack trace:
#0 /var/www/html/App/Models/Question/QuestionModel.php(11): Yee\Yee::handleErrors(2, 'Missing argumen...', '/var/www/html/A...', 11, Array)
#1 /var/www/html/App/Controllers/Question/QuestionController.php(18): App\Models\Question\QuestionModel->__construct()
#2 [internal function]: QuestionController->indexAction()
#3 /var/www/html/Yee/Managers/Controller/Controller.php(22): call_user_func_array(Array, Array)
#4 [internal function]: Yee\Managers\Controller\Controller::__callStatic('___indexAction', Array)
#5 [internal function]: QuestionController::___indexAction()
#6 /var/www/html/Yee/Route.php(462): call_user_func_array('QuestionControl...', Array)
#7 /var/www/html/Yee/Yee.php(1333): Yee\Route->dispatch()
#8 /var/www/html/Yee/Middleware/Flash.php(85): Yee\Yee->call()
#9 /var/www/html/Yee/Middleware/MethodOverride.php(92): Yee\Middleware\Flash->call()
#10 /var/www/html/Yee/Middleware/PrettyExceptions.php(67): Yee\Middleware\MethodOverride->call()
#11 /var/www/html/Yee/Yee.php(1278): Yee\Middleware\PrettyExceptions->call()
#12 /var/www/html/index.php(49): Yee\Yee->execute()
#13 {main}
ERROR - 2016-07-27 12:48:08 - exception 'ErrorException' with message 'Missing argument 1 for App\Models\Question\QuestionModel::__construct(), called in /var/www/html/App/Controllers/Question/QuestionController.php on line 18 and defined' in /var/www/html/App/Models/Question/QuestionModel.php:11
Stack trace:
#0 /var/www/html/App/Models/Question/QuestionModel.php(11): Yee\Yee::handleErrors(2, 'Missing argumen...', '/var/www/html/A...', 11, Array)
#1 /var/www/html/App/Controllers/Question/QuestionController.php(18): App\Models\Question\QuestionModel->__construct()
#2 [internal function]: QuestionController->indexAction()
#3 /var/www/html/Yee/Managers/Controller/Controller.php(22): call_user_func_array(Array, Array)
#4 [internal function]: Yee\Managers\Controller\Controller::__callStatic('___indexAction', Array)
#5 [internal function]: QuestionController::___indexAction()
#6 /var/www/html/Yee/Route.php(462): call_user_func_array('QuestionControl...', Array)
#7 /var/www/html/Yee/Yee.php(1333): Yee\Route->dispatch()
#8 /var/www/html/Yee/Middleware/Flash.php(85): Yee\Yee->call()
#9 /var/www/html/Yee/Middleware/MethodOverride.php(92): Yee\Middleware\Flash->call()
#10 /var/www/html/Yee/Middleware/PrettyExceptions.php(67): Yee\Middleware\MethodOverride->call()
#11 /var/www/html/Yee/Yee.php(1278): Yee\Middleware\PrettyExceptions->call()
#12 /var/www/html/index.php(49): Yee\Yee->execute()
#13 {main}
ERROR - 2016-07-27 12:49:34 - exception 'ErrorException' with message 'Missing argument 1 for App\Models\Question\QuestionModel::__construct(), called in /var/www/html/App/Controllers/Question/QuestionController.php on line 18 and defined' in /var/www/html/App/Models/Question/QuestionModel.php:11
Stack trace:
#0 /var/www/html/App/Models/Question/QuestionModel.php(11): Yee\Yee::handleErrors(2, 'Missing argumen...', '/var/www/html/A...', 11, Array)
#1 /var/www/html/App/Controllers/Question/QuestionController.php(18): App\Models\Question\QuestionModel->__construct()
#2 [internal function]: QuestionController->indexAction()
#3 /var/www/html/Yee/Managers/Controller/Controller.php(22): call_user_func_array(Array, Array)
#4 [internal function]: Yee\Managers\Controller\Controller::__callStatic('___indexAction', Array)
#5 [internal function]: QuestionController::___indexAction()
#6 /var/www/html/Yee/Route.php(462): call_user_func_array('QuestionControl...', Array)
#7 /var/www/html/Yee/Yee.php(1333): Yee\Route->dispatch()
#8 /var/www/html/Yee/Middleware/Flash.php(85): Yee\Yee->call()
#9 /var/www/html/Yee/Middleware/MethodOverride.php(92): Yee\Middleware\Flash->call()
#10 /var/www/html/Yee/Middleware/PrettyExceptions.php(67): Yee\Middleware\MethodOverride->call()
#11 /var/www/html/Yee/Yee.php(1278): Yee\Middleware\PrettyExceptions->call()
#12 /var/www/html/index.php(49): Yee\Yee->execute()
#13 {main}
ERROR - 2016-07-27 12:49:35 - exception 'ErrorException' with message 'Missing argument 1 for App\Models\Question\QuestionModel::__construct(), called in /var/www/html/App/Controllers/Question/QuestionController.php on line 18 and defined' in /var/www/html/App/Models/Question/QuestionModel.php:11
Stack trace:
#0 /var/www/html/App/Models/Question/QuestionModel.php(11): Yee\Yee::handleErrors(2, 'Missing argumen...', '/var/www/html/A...', 11, Array)
#1 /var/www/html/App/Controllers/Question/QuestionController.php(18): App\Models\Question\QuestionModel->__construct()
#2 [internal function]: QuestionController->indexAction()
#3 /var/www/html/Yee/Managers/Controller/Controller.php(22): call_user_func_array(Array, Array)
#4 [internal function]: Yee\Managers\Controller\Controller::__callStatic('___indexAction', Array)
#5 [internal function]: QuestionController::___indexAction()
#6 /var/www/html/Yee/Route.php(462): call_user_func_array('QuestionControl...', Array)
#7 /var/www/html/Yee/Yee.php(1333): Yee\Route->dispatch()
#8 /var/www/html/Yee/Middleware/Flash.php(85): Yee\Yee->call()
#9 /var/www/html/Yee/Middleware/MethodOverride.php(92): Yee\Middleware\Flash->call()
#10 /var/www/html/Yee/Middleware/PrettyExceptions.php(67): Yee\Middleware\MethodOverride->call()
#11 /var/www/html/Yee/Yee.php(1278): Yee\Middleware\PrettyExceptions->call()
#12 /var/www/html/index.php(49): Yee\Yee->execute()
#13 {main}
ERROR - 2016-07-27 12:54:08 - exception 'ErrorException' with message 'Problem preparing query (SELECT id, title, author, date, content, category_id, main_picture FROM questions) Unknown column 'author' in 'field list'' in /var/www/html/Yee/Libraries/Database/MysqliDB.php:909
Stack trace:
#0 [internal function]: Yee\Yee::handleErrors(256, 'Problem prepari...', '/var/www/html/Y...', 909, Array)
#1 /var/www/html/Yee/Libraries/Database/MysqliDB.php(909): trigger_error('Problem prepari...', 256)
#2 /var/www/html/Yee/Libraries/Database/MysqliDB.php(648): Yee\Libraries\Database\MysqliDB->_prepareQuery()
#3 /var/www/html/Yee/Libraries/Database/MysqliDB.php(273): Yee\Libraries\Database\MysqliDB->_buildQuery(NULL)
#4 /var/www/html/App/Models/Question/QuestionListModel.php(20): Yee\Libraries\Database\MysqliDB->get('questions', NULL, Array)
#5 /var/www/html/App/Controllers/Question/QuestionController.php(20): App\Models\Question\QuestionListModel->questionList()
#6 [internal function]: QuestionController->indexAction()
#7 /var/www/html/Yee/Managers/Controller/Controller.php(22): call_user_func_array(Array, Array)
#8 [internal function]: Yee\Managers\Controller\Controller::__callStatic('___indexAction', Array)
#9 [internal function]: QuestionController::___indexAction()
#10 /var/www/html/Yee/Route.php(462): call_user_func_array('QuestionControl...', Array)
#11 /var/www/html/Yee/Yee.php(1333): Yee\Route->dispatch()
#12 /var/www/html/Yee/Middleware/Flash.php(85): Yee\Yee->call()
#13 /var/www/html/Yee/Middleware/MethodOverride.php(92): Yee\Middleware\Flash->call()
#14 /var/www/html/Yee/Middleware/PrettyExceptions.php(67): Yee\Middleware\MethodOverride->call()
#15 /var/www/html/Yee/Yee.php(1278): Yee\Middleware\PrettyExceptions->call()
#16 /var/www/html/index.php(49): Yee\Yee->execute()
#17 {main}
ERROR - 2016-07-27 12:54:11 - exception 'ErrorException' with message 'Problem preparing query (SELECT id, title, author, date, content, category_id, main_picture FROM questions) Unknown column 'author' in 'field list'' in /var/www/html/Yee/Libraries/Database/MysqliDB.php:909
Stack trace:
#0 [internal function]: Yee\Yee::handleErrors(256, 'Problem prepari...', '/var/www/html/Y...', 909, Array)
#1 /var/www/html/Yee/Libraries/Database/MysqliDB.php(909): trigger_error('Problem prepari...', 256)
#2 /var/www/html/Yee/Libraries/Database/MysqliDB.php(648): Yee\Libraries\Database\MysqliDB->_prepareQuery()
#3 /var/www/html/Yee/Libraries/Database/MysqliDB.php(273): Yee\Libraries\Database\MysqliDB->_buildQuery(NULL)
#4 /var/www/html/App/Models/Question/QuestionListModel.php(20): Yee\Libraries\Database\MysqliDB->get('questions', NULL, Array)
#5 /var/www/html/App/Controllers/Question/QuestionController.php(20): App\Models\Question\QuestionListModel->questionList()
#6 [internal function]: QuestionController->indexAction()
#7 /var/www/html/Yee/Managers/Controller/Controller.php(22): call_user_func_array(Array, Array)
#8 [internal function]: Yee\Managers\Controller\Controller::__callStatic('___indexAction', Array)
#9 [internal function]: QuestionController::___indexAction()
#10 /var/www/html/Yee/Route.php(462): call_user_func_array('QuestionControl...', Array)
#11 /var/www/html/Yee/Yee.php(1333): Yee\Route->dispatch()
#12 /var/www/html/Yee/Middleware/Flash.php(85): Yee\Yee->call()
#13 /var/www/html/Yee/Middleware/MethodOverride.php(92): Yee\Middleware\Flash->call()
#14 /var/www/html/Yee/Middleware/PrettyExceptions.php(67): Yee\Middleware\MethodOverride->call()
#15 /var/www/html/Yee/Yee.php(1278): Yee\Middleware\PrettyExceptions->call()
#16 /var/www/html/index.php(49): Yee\Yee->execute()
#17 {main}
ERROR - 2016-07-27 13:01:57 - exception 'ErrorException' with message 'Undefined index: islogged' in /var/www/html/App/Controllers/Question/QuestionController.php:23
Stack trace:
#0 /var/www/html/App/Controllers/Question/QuestionController.php(23): Yee\Yee::handleErrors(8, 'Undefined index...', '/var/www/html/A...', 23, Array)
#1 [internal function]: QuestionController->indexAction()
#2 /var/www/html/Yee/Managers/Controller/Controller.php(22): call_user_func_array(Array, Array)
#3 [internal function]: Yee\Managers\Controller\Controller::__callStatic('___indexAction', Array)
#4 [internal function]: QuestionController::___indexAction()
#5 /var/www/html/Yee/Route.php(462): call_user_func_array('QuestionControl...', Array)
#6 /var/www/html/Yee/Yee.php(1333): Yee\Route->dispatch()
#7 /var/www/html/Yee/Middleware/Flash.php(85): Yee\Yee->call()
#8 /var/www/html/Yee/Middleware/MethodOverride.php(92): Yee\Middleware\Flash->call()
#9 /var/www/html/Yee/Middleware/PrettyExceptions.php(67): Yee\Middleware\MethodOverride->call()
#10 /var/www/html/Yee/Yee.php(1278): Yee\Middleware\PrettyExceptions->call()
#11 /var/www/html/index.php(49): Yee\Yee->execute()
#12 {main}
ERROR - 2016-07-27 13:09:41 - exception 'ErrorException' with message 'Undefined index: username' in /var/www/html/App/Models/MyAccount/MyAccountModel.php:15
Stack trace:
#0 /var/www/html/App/Models/MyAccount/MyAccountModel.php(15): Yee\Yee::handleErrors(8, 'Undefined index...', '/var/www/html/A...', 15, Array)
#1 /var/www/html/App/Controllers/Question/QuestionController.php(49): App\Models\myAccount\MyAccountModel->getAccountDetails()
#2 [internal function]: QuestionController->addArticlePost()
#3 /var/www/html/Yee/Managers/Controller/Controller.php(22): call_user_func_array(Array, Array)
#4 [internal function]: Yee\Managers\Controller\Controller::__callStatic('___addArticlePo...', Array)
#5 [internal function]: QuestionController::___addArticlePost()
#6 /var/www/html/Yee/Route.php(462): call_user_func_array('QuestionControl...', Array)
#7 /var/www/html/Yee/Yee.php(1333): Yee\Route->dispatch()
#8 /var/www/html/Yee/Middleware/Flash.php(85): Yee\Yee->call()
#9 /var/www/html/Yee/Middleware/MethodOverride.php(92): Yee\Middleware\Flash->call()
#10 /var/www/html/Yee/Middleware/PrettyExceptions.php(67): Yee\Middleware\MethodOverride->call()
#11 /var/www/html/Yee/Yee.php(1278): Yee\Middleware\PrettyExceptions->call()
#12 /var/www/html/index.php(49): Yee\Yee->execute()
#13 {main}
