ERROR - 2016-07-08 08:17:31 - exception 'Twig_Error_Loader' with message 'Unable to find template ".commonheader.tpl" (looked into: ./templates) in "pages/signup.tpl" at line 1.' in /var/www/html/Twig/Loader/Filesystem.php:191
Stack trace:
#0 /var/www/html/Twig/Loader/Filesystem.php(138): Twig_Loader_Filesystem->findTemplate('.commonheader.t...')
#1 /var/www/html/Twig/Environment.php(265): Twig_Loader_Filesystem->getCacheKey('.commonheader.t...')
#2 /var/www/html/Twig/Environment.php(323): Twig_Environment->getTemplateClass('.commonheader.t...', NULL)
#3 /var/www/html/cache/templates_c/02/ce/9d6e49282a54f0be5c5ed44424e7ad67d07f6b07dd05d1da18c632f264f7.php(19): Twig_Environment->loadTemplate('.commonheader.t...')
#4 /var/www/html/Twig/Template.php(279): __TwigTemplate_02ce9d6e49282a54f0be5c5ed44424e7ad67d07f6b07dd05d1da18c632f264f7->doDisplay(Array, Array)
#5 /var/www/html/Twig/Template.php(253): Twig_Template->displayWithErrorHandling(Array, Array)
#6 /var/www/html/Twig/Template.php(264): Twig_Template->display(Array)
#7 /var/www/html/Yee/Views/Twig.php(91): Twig_Template->render(Array)
#8 /var/www/html/Yee/View.php(255): Yee\Views\Twig->render('pages/signup.tp...', NULL)
#9 /var/www/html/Yee/View.php(243): Yee\View->fetch('pages/signup.tp...', NULL)
#10 /var/www/html/Yee/Yee.php(764): Yee\View->display('pages/signup.tp...')
#11 /var/www/html/App/Controllers/Signup/SignupController.php(22): Yee\Yee->render('pages/signup.tp...', Array)
#12 [internal function]: SignupController->indexAction()
#13 /var/www/html/Yee/Managers/Controller/Controller.php(22): call_user_func_array(Array, Array)
#14 [internal function]: Yee\Managers\Controller\Controller::__callStatic('___indexAction', Array)
#15 [internal function]: SignupController::___indexAction()
#16 /var/www/html/Yee/Route.php(462): call_user_func_array('SignupControlle...', Array)
#17 /var/www/html/Yee/Yee.php(1333): Yee\Route->dispatch()
#18 /var/www/html/Yee/Middleware/Flash.php(85): Yee\Yee->call()
#19 /var/www/html/Yee/Middleware/MethodOverride.php(92): Yee\Middleware\Flash->call()
#20 /var/www/html/Yee/Middleware/PrettyExceptions.php(67): Yee\Middleware\MethodOverride->call()
#21 /var/www/html/Yee/Yee.php(1278): Yee\Middleware\PrettyExceptions->call()
#22 /var/www/html/index.php(48): Yee\Yee->execute()
#23 {main}
