ERROR - 2016-07-11 08:31:18 - exception 'ErrorException' with message 'Illegal string offset 'email'' in /var/www/html/App/Controllers/Signup/SignupController.php:39
Stack trace:
#0 /var/www/html/App/Controllers/Signup/SignupController.php(39): Yee\Yee::handleErrors(2, 'Illegal string ...', '/var/www/html/A...', 39, Array)
#1 [internal function]: SignupController->indexPostAction()
#2 /var/www/html/Yee/Managers/Controller/Controller.php(22): call_user_func_array(Array, Array)
#3 [internal function]: Yee\Managers\Controller\Controller::__callStatic('___indexPostAct...', Array)
#4 [internal function]: SignupController::___indexPostAction()
#5 /var/www/html/Yee/Route.php(462): call_user_func_array('SignupControlle...', Array)
#6 /var/www/html/Yee/Yee.php(1333): Yee\Route->dispatch()
#7 /var/www/html/Yee/Middleware/Flash.php(85): Yee\Yee->call()
#8 /var/www/html/Yee/Middleware/MethodOverride.php(92): Yee\Middleware\Flash->call()
#9 /var/www/html/Yee/Middleware/PrettyExceptions.php(67): Yee\Middleware\MethodOverride->call()
#10 /var/www/html/Yee/Yee.php(1278): Yee\Middleware\PrettyExceptions->call()
#11 /var/www/html/index.php(48): Yee\Yee->execute()
#12 {main}
ERROR - 2016-07-11 10:28:41 - exception 'ErrorException' with message 'preg_match(): No ending delimiter '/' found' in /var/www/html/App/Models/Signup/SignupModel.php:24
Stack trace:
#0 [internal function]: Yee\Yee::handleErrors(2, 'preg_match(): N...', '/var/www/html/A...', 24, Array)
#1 /var/www/html/App/Models/Signup/SignupModel.php(24): preg_match('/[a-zA-Z0-9]+', '123456')
#2 /var/www/html/App/Controllers/Signup/SignupController.php(44): App\Models\Signup\SignupModel->validatePassword('123456', '123456')
#3 [internal function]: SignupController->indexPostAction()
#4 /var/www/html/Yee/Managers/Controller/Controller.php(22): call_user_func_array(Array, Array)
#5 [internal function]: Yee\Managers\Controller\Controller::__callStatic('___indexPostAct...', Array)
#6 [internal function]: SignupController::___indexPostAction()
#7 /var/www/html/Yee/Route.php(462): call_user_func_array('SignupControlle...', Array)
#8 /var/www/html/Yee/Yee.php(1333): Yee\Route->dispatch()
#9 /var/www/html/Yee/Middleware/Flash.php(85): Yee\Yee->call()
#10 /var/www/html/Yee/Middleware/MethodOverride.php(92): Yee\Middleware\Flash->call()
#11 /var/www/html/Yee/Middleware/PrettyExceptions.php(67): Yee\Middleware\MethodOverride->call()
#12 /var/www/html/Yee/Yee.php(1278): Yee\Middleware\PrettyExceptions->call()
#13 /var/www/html/index.php(48): Yee\Yee->execute()
#14 {main}
ERROR - 2016-07-11 10:57:27 - exception 'ErrorException' with message 'Undefined variable: signupFormData' in /var/www/html/App/Controllers/Signup/SignupController.php:41
Stack trace:
#0 /var/www/html/App/Controllers/Signup/SignupController.php(41): Yee\Yee::handleErrors(8, 'Undefined varia...', '/var/www/html/A...', 41, Array)
#1 [internal function]: SignupController->indexPostAction()
#2 /var/www/html/Yee/Managers/Controller/Controller.php(22): call_user_func_array(Array, Array)
#3 [internal function]: Yee\Managers\Controller\Controller::__callStatic('___indexPostAct...', Array)
#4 [internal function]: SignupController::___indexPostAction()
#5 /var/www/html/Yee/Route.php(462): call_user_func_array('SignupControlle...', Array)
#6 /var/www/html/Yee/Yee.php(1333): Yee\Route->dispatch()
#7 /var/www/html/Yee/Middleware/Flash.php(85): Yee\Yee->call()
#8 /var/www/html/Yee/Middleware/MethodOverride.php(92): Yee\Middleware\Flash->call()
#9 /var/www/html/Yee/Middleware/PrettyExceptions.php(67): Yee\Middleware\MethodOverride->call()
#10 /var/www/html/Yee/Yee.php(1278): Yee\Middleware\PrettyExceptions->call()
#11 /var/www/html/index.php(48): Yee\Yee->execute()
#12 {main}
