ERROR - 2016-07-28 08:59:57 - exception 'ErrorException' with message 'Missing argument 3 for App\Models\Question\QuestionModel::__construct(), called in /var/www/html/App/Controllers/ajax/AjaxController.php on line 172 and defined' in /var/www/html/App/Models/Question/QuestionModel.php:12
Stack trace:
#0 /var/www/html/App/Models/Question/QuestionModel.php(12): Yee\Yee::handleErrors(2, 'Missing argumen...', '/var/www/html/A...', 12, Array)
#1 /var/www/html/App/Controllers/ajax/AjaxController.php(172): App\Models\Question\QuestionModel->__construct('33333333', '<p>CategoryExpe...')
#2 [internal function]: AjaxController->addQuestion()
#3 /var/www/html/Yee/Managers/Controller/Controller.php(22): call_user_func_array(Array, Array)
#4 [internal function]: Yee\Managers\Controller\Controller::__callStatic('___addQuestion', Array)
#5 [internal function]: AjaxController::___addQuestion()
#6 /var/www/html/Yee/Route.php(462): call_user_func_array('AjaxController:...', Array)
#7 /var/www/html/Yee/Yee.php(1333): Yee\Route->dispatch()
#8 /var/www/html/Yee/Middleware/Flash.php(85): Yee\Yee->call()
#9 /var/www/html/Yee/Middleware/MethodOverride.php(92): Yee\Middleware\Flash->call()
#10 /var/www/html/Yee/Middleware/PrettyExceptions.php(67): Yee\Middleware\MethodOverride->call()
#11 /var/www/html/Yee/Yee.php(1278): Yee\Middleware\PrettyExceptions->call()
#12 /var/www/html/index.php(49): Yee\Yee->execute()
#13 {main}
ERROR - 2016-07-28 09:00:00 - exception 'ErrorException' with message 'Missing argument 3 for App\Models\Question\QuestionModel::__construct(), called in /var/www/html/App/Controllers/ajax/AjaxController.php on line 172 and defined' in /var/www/html/App/Models/Question/QuestionModel.php:12
Stack trace:
#0 /var/www/html/App/Models/Question/QuestionModel.php(12): Yee\Yee::handleErrors(2, 'Missing argumen...', '/var/www/html/A...', 12, Array)
#1 /var/www/html/App/Controllers/ajax/AjaxController.php(172): App\Models\Question\QuestionModel->__construct('33333333', '<p>CategoryExpe...')
#2 [internal function]: AjaxController->addQuestion()
#3 /var/www/html/Yee/Managers/Controller/Controller.php(22): call_user_func_array(Array, Array)
#4 [internal function]: Yee\Managers\Controller\Controller::__callStatic('___addQuestion', Array)
#5 [internal function]: AjaxController::___addQuestion()
#6 /var/www/html/Yee/Route.php(462): call_user_func_array('AjaxController:...', Array)
#7 /var/www/html/Yee/Yee.php(1333): Yee\Route->dispatch()
#8 /var/www/html/Yee/Middleware/Flash.php(85): Yee\Yee->call()
#9 /var/www/html/Yee/Middleware/MethodOverride.php(92): Yee\Middleware\Flash->call()
#10 /var/www/html/Yee/Middleware/PrettyExceptions.php(67): Yee\Middleware\MethodOverride->call()
#11 /var/www/html/Yee/Yee.php(1278): Yee\Middleware\PrettyExceptions->call()
#12 /var/www/html/index.php(49): Yee\Yee->execute()
#13 {main}
ERROR - 2016-07-28 09:00:01 - exception 'ErrorException' with message 'Missing argument 3 for App\Models\Question\QuestionModel::__construct(), called in /var/www/html/App/Controllers/ajax/AjaxController.php on line 172 and defined' in /var/www/html/App/Models/Question/QuestionModel.php:12
Stack trace:
#0 /var/www/html/App/Models/Question/QuestionModel.php(12): Yee\Yee::handleErrors(2, 'Missing argumen...', '/var/www/html/A...', 12, Array)
#1 /var/www/html/App/Controllers/ajax/AjaxController.php(172): App\Models\Question\QuestionModel->__construct('33333333', '<p>CategoryExpe...')
#2 [internal function]: AjaxController->addQuestion()
#3 /var/www/html/Yee/Managers/Controller/Controller.php(22): call_user_func_array(Array, Array)
#4 [internal function]: Yee\Managers\Controller\Controller::__callStatic('___addQuestion', Array)
#5 [internal function]: AjaxController::___addQuestion()
#6 /var/www/html/Yee/Route.php(462): call_user_func_array('AjaxController:...', Array)
#7 /var/www/html/Yee/Yee.php(1333): Yee\Route->dispatch()
#8 /var/www/html/Yee/Middleware/Flash.php(85): Yee\Yee->call()
#9 /var/www/html/Yee/Middleware/MethodOverride.php(92): Yee\Middleware\Flash->call()
#10 /var/www/html/Yee/Middleware/PrettyExceptions.php(67): Yee\Middleware\MethodOverride->call()
#11 /var/www/html/Yee/Yee.php(1278): Yee\Middleware\PrettyExceptions->call()
#12 /var/www/html/index.php(49): Yee\Yee->execute()
#13 {main}
ERROR - 2016-07-28 09:00:01 - exception 'ErrorException' with message 'Missing argument 3 for App\Models\Question\QuestionModel::__construct(), called in /var/www/html/App/Controllers/ajax/AjaxController.php on line 172 and defined' in /var/www/html/App/Models/Question/QuestionModel.php:12
Stack trace:
#0 /var/www/html/App/Models/Question/QuestionModel.php(12): Yee\Yee::handleErrors(2, 'Missing argumen...', '/var/www/html/A...', 12, Array)
#1 /var/www/html/App/Controllers/ajax/AjaxController.php(172): App\Models\Question\QuestionModel->__construct('33333333', '<p>CategoryExpe...')
#2 [internal function]: AjaxController->addQuestion()
#3 /var/www/html/Yee/Managers/Controller/Controller.php(22): call_user_func_array(Array, Array)
#4 [internal function]: Yee\Managers\Controller\Controller::__callStatic('___addQuestion', Array)
#5 [internal function]: AjaxController::___addQuestion()
#6 /var/www/html/Yee/Route.php(462): call_user_func_array('AjaxController:...', Array)
#7 /var/www/html/Yee/Yee.php(1333): Yee\Route->dispatch()
#8 /var/www/html/Yee/Middleware/Flash.php(85): Yee\Yee->call()
#9 /var/www/html/Yee/Middleware/MethodOverride.php(92): Yee\Middleware\Flash->call()
#10 /var/www/html/Yee/Middleware/PrettyExceptions.php(67): Yee\Middleware\MethodOverride->call()
#11 /var/www/html/Yee/Yee.php(1278): Yee\Middleware\PrettyExceptions->call()
#12 /var/www/html/index.php(49): Yee\Yee->execute()
#13 {main}
ERROR - 2016-07-28 09:00:03 - exception 'ErrorException' with message 'Missing argument 3 for App\Models\Question\QuestionModel::__construct(), called in /var/www/html/App/Controllers/ajax/AjaxController.php on line 172 and defined' in /var/www/html/App/Models/Question/QuestionModel.php:12
Stack trace:
#0 /var/www/html/App/Models/Question/QuestionModel.php(12): Yee\Yee::handleErrors(2, 'Missing argumen...', '/var/www/html/A...', 12, Array)
#1 /var/www/html/App/Controllers/ajax/AjaxController.php(172): App\Models\Question\QuestionModel->__construct('33333333', '<p>CategoryExpe...')
#2 [internal function]: AjaxController->addQuestion()
#3 /var/www/html/Yee/Managers/Controller/Controller.php(22): call_user_func_array(Array, Array)
#4 [internal function]: Yee\Managers\Controller\Controller::__callStatic('___addQuestion', Array)
#5 [internal function]: AjaxController::___addQuestion()
#6 /var/www/html/Yee/Route.php(462): call_user_func_array('AjaxController:...', Array)
#7 /var/www/html/Yee/Yee.php(1333): Yee\Route->dispatch()
#8 /var/www/html/Yee/Middleware/Flash.php(85): Yee\Yee->call()
#9 /var/www/html/Yee/Middleware/MethodOverride.php(92): Yee\Middleware\Flash->call()
#10 /var/www/html/Yee/Middleware/PrettyExceptions.php(67): Yee\Middleware\MethodOverride->call()
#11 /var/www/html/Yee/Yee.php(1278): Yee\Middleware\PrettyExceptions->call()
#12 /var/www/html/index.php(49): Yee\Yee->execute()
#13 {main}
ERROR - 2016-07-28 09:00:03 - exception 'ErrorException' with message 'Missing argument 3 for App\Models\Question\QuestionModel::__construct(), called in /var/www/html/App/Controllers/ajax/AjaxController.php on line 172 and defined' in /var/www/html/App/Models/Question/QuestionModel.php:12
Stack trace:
#0 /var/www/html/App/Models/Question/QuestionModel.php(12): Yee\Yee::handleErrors(2, 'Missing argumen...', '/var/www/html/A...', 12, Array)
#1 /var/www/html/App/Controllers/ajax/AjaxController.php(172): App\Models\Question\QuestionModel->__construct('33333333', '<p>CategoryExpe...')
#2 [internal function]: AjaxController->addQuestion()
#3 /var/www/html/Yee/Managers/Controller/Controller.php(22): call_user_func_array(Array, Array)
#4 [internal function]: Yee\Managers\Controller\Controller::__callStatic('___addQuestion', Array)
#5 [internal function]: AjaxController::___addQuestion()
#6 /var/www/html/Yee/Route.php(462): call_user_func_array('AjaxController:...', Array)
#7 /var/www/html/Yee/Yee.php(1333): Yee\Route->dispatch()
#8 /var/www/html/Yee/Middleware/Flash.php(85): Yee\Yee->call()
#9 /var/www/html/Yee/Middleware/MethodOverride.php(92): Yee\Middleware\Flash->call()
#10 /var/www/html/Yee/Middleware/PrettyExceptions.php(67): Yee\Middleware\MethodOverride->call()
#11 /var/www/html/Yee/Yee.php(1278): Yee\Middleware\PrettyExceptions->call()
#12 /var/www/html/index.php(49): Yee\Yee->execute()
#13 {main}
ERROR - 2016-07-28 09:00:03 - exception 'ErrorException' with message 'Missing argument 3 for App\Models\Question\QuestionModel::__construct(), called in /var/www/html/App/Controllers/ajax/AjaxController.php on line 172 and defined' in /var/www/html/App/Models/Question/QuestionModel.php:12
Stack trace:
#0 /var/www/html/App/Models/Question/QuestionModel.php(12): Yee\Yee::handleErrors(2, 'Missing argumen...', '/var/www/html/A...', 12, Array)
#1 /var/www/html/App/Controllers/ajax/AjaxController.php(172): App\Models\Question\QuestionModel->__construct('33333333', '<p>CategoryExpe...')
#2 [internal function]: AjaxController->addQuestion()
#3 /var/www/html/Yee/Managers/Controller/Controller.php(22): call_user_func_array(Array, Array)
#4 [internal function]: Yee\Managers\Controller\Controller::__callStatic('___addQuestion', Array)
#5 [internal function]: AjaxController::___addQuestion()
#6 /var/www/html/Yee/Route.php(462): call_user_func_array('AjaxController:...', Array)
#7 /var/www/html/Yee/Yee.php(1333): Yee\Route->dispatch()
#8 /var/www/html/Yee/Middleware/Flash.php(85): Yee\Yee->call()
#9 /var/www/html/Yee/Middleware/MethodOverride.php(92): Yee\Middleware\Flash->call()
#10 /var/www/html/Yee/Middleware/PrettyExceptions.php(67): Yee\Middleware\MethodOverride->call()
#11 /var/www/html/Yee/Yee.php(1278): Yee\Middleware\PrettyExceptions->call()
#12 /var/www/html/index.php(49): Yee\Yee->execute()
#13 {main}
ERROR - 2016-07-28 09:00:04 - exception 'ErrorException' with message 'Missing argument 3 for App\Models\Question\QuestionModel::__construct(), called in /var/www/html/App/Controllers/ajax/AjaxController.php on line 172 and defined' in /var/www/html/App/Models/Question/QuestionModel.php:12
Stack trace:
#0 /var/www/html/App/Models/Question/QuestionModel.php(12): Yee\Yee::handleErrors(2, 'Missing argumen...', '/var/www/html/A...', 12, Array)
#1 /var/www/html/App/Controllers/ajax/AjaxController.php(172): App\Models\Question\QuestionModel->__construct('33333333', '<p>CategoryExpe...')
#2 [internal function]: AjaxController->addQuestion()
#3 /var/www/html/Yee/Managers/Controller/Controller.php(22): call_user_func_array(Array, Array)
#4 [internal function]: Yee\Managers\Controller\Controller::__callStatic('___addQuestion', Array)
#5 [internal function]: AjaxController::___addQuestion()
#6 /var/www/html/Yee/Route.php(462): call_user_func_array('AjaxController:...', Array)
#7 /var/www/html/Yee/Yee.php(1333): Yee\Route->dispatch()
#8 /var/www/html/Yee/Middleware/Flash.php(85): Yee\Yee->call()
#9 /var/www/html/Yee/Middleware/MethodOverride.php(92): Yee\Middleware\Flash->call()
#10 /var/www/html/Yee/Middleware/PrettyExceptions.php(67): Yee\Middleware\MethodOverride->call()
#11 /var/www/html/Yee/Yee.php(1278): Yee\Middleware\PrettyExceptions->call()
#12 /var/www/html/index.php(49): Yee\Yee->execute()
#13 {main}
ERROR - 2016-07-28 09:00:04 - exception 'ErrorException' with message 'Missing argument 3 for App\Models\Question\QuestionModel::__construct(), called in /var/www/html/App/Controllers/ajax/AjaxController.php on line 172 and defined' in /var/www/html/App/Models/Question/QuestionModel.php:12
Stack trace:
#0 /var/www/html/App/Models/Question/QuestionModel.php(12): Yee\Yee::handleErrors(2, 'Missing argumen...', '/var/www/html/A...', 12, Array)
#1 /var/www/html/App/Controllers/ajax/AjaxController.php(172): App\Models\Question\QuestionModel->__construct('33333333', '<p>CategoryExpe...')
#2 [internal function]: AjaxController->addQuestion()
#3 /var/www/html/Yee/Managers/Controller/Controller.php(22): call_user_func_array(Array, Array)
#4 [internal function]: Yee\Managers\Controller\Controller::__callStatic('___addQuestion', Array)
#5 [internal function]: AjaxController::___addQuestion()
#6 /var/www/html/Yee/Route.php(462): call_user_func_array('AjaxController:...', Array)
#7 /var/www/html/Yee/Yee.php(1333): Yee\Route->dispatch()
#8 /var/www/html/Yee/Middleware/Flash.php(85): Yee\Yee->call()
#9 /var/www/html/Yee/Middleware/MethodOverride.php(92): Yee\Middleware\Flash->call()
#10 /var/www/html/Yee/Middleware/PrettyExceptions.php(67): Yee\Middleware\MethodOverride->call()
#11 /var/www/html/Yee/Yee.php(1278): Yee\Middleware\PrettyExceptions->call()
#12 /var/www/html/index.php(49): Yee\Yee->execute()
#13 {main}
ERROR - 2016-07-28 09:00:11 - exception 'ErrorException' with message 'Missing argument 3 for App\Models\Question\QuestionModel::__construct(), called in /var/www/html/App/Controllers/ajax/AjaxController.php on line 172 and defined' in /var/www/html/App/Models/Question/QuestionModel.php:12
Stack trace:
#0 /var/www/html/App/Models/Question/QuestionModel.php(12): Yee\Yee::handleErrors(2, 'Missing argumen...', '/var/www/html/A...', 12, Array)
#1 /var/www/html/App/Controllers/ajax/AjaxController.php(172): App\Models\Question\QuestionModel->__construct('33333333', '<p>CategoryExpe...')
#2 [internal function]: AjaxController->addQuestion()
#3 /var/www/html/Yee/Managers/Controller/Controller.php(22): call_user_func_array(Array, Array)
#4 [internal function]: Yee\Managers\Controller\Controller::__callStatic('___addQuestion', Array)
#5 [internal function]: AjaxController::___addQuestion()
#6 /var/www/html/Yee/Route.php(462): call_user_func_array('AjaxController:...', Array)
#7 /var/www/html/Yee/Yee.php(1333): Yee\Route->dispatch()
#8 /var/www/html/Yee/Middleware/Flash.php(85): Yee\Yee->call()
#9 /var/www/html/Yee/Middleware/MethodOverride.php(92): Yee\Middleware\Flash->call()
#10 /var/www/html/Yee/Middleware/PrettyExceptions.php(67): Yee\Middleware\MethodOverride->call()
#11 /var/www/html/Yee/Yee.php(1278): Yee\Middleware\PrettyExceptions->call()
#12 /var/www/html/index.php(49): Yee\Yee->execute()
#13 {main}
ERROR - 2016-07-28 09:00:12 - exception 'ErrorException' with message 'Missing argument 3 for App\Models\Question\QuestionModel::__construct(), called in /var/www/html/App/Controllers/ajax/AjaxController.php on line 172 and defined' in /var/www/html/App/Models/Question/QuestionModel.php:12
Stack trace:
#0 /var/www/html/App/Models/Question/QuestionModel.php(12): Yee\Yee::handleErrors(2, 'Missing argumen...', '/var/www/html/A...', 12, Array)
#1 /var/www/html/App/Controllers/ajax/AjaxController.php(172): App\Models\Question\QuestionModel->__construct('33333333', '<p>CategoryExpe...')
#2 [internal function]: AjaxController->addQuestion()
#3 /var/www/html/Yee/Managers/Controller/Controller.php(22): call_user_func_array(Array, Array)
#4 [internal function]: Yee\Managers\Controller\Controller::__callStatic('___addQuestion', Array)
#5 [internal function]: AjaxController::___addQuestion()
#6 /var/www/html/Yee/Route.php(462): call_user_func_array('AjaxController:...', Array)
#7 /var/www/html/Yee/Yee.php(1333): Yee\Route->dispatch()
#8 /var/www/html/Yee/Middleware/Flash.php(85): Yee\Yee->call()
#9 /var/www/html/Yee/Middleware/MethodOverride.php(92): Yee\Middleware\Flash->call()
#10 /var/www/html/Yee/Middleware/PrettyExceptions.php(67): Yee\Middleware\MethodOverride->call()
#11 /var/www/html/Yee/Yee.php(1278): Yee\Middleware\PrettyExceptions->call()
#12 /var/www/html/index.php(49): Yee\Yee->execute()
#13 {main}
ERROR - 2016-07-28 09:00:12 - exception 'ErrorException' with message 'Missing argument 3 for App\Models\Question\QuestionModel::__construct(), called in /var/www/html/App/Controllers/ajax/AjaxController.php on line 172 and defined' in /var/www/html/App/Models/Question/QuestionModel.php:12
Stack trace:
#0 /var/www/html/App/Models/Question/QuestionModel.php(12): Yee\Yee::handleErrors(2, 'Missing argumen...', '/var/www/html/A...', 12, Array)
#1 /var/www/html/App/Controllers/ajax/AjaxController.php(172): App\Models\Question\QuestionModel->__construct('33333333', '<p>CategoryExpe...')
#2 [internal function]: AjaxController->addQuestion()
#3 /var/www/html/Yee/Managers/Controller/Controller.php(22): call_user_func_array(Array, Array)
#4 [internal function]: Yee\Managers\Controller\Controller::__callStatic('___addQuestion', Array)
#5 [internal function]: AjaxController::___addQuestion()
#6 /var/www/html/Yee/Route.php(462): call_user_func_array('AjaxController:...', Array)
#7 /var/www/html/Yee/Yee.php(1333): Yee\Route->dispatch()
#8 /var/www/html/Yee/Middleware/Flash.php(85): Yee\Yee->call()
#9 /var/www/html/Yee/Middleware/MethodOverride.php(92): Yee\Middleware\Flash->call()
#10 /var/www/html/Yee/Middleware/PrettyExceptions.php(67): Yee\Middleware\MethodOverride->call()
#11 /var/www/html/Yee/Yee.php(1278): Yee\Middleware\PrettyExceptions->call()
#12 /var/www/html/index.php(49): Yee\Yee->execute()
#13 {main}
ERROR - 2016-07-28 09:00:24 - exception 'ErrorException' with message 'Missing argument 3 for App\Models\Question\QuestionModel::__construct(), called in /var/www/html/App/Controllers/ajax/AjaxController.php on line 172 and defined' in /var/www/html/App/Models/Question/QuestionModel.php:12
Stack trace:
#0 /var/www/html/App/Models/Question/QuestionModel.php(12): Yee\Yee::handleErrors(2, 'Missing argumen...', '/var/www/html/A...', 12, Array)
#1 /var/www/html/App/Controllers/ajax/AjaxController.php(172): App\Models\Question\QuestionModel->__construct('', '')
#2 [internal function]: AjaxController->addQuestion()
#3 /var/www/html/Yee/Managers/Controller/Controller.php(22): call_user_func_array(Array, Array)
#4 [internal function]: Yee\Managers\Controller\Controller::__callStatic('___addQuestion', Array)
#5 [internal function]: AjaxController::___addQuestion()
#6 /var/www/html/Yee/Route.php(462): call_user_func_array('AjaxController:...', Array)
#7 /var/www/html/Yee/Yee.php(1333): Yee\Route->dispatch()
#8 /var/www/html/Yee/Middleware/Flash.php(85): Yee\Yee->call()
#9 /var/www/html/Yee/Middleware/MethodOverride.php(92): Yee\Middleware\Flash->call()
#10 /var/www/html/Yee/Middleware/PrettyExceptions.php(67): Yee\Middleware\MethodOverride->call()
#11 /var/www/html/Yee/Yee.php(1278): Yee\Middleware\PrettyExceptions->call()
#12 /var/www/html/index.php(49): Yee\Yee->execute()
#13 {main}
ERROR - 2016-07-28 09:00:35 - exception 'ErrorException' with message 'Missing argument 3 for App\Models\Question\QuestionModel::__construct(), called in /var/www/html/App/Controllers/ajax/AjaxController.php on line 172 and defined' in /var/www/html/App/Models/Question/QuestionModel.php:12
Stack trace:
#0 /var/www/html/App/Models/Question/QuestionModel.php(12): Yee\Yee::handleErrors(2, 'Missing argumen...', '/var/www/html/A...', 12, Array)
#1 /var/www/html/App/Controllers/ajax/AjaxController.php(172): App\Models\Question\QuestionModel->__construct('', '')
#2 [internal function]: AjaxController->addQuestion()
#3 /var/www/html/Yee/Managers/Controller/Controller.php(22): call_user_func_array(Array, Array)
#4 [internal function]: Yee\Managers\Controller\Controller::__callStatic('___addQuestion', Array)
#5 [internal function]: AjaxController::___addQuestion()
#6 /var/www/html/Yee/Route.php(462): call_user_func_array('AjaxController:...', Array)
#7 /var/www/html/Yee/Yee.php(1333): Yee\Route->dispatch()
#8 /var/www/html/Yee/Middleware/Flash.php(85): Yee\Yee->call()
#9 /var/www/html/Yee/Middleware/MethodOverride.php(92): Yee\Middleware\Flash->call()
#10 /var/www/html/Yee/Middleware/PrettyExceptions.php(67): Yee\Middleware\MethodOverride->call()
#11 /var/www/html/Yee/Yee.php(1278): Yee\Middleware\PrettyExceptions->call()
#12 /var/www/html/index.php(49): Yee\Yee->execute()
#13 {main}
ERROR - 2016-07-28 09:00:35 - exception 'ErrorException' with message 'Missing argument 3 for App\Models\Question\QuestionModel::__construct(), called in /var/www/html/App/Controllers/ajax/AjaxController.php on line 172 and defined' in /var/www/html/App/Models/Question/QuestionModel.php:12
Stack trace:
#0 /var/www/html/App/Models/Question/QuestionModel.php(12): Yee\Yee::handleErrors(2, 'Missing argumen...', '/var/www/html/A...', 12, Array)
#1 /var/www/html/App/Controllers/ajax/AjaxController.php(172): App\Models\Question\QuestionModel->__construct('', '')
#2 [internal function]: AjaxController->addQuestion()
#3 /var/www/html/Yee/Managers/Controller/Controller.php(22): call_user_func_array(Array, Array)
#4 [internal function]: Yee\Managers\Controller\Controller::__callStatic('___addQuestion', Array)
#5 [internal function]: AjaxController::___addQuestion()
#6 /var/www/html/Yee/Route.php(462): call_user_func_array('AjaxController:...', Array)
#7 /var/www/html/Yee/Yee.php(1333): Yee\Route->dispatch()
#8 /var/www/html/Yee/Middleware/Flash.php(85): Yee\Yee->call()
#9 /var/www/html/Yee/Middleware/MethodOverride.php(92): Yee\Middleware\Flash->call()
#10 /var/www/html/Yee/Middleware/PrettyExceptions.php(67): Yee\Middleware\MethodOverride->call()
#11 /var/www/html/Yee/Yee.php(1278): Yee\Middleware\PrettyExceptions->call()
#12 /var/www/html/index.php(49): Yee\Yee->execute()
#13 {main}
ERROR - 2016-07-28 09:00:35 - exception 'ErrorException' with message 'Missing argument 3 for App\Models\Question\QuestionModel::__construct(), called in /var/www/html/App/Controllers/ajax/AjaxController.php on line 172 and defined' in /var/www/html/App/Models/Question/QuestionModel.php:12
Stack trace:
#0 /var/www/html/App/Models/Question/QuestionModel.php(12): Yee\Yee::handleErrors(2, 'Missing argumen...', '/var/www/html/A...', 12, Array)
#1 /var/www/html/App/Controllers/ajax/AjaxController.php(172): App\Models\Question\QuestionModel->__construct('', '')
#2 [internal function]: AjaxController->addQuestion()
#3 /var/www/html/Yee/Managers/Controller/Controller.php(22): call_user_func_array(Array, Array)
#4 [internal function]: Yee\Managers\Controller\Controller::__callStatic('___addQuestion', Array)
#5 [internal function]: AjaxController::___addQuestion()
#6 /var/www/html/Yee/Route.php(462): call_user_func_array('AjaxController:...', Array)
#7 /var/www/html/Yee/Yee.php(1333): Yee\Route->dispatch()
#8 /var/www/html/Yee/Middleware/Flash.php(85): Yee\Yee->call()
#9 /var/www/html/Yee/Middleware/MethodOverride.php(92): Yee\Middleware\Flash->call()
#10 /var/www/html/Yee/Middleware/PrettyExceptions.php(67): Yee\Middleware\MethodOverride->call()
#11 /var/www/html/Yee/Yee.php(1278): Yee\Middleware\PrettyExceptions->call()
#12 /var/www/html/index.php(49): Yee\Yee->execute()
#13 {main}
ERROR - 2016-07-28 09:00:36 - exception 'ErrorException' with message 'Missing argument 3 for App\Models\Question\QuestionModel::__construct(), called in /var/www/html/App/Controllers/ajax/AjaxController.php on line 172 and defined' in /var/www/html/App/Models/Question/QuestionModel.php:12
Stack trace:
#0 /var/www/html/App/Models/Question/QuestionModel.php(12): Yee\Yee::handleErrors(2, 'Missing argumen...', '/var/www/html/A...', 12, Array)
#1 /var/www/html/App/Controllers/ajax/AjaxController.php(172): App\Models\Question\QuestionModel->__construct('', '')
#2 [internal function]: AjaxController->addQuestion()
#3 /var/www/html/Yee/Managers/Controller/Controller.php(22): call_user_func_array(Array, Array)
#4 [internal function]: Yee\Managers\Controller\Controller::__callStatic('___addQuestion', Array)
#5 [internal function]: AjaxController::___addQuestion()
#6 /var/www/html/Yee/Route.php(462): call_user_func_array('AjaxController:...', Array)
#7 /var/www/html/Yee/Yee.php(1333): Yee\Route->dispatch()
#8 /var/www/html/Yee/Middleware/Flash.php(85): Yee\Yee->call()
#9 /var/www/html/Yee/Middleware/MethodOverride.php(92): Yee\Middleware\Flash->call()
#10 /var/www/html/Yee/Middleware/PrettyExceptions.php(67): Yee\Middleware\MethodOverride->call()
#11 /var/www/html/Yee/Yee.php(1278): Yee\Middleware\PrettyExceptions->call()
#12 /var/www/html/index.php(49): Yee\Yee->execute()
#13 {main}
ERROR - 2016-07-28 09:00:52 - exception 'ErrorException' with message 'Missing argument 3 for App\Models\Question\QuestionModel::__construct(), called in /var/www/html/App/Controllers/ajax/AjaxController.php on line 172 and defined' in /var/www/html/App/Models/Question/QuestionModel.php:12
Stack trace:
#0 /var/www/html/App/Models/Question/QuestionModel.php(12): Yee\Yee::handleErrors(2, 'Missing argumen...', '/var/www/html/A...', 12, Array)
#1 /var/www/html/App/Controllers/ajax/AjaxController.php(172): App\Models\Question\QuestionModel->__construct('ExperimentCtego...', '<p>sdfghjklkgfd...')
#2 [internal function]: AjaxController->addQuestion()
#3 /var/www/html/Yee/Managers/Controller/Controller.php(22): call_user_func_array(Array, Array)
#4 [internal function]: Yee\Managers\Controller\Controller::__callStatic('___addQuestion', Array)
#5 [internal function]: AjaxController::___addQuestion()
#6 /var/www/html/Yee/Route.php(462): call_user_func_array('AjaxController:...', Array)
#7 /var/www/html/Yee/Yee.php(1333): Yee\Route->dispatch()
#8 /var/www/html/Yee/Middleware/Flash.php(85): Yee\Yee->call()
#9 /var/www/html/Yee/Middleware/MethodOverride.php(92): Yee\Middleware\Flash->call()
#10 /var/www/html/Yee/Middleware/PrettyExceptions.php(67): Yee\Middleware\MethodOverride->call()
#11 /var/www/html/Yee/Yee.php(1278): Yee\Middleware\PrettyExceptions->call()
#12 /var/www/html/index.php(49): Yee\Yee->execute()
#13 {main}
ERROR - 2016-07-28 09:02:35 - exception 'ErrorException' with message 'Missing argument 3 for App\Models\Question\QuestionModel::__construct(), called in /var/www/html/App/Controllers/ajax/AjaxController.php on line 172 and defined' in /var/www/html/App/Models/Question/QuestionModel.php:12
Stack trace:
#0 /var/www/html/App/Models/Question/QuestionModel.php(12): Yee\Yee::handleErrors(2, 'Missing argumen...', '/var/www/html/A...', 12, Array)
#1 /var/www/html/App/Controllers/ajax/AjaxController.php(172): App\Models\Question\QuestionModel->__construct('ExperimentCtego...', '<p>ExperimentCa...')
#2 [internal function]: AjaxController->addQuestion()
#3 /var/www/html/Yee/Managers/Controller/Controller.php(22): call_user_func_array(Array, Array)
#4 [internal function]: Yee\Managers\Controller\Controller::__callStatic('___addQuestion', Array)
#5 [internal function]: AjaxController::___addQuestion()
#6 /var/www/html/Yee/Route.php(462): call_user_func_array('AjaxController:...', Array)
#7 /var/www/html/Yee/Yee.php(1333): Yee\Route->dispatch()
#8 /var/www/html/Yee/Middleware/Flash.php(85): Yee\Yee->call()
#9 /var/www/html/Yee/Middleware/MethodOverride.php(92): Yee\Middleware\Flash->call()
#10 /var/www/html/Yee/Middleware/PrettyExceptions.php(67): Yee\Middleware\MethodOverride->call()
#11 /var/www/html/Yee/Yee.php(1278): Yee\Middleware\PrettyExceptions->call()
#12 /var/www/html/index.php(49): Yee\Yee->execute()
#13 {main}
ERROR - 2016-07-28 09:44:33 - exception 'ErrorException' with message 'Undefined index: username' in /var/www/html/App/Controllers/ajax/AjaxController.php:168
Stack trace:
#0 /var/www/html/App/Controllers/ajax/AjaxController.php(168): Yee\Yee::handleErrors(8, 'Undefined index...', '/var/www/html/A...', 168, Array)
#1 [internal function]: AjaxController->addQuestion()
#2 /var/www/html/Yee/Managers/Controller/Controller.php(22): call_user_func_array(Array, Array)
#3 [internal function]: Yee\Managers\Controller\Controller::__callStatic('___addQuestion', Array)
#4 [internal function]: AjaxController::___addQuestion()
#5 /var/www/html/Yee/Route.php(462): call_user_func_array('AjaxController:...', Array)
#6 /var/www/html/Yee/Yee.php(1333): Yee\Route->dispatch()
#7 /var/www/html/Yee/Middleware/Flash.php(85): Yee\Yee->call()
#8 /var/www/html/Yee/Middleware/MethodOverride.php(92): Yee\Middleware\Flash->call()
#9 /var/www/html/Yee/Middleware/PrettyExceptions.php(67): Yee\Middleware\MethodOverride->call()
#10 /var/www/html/Yee/Yee.php(1278): Yee\Middleware\PrettyExceptions->call()
#11 /var/www/html/index.php(49): Yee\Yee->execute()
#12 {main}
ERROR - 2016-07-28 09:44:39 - exception 'ErrorException' with message 'Undefined index: username' in /var/www/html/App/Controllers/ajax/AjaxController.php:168
Stack trace:
#0 /var/www/html/App/Controllers/ajax/AjaxController.php(168): Yee\Yee::handleErrors(8, 'Undefined index...', '/var/www/html/A...', 168, Array)
#1 [internal function]: AjaxController->addQuestion()
#2 /var/www/html/Yee/Managers/Controller/Controller.php(22): call_user_func_array(Array, Array)
#3 [internal function]: Yee\Managers\Controller\Controller::__callStatic('___addQuestion', Array)
#4 [internal function]: AjaxController::___addQuestion()
#5 /var/www/html/Yee/Route.php(462): call_user_func_array('AjaxController:...', Array)
#6 /var/www/html/Yee/Yee.php(1333): Yee\Route->dispatch()
#7 /var/www/html/Yee/Middleware/Flash.php(85): Yee\Yee->call()
#8 /var/www/html/Yee/Middleware/MethodOverride.php(92): Yee\Middleware\Flash->call()
#9 /var/www/html/Yee/Middleware/PrettyExceptions.php(67): Yee\Middleware\MethodOverride->call()
#10 /var/www/html/Yee/Yee.php(1278): Yee\Middleware\PrettyExceptions->call()
#11 /var/www/html/index.php(49): Yee\Yee->execute()
#12 {main}
ERROR - 2016-07-28 09:45:35 - exception 'ErrorException' with message 'Undefined index: username' in /var/www/html/App/Controllers/ajax/AjaxController.php:168
Stack trace:
#0 /var/www/html/App/Controllers/ajax/AjaxController.php(168): Yee\Yee::handleErrors(8, 'Undefined index...', '/var/www/html/A...', 168, Array)
#1 [internal function]: AjaxController->addQuestion()
#2 /var/www/html/Yee/Managers/Controller/Controller.php(22): call_user_func_array(Array, Array)
#3 [internal function]: Yee\Managers\Controller\Controller::__callStatic('___addQuestion', Array)
#4 [internal function]: AjaxController::___addQuestion()
#5 /var/www/html/Yee/Route.php(462): call_user_func_array('AjaxController:...', Array)
#6 /var/www/html/Yee/Yee.php(1333): Yee\Route->dispatch()
#7 /var/www/html/Yee/Middleware/Flash.php(85): Yee\Yee->call()
#8 /var/www/html/Yee/Middleware/MethodOverride.php(92): Yee\Middleware\Flash->call()
#9 /var/www/html/Yee/Middleware/PrettyExceptions.php(67): Yee\Middleware\MethodOverride->call()
#10 /var/www/html/Yee/Yee.php(1278): Yee\Middleware\PrettyExceptions->call()
#11 /var/www/html/index.php(49): Yee\Yee->execute()
#12 {main}
ERROR - 2016-07-28 09:45:38 - exception 'ErrorException' with message 'Undefined index: username' in /var/www/html/App/Controllers/ajax/AjaxController.php:168
Stack trace:
#0 /var/www/html/App/Controllers/ajax/AjaxController.php(168): Yee\Yee::handleErrors(8, 'Undefined index...', '/var/www/html/A...', 168, Array)
#1 [internal function]: AjaxController->addQuestion()
#2 /var/www/html/Yee/Managers/Controller/Controller.php(22): call_user_func_array(Array, Array)
#3 [internal function]: Yee\Managers\Controller\Controller::__callStatic('___addQuestion', Array)
#4 [internal function]: AjaxController::___addQuestion()
#5 /var/www/html/Yee/Route.php(462): call_user_func_array('AjaxController:...', Array)
#6 /var/www/html/Yee/Yee.php(1333): Yee\Route->dispatch()
#7 /var/www/html/Yee/Middleware/Flash.php(85): Yee\Yee->call()
#8 /var/www/html/Yee/Middleware/MethodOverride.php(92): Yee\Middleware\Flash->call()
#9 /var/www/html/Yee/Middleware/PrettyExceptions.php(67): Yee\Middleware\MethodOverride->call()
#10 /var/www/html/Yee/Yee.php(1278): Yee\Middleware\PrettyExceptions->call()
#11 /var/www/html/index.php(49): Yee\Yee->execute()
#12 {main}
ERROR - 2016-07-28 09:45:41 - exception 'ErrorException' with message 'Undefined index: username' in /var/www/html/App/Models/MyAccount/MyAccountModel.php:15
Stack trace:
#0 /var/www/html/App/Models/MyAccount/MyAccountModel.php(15): Yee\Yee::handleErrors(8, 'Undefined index...', '/var/www/html/A...', 15, Array)
#1 /var/www/html/App/Controllers/Question/QuestionController.php(47): App\Models\myAccount\MyAccountModel->getAccountDetails()
#2 [internal function]: QuestionController->addArticlePost()
#3 /var/www/html/Yee/Managers/Controller/Controller.php(22): call_user_func_array(Array, Array)
#4 [internal function]: Yee\Managers\Controller\Controller::__callStatic('___addArticlePo...', Array)
#5 [internal function]: QuestionController::___addArticlePost()
#6 /var/www/html/Yee/Route.php(462): call_user_func_array('QuestionControl...', Array)
#7 /var/www/html/Yee/Yee.php(1333): Yee\Route->dispatch()
#8 /var/www/html/Yee/Middleware/Flash.php(85): Yee\Yee->call()
#9 /var/www/html/Yee/Middleware/MethodOverride.php(92): Yee\Middleware\Flash->call()
#10 /var/www/html/Yee/Middleware/PrettyExceptions.php(67): Yee\Middleware\MethodOverride->call()
#11 /var/www/html/Yee/Yee.php(1278): Yee\Middleware\PrettyExceptions->call()
#12 /var/www/html/index.php(49): Yee\Yee->execute()
#13 {main}
ERROR - 2016-07-28 09:47:03 - exception 'ErrorException' with message 'Undefined index: email' in /var/www/html/App/Models/MyAccount/MyAccountModel.php:15
Stack trace:
#0 /var/www/html/App/Models/MyAccount/MyAccountModel.php(15): Yee\Yee::handleErrors(8, 'Undefined index...', '/var/www/html/A...', 15, Array)
#1 /var/www/html/App/Controllers/Question/QuestionController.php(47): App\Models\myAccount\MyAccountModel->getAccountDetails()
#2 [internal function]: QuestionController->addArticlePost()
#3 /var/www/html/Yee/Managers/Controller/Controller.php(22): call_user_func_array(Array, Array)
#4 [internal function]: Yee\Managers\Controller\Controller::__callStatic('___addArticlePo...', Array)
#5 [internal function]: QuestionController::___addArticlePost()
#6 /var/www/html/Yee/Route.php(462): call_user_func_array('QuestionControl...', Array)
#7 /var/www/html/Yee/Yee.php(1333): Yee\Route->dispatch()
#8 /var/www/html/Yee/Middleware/Flash.php(85): Yee\Yee->call()
#9 /var/www/html/Yee/Middleware/MethodOverride.php(92): Yee\Middleware\Flash->call()
#10 /var/www/html/Yee/Middleware/PrettyExceptions.php(67): Yee\Middleware\MethodOverride->call()
#11 /var/www/html/Yee/Yee.php(1278): Yee\Middleware\PrettyExceptions->call()
#12 /var/www/html/index.php(49): Yee\Yee->execute()
#13 {main}
ERROR - 2016-07-28 09:47:06 - exception 'ErrorException' with message 'Undefined index: email' in /var/www/html/App/Models/MyAccount/MyAccountModel.php:15
Stack trace:
#0 /var/www/html/App/Models/MyAccount/MyAccountModel.php(15): Yee\Yee::handleErrors(8, 'Undefined index...', '/var/www/html/A...', 15, Array)
#1 /var/www/html/App/Controllers/Question/QuestionController.php(47): App\Models\myAccount\MyAccountModel->getAccountDetails()
#2 [internal function]: QuestionController->addArticlePost()
#3 /var/www/html/Yee/Managers/Controller/Controller.php(22): call_user_func_array(Array, Array)
#4 [internal function]: Yee\Managers\Controller\Controller::__callStatic('___addArticlePo...', Array)
#5 [internal function]: QuestionController::___addArticlePost()
#6 /var/www/html/Yee/Route.php(462): call_user_func_array('QuestionControl...', Array)
#7 /var/www/html/Yee/Yee.php(1333): Yee\Route->dispatch()
#8 /var/www/html/Yee/Middleware/Flash.php(85): Yee\Yee->call()
#9 /var/www/html/Yee/Middleware/MethodOverride.php(92): Yee\Middleware\Flash->call()
#10 /var/www/html/Yee/Middleware/PrettyExceptions.php(67): Yee\Middleware\MethodOverride->call()
#11 /var/www/html/Yee/Yee.php(1278): Yee\Middleware\PrettyExceptions->call()
#12 /var/www/html/index.php(49): Yee\Yee->execute()
#13 {main}
ERROR - 2016-07-28 09:47:08 - exception 'ErrorException' with message 'Undefined index: email' in /var/www/html/App/Models/MyAccount/MyAccountModel.php:15
Stack trace:
#0 /var/www/html/App/Models/MyAccount/MyAccountModel.php(15): Yee\Yee::handleErrors(8, 'Undefined index...', '/var/www/html/A...', 15, Array)
#1 /var/www/html/App/Controllers/Question/QuestionController.php(47): App\Models\myAccount\MyAccountModel->getAccountDetails()
#2 [internal function]: QuestionController->addArticlePost()
#3 /var/www/html/Yee/Managers/Controller/Controller.php(22): call_user_func_array(Array, Array)
#4 [internal function]: Yee\Managers\Controller\Controller::__callStatic('___addArticlePo...', Array)
#5 [internal function]: QuestionController::___addArticlePost()
#6 /var/www/html/Yee/Route.php(462): call_user_func_array('QuestionControl...', Array)
#7 /var/www/html/Yee/Yee.php(1333): Yee\Route->dispatch()
#8 /var/www/html/Yee/Middleware/Flash.php(85): Yee\Yee->call()
#9 /var/www/html/Yee/Middleware/MethodOverride.php(92): Yee\Middleware\Flash->call()
#10 /var/www/html/Yee/Middleware/PrettyExceptions.php(67): Yee\Middleware\MethodOverride->call()
#11 /var/www/html/Yee/Yee.php(1278): Yee\Middleware\PrettyExceptions->call()
#12 /var/www/html/index.php(49): Yee\Yee->execute()
#13 {main}
ERROR - 2016-07-28 09:47:23 - exception 'ErrorException' with message 'Undefined index: username' in /var/www/html/App/Models/MyAccount/MyAccountModel.php:15
Stack trace:
#0 /var/www/html/App/Models/MyAccount/MyAccountModel.php(15): Yee\Yee::handleErrors(8, 'Undefined index...', '/var/www/html/A...', 15, Array)
#1 /var/www/html/App/Controllers/Question/QuestionController.php(47): App\Models\myAccount\MyAccountModel->getAccountDetails()
#2 [internal function]: QuestionController->addArticlePost()
#3 /var/www/html/Yee/Managers/Controller/Controller.php(22): call_user_func_array(Array, Array)
#4 [internal function]: Yee\Managers\Controller\Controller::__callStatic('___addArticlePo...', Array)
#5 [internal function]: QuestionController::___addArticlePost()
#6 /var/www/html/Yee/Route.php(462): call_user_func_array('QuestionControl...', Array)
#7 /var/www/html/Yee/Yee.php(1333): Yee\Route->dispatch()
#8 /var/www/html/Yee/Middleware/Flash.php(85): Yee\Yee->call()
#9 /var/www/html/Yee/Middleware/MethodOverride.php(92): Yee\Middleware\Flash->call()
#10 /var/www/html/Yee/Middleware/PrettyExceptions.php(67): Yee\Middleware\MethodOverride->call()
#11 /var/www/html/Yee/Yee.php(1278): Yee\Middleware\PrettyExceptions->call()
#12 /var/www/html/index.php(49): Yee\Yee->execute()
#13 {main}
ERROR - 2016-07-28 09:47:24 - exception 'ErrorException' with message 'Undefined index: username' in /var/www/html/App/Models/MyAccount/MyAccountModel.php:15
Stack trace:
#0 /var/www/html/App/Models/MyAccount/MyAccountModel.php(15): Yee\Yee::handleErrors(8, 'Undefined index...', '/var/www/html/A...', 15, Array)
#1 /var/www/html/App/Controllers/Question/QuestionController.php(47): App\Models\myAccount\MyAccountModel->getAccountDetails()
#2 [internal function]: QuestionController->addArticlePost()
#3 /var/www/html/Yee/Managers/Controller/Controller.php(22): call_user_func_array(Array, Array)
#4 [internal function]: Yee\Managers\Controller\Controller::__callStatic('___addArticlePo...', Array)
#5 [internal function]: QuestionController::___addArticlePost()
#6 /var/www/html/Yee/Route.php(462): call_user_func_array('QuestionControl...', Array)
#7 /var/www/html/Yee/Yee.php(1333): Yee\Route->dispatch()
#8 /var/www/html/Yee/Middleware/Flash.php(85): Yee\Yee->call()
#9 /var/www/html/Yee/Middleware/MethodOverride.php(92): Yee\Middleware\Flash->call()
#10 /var/www/html/Yee/Middleware/PrettyExceptions.php(67): Yee\Middleware\MethodOverride->call()
#11 /var/www/html/Yee/Yee.php(1278): Yee\Middleware\PrettyExceptions->call()
#12 /var/www/html/index.php(49): Yee\Yee->execute()
#13 {main}
ERROR - 2016-07-28 12:26:39 - exception 'ErrorException' with message 'Undefined index: username' in /var/www/html/App/Models/MyAccount/MyAccountModel.php:15
Stack trace:
#0 /var/www/html/App/Models/MyAccount/MyAccountModel.php(15): Yee\Yee::handleErrors(8, 'Undefined index...', '/var/www/html/A...', 15, Array)
#1 /var/www/html/App/Controllers/MyController/MyAccountController.php(32): App\Models\myAccount\MyAccountModel->getAccountDetails()
#2 [internal function]: MyAccountController->indexAction()
#3 /var/www/html/Yee/Managers/Controller/Controller.php(22): call_user_func_array(Array, Array)
#4 [internal function]: Yee\Managers\Controller\Controller::__callStatic('___indexAction', Array)
#5 [internal function]: MyAccountController::___indexAction()
#6 /var/www/html/Yee/Route.php(462): call_user_func_array('MyAccountContro...', Array)
#7 /var/www/html/Yee/Yee.php(1333): Yee\Route->dispatch()
#8 /var/www/html/Yee/Middleware/Flash.php(85): Yee\Yee->call()
#9 /var/www/html/Yee/Middleware/MethodOverride.php(92): Yee\Middleware\Flash->call()
#10 /var/www/html/Yee/Middleware/PrettyExceptions.php(67): Yee\Middleware\MethodOverride->call()
#11 /var/www/html/Yee/Yee.php(1278): Yee\Middleware\PrettyExceptions->call()
#12 /var/www/html/index.php(49): Yee\Yee->execute()
#13 {main}
ERROR - 2016-07-28 13:19:02 - exception 'ErrorException' with message 'Undefined variable: userArray' in /var/www/html/App/Controllers/Question/QuestionController.php:65
Stack trace:
#0 /var/www/html/App/Controllers/Question/QuestionController.php(65): Yee\Yee::handleErrors(8, 'Undefined varia...', '/var/www/html/A...', 65, Array)
#1 [internal function]: QuestionController->addArticlePost()
#2 /var/www/html/Yee/Managers/Controller/Controller.php(22): call_user_func_array(Array, Array)
#3 [internal function]: Yee\Managers\Controller\Controller::__callStatic('___addArticlePo...', Array)
#4 [internal function]: QuestionController::___addArticlePost()
#5 /var/www/html/Yee/Route.php(462): call_user_func_array('QuestionControl...', Array)
#6 /var/www/html/Yee/Yee.php(1333): Yee\Route->dispatch()
#7 /var/www/html/Yee/Middleware/Flash.php(85): Yee\Yee->call()
#8 /var/www/html/Yee/Middleware/MethodOverride.php(92): Yee\Middleware\Flash->call()
#9 /var/www/html/Yee/Middleware/PrettyExceptions.php(67): Yee\Middleware\MethodOverride->call()
#10 /var/www/html/Yee/Yee.php(1278): Yee\Middleware\PrettyExceptions->call()
#11 /var/www/html/index.php(49): Yee\Yee->execute()
#12 {main}
ERROR - 2016-07-28 15:01:19 - exception 'ErrorException' with message 'Undefined variable: categoryArray' in /var/www/html/App/Controllers/Question/QuestionController.php:67
Stack trace:
#0 /var/www/html/App/Controllers/Question/QuestionController.php(67): Yee\Yee::handleErrors(8, 'Undefined varia...', '/var/www/html/A...', 67, Array)
#1 [internal function]: QuestionController->addArticlePost()
#2 /var/www/html/Yee/Managers/Controller/Controller.php(22): call_user_func_array(Array, Array)
#3 [internal function]: Yee\Managers\Controller\Controller::__callStatic('___addArticlePo...', Array)
#4 [internal function]: QuestionController::___addArticlePost()
#5 /var/www/html/Yee/Route.php(462): call_user_func_array('QuestionControl...', Array)
#6 /var/www/html/Yee/Yee.php(1333): Yee\Route->dispatch()
#7 /var/www/html/Yee/Middleware/Flash.php(85): Yee\Yee->call()
#8 /var/www/html/Yee/Middleware/MethodOverride.php(92): Yee\Middleware\Flash->call()
#9 /var/www/html/Yee/Middleware/PrettyExceptions.php(67): Yee\Middleware\MethodOverride->call()
#10 /var/www/html/Yee/Yee.php(1278): Yee\Middleware\PrettyExceptions->call()
#11 /var/www/html/index.php(49): Yee\Yee->execute()
#12 {main}
