ERROR - 2016-07-26 08:11:57 - exception 'ErrorException' with message 'Undefined variable: newPassword' in /var/www/html/App/Controllers/ajax/AjaxController.php:133
Stack trace:
#0 /var/www/html/App/Controllers/ajax/AjaxController.php(133): Yee\Yee::handleErrors(8, 'Undefined varia...', '/var/www/html/A...', 133, Array)
#1 [internal function]: AjaxController->editPasswordPost()
#2 /var/www/html/Yee/Managers/Controller/Controller.php(22): call_user_func_array(Array, Array)
#3 [internal function]: Yee\Managers\Controller\Controller::__callStatic('___editPassword...', Array)
#4 [internal function]: AjaxController::___editPasswordPost()
#5 /var/www/html/Yee/Route.php(462): call_user_func_array('AjaxController:...', Array)
#6 /var/www/html/Yee/Yee.php(1333): Yee\Route->dispatch()
#7 /var/www/html/Yee/Middleware/Flash.php(85): Yee\Yee->call()
#8 /var/www/html/Yee/Middleware/MethodOverride.php(92): Yee\Middleware\Flash->call()
#9 /var/www/html/Yee/Middleware/PrettyExceptions.php(67): Yee\Middleware\MethodOverride->call()
#10 /var/www/html/Yee/Yee.php(1278): Yee\Middleware\PrettyExceptions->call()
#11 /var/www/html/index.php(49): Yee\Yee->execute()
#12 {main}
ERROR - 2016-07-26 08:12:00 - exception 'ErrorException' with message 'Undefined variable: newPassword' in /var/www/html/App/Controllers/ajax/AjaxController.php:133
Stack trace:
#0 /var/www/html/App/Controllers/ajax/AjaxController.php(133): Yee\Yee::handleErrors(8, 'Undefined varia...', '/var/www/html/A...', 133, Array)
#1 [internal function]: AjaxController->editPasswordPost()
#2 /var/www/html/Yee/Managers/Controller/Controller.php(22): call_user_func_array(Array, Array)
#3 [internal function]: Yee\Managers\Controller\Controller::__callStatic('___editPassword...', Array)
#4 [internal function]: AjaxController::___editPasswordPost()
#5 /var/www/html/Yee/Route.php(462): call_user_func_array('AjaxController:...', Array)
#6 /var/www/html/Yee/Yee.php(1333): Yee\Route->dispatch()
#7 /var/www/html/Yee/Middleware/Flash.php(85): Yee\Yee->call()
#8 /var/www/html/Yee/Middleware/MethodOverride.php(92): Yee\Middleware\Flash->call()
#9 /var/www/html/Yee/Middleware/PrettyExceptions.php(67): Yee\Middleware\MethodOverride->call()
#10 /var/www/html/Yee/Yee.php(1278): Yee\Middleware\PrettyExceptions->call()
#11 /var/www/html/index.php(49): Yee\Yee->execute()
#12 {main}
ERROR - 2016-07-26 08:12:01 - exception 'ErrorException' with message 'Undefined variable: newPassword' in /var/www/html/App/Controllers/ajax/AjaxController.php:133
Stack trace:
#0 /var/www/html/App/Controllers/ajax/AjaxController.php(133): Yee\Yee::handleErrors(8, 'Undefined varia...', '/var/www/html/A...', 133, Array)
#1 [internal function]: AjaxController->editPasswordPost()
#2 /var/www/html/Yee/Managers/Controller/Controller.php(22): call_user_func_array(Array, Array)
#3 [internal function]: Yee\Managers\Controller\Controller::__callStatic('___editPassword...', Array)
#4 [internal function]: AjaxController::___editPasswordPost()
#5 /var/www/html/Yee/Route.php(462): call_user_func_array('AjaxController:...', Array)
#6 /var/www/html/Yee/Yee.php(1333): Yee\Route->dispatch()
#7 /var/www/html/Yee/Middleware/Flash.php(85): Yee\Yee->call()
#8 /var/www/html/Yee/Middleware/MethodOverride.php(92): Yee\Middleware\Flash->call()
#9 /var/www/html/Yee/Middleware/PrettyExceptions.php(67): Yee\Middleware\MethodOverride->call()
#10 /var/www/html/Yee/Yee.php(1278): Yee\Middleware\PrettyExceptions->call()
#11 /var/www/html/index.php(49): Yee\Yee->execute()
#12 {main}
ERROR - 2016-07-26 08:12:02 - exception 'ErrorException' with message 'Undefined variable: newPassword' in /var/www/html/App/Controllers/ajax/AjaxController.php:133
Stack trace:
#0 /var/www/html/App/Controllers/ajax/AjaxController.php(133): Yee\Yee::handleErrors(8, 'Undefined varia...', '/var/www/html/A...', 133, Array)
#1 [internal function]: AjaxController->editPasswordPost()
#2 /var/www/html/Yee/Managers/Controller/Controller.php(22): call_user_func_array(Array, Array)
#3 [internal function]: Yee\Managers\Controller\Controller::__callStatic('___editPassword...', Array)
#4 [internal function]: AjaxController::___editPasswordPost()
#5 /var/www/html/Yee/Route.php(462): call_user_func_array('AjaxController:...', Array)
#6 /var/www/html/Yee/Yee.php(1333): Yee\Route->dispatch()
#7 /var/www/html/Yee/Middleware/Flash.php(85): Yee\Yee->call()
#8 /var/www/html/Yee/Middleware/MethodOverride.php(92): Yee\Middleware\Flash->call()
#9 /var/www/html/Yee/Middleware/PrettyExceptions.php(67): Yee\Middleware\MethodOverride->call()
#10 /var/www/html/Yee/Yee.php(1278): Yee\Middleware\PrettyExceptions->call()
#11 /var/www/html/index.php(49): Yee\Yee->execute()
#12 {main}
ERROR - 2016-07-26 08:13:00 - exception 'ErrorException' with message 'Undefined variable: newPassword' in /var/www/html/App/Controllers/ajax/AjaxController.php:133
Stack trace:
#0 /var/www/html/App/Controllers/ajax/AjaxController.php(133): Yee\Yee::handleErrors(8, 'Undefined varia...', '/var/www/html/A...', 133, Array)
#1 [internal function]: AjaxController->editPasswordPost()
#2 /var/www/html/Yee/Managers/Controller/Controller.php(22): call_user_func_array(Array, Array)
#3 [internal function]: Yee\Managers\Controller\Controller::__callStatic('___editPassword...', Array)
#4 [internal function]: AjaxController::___editPasswordPost()
#5 /var/www/html/Yee/Route.php(462): call_user_func_array('AjaxController:...', Array)
#6 /var/www/html/Yee/Yee.php(1333): Yee\Route->dispatch()
#7 /var/www/html/Yee/Middleware/Flash.php(85): Yee\Yee->call()
#8 /var/www/html/Yee/Middleware/MethodOverride.php(92): Yee\Middleware\Flash->call()
#9 /var/www/html/Yee/Middleware/PrettyExceptions.php(67): Yee\Middleware\MethodOverride->call()
#10 /var/www/html/Yee/Yee.php(1278): Yee\Middleware\PrettyExceptions->call()
#11 /var/www/html/index.php(49): Yee\Yee->execute()
#12 {main}
ERROR - 2016-07-26 08:13:00 - exception 'ErrorException' with message 'Undefined variable: newPassword' in /var/www/html/App/Controllers/ajax/AjaxController.php:133
Stack trace:
#0 /var/www/html/App/Controllers/ajax/AjaxController.php(133): Yee\Yee::handleErrors(8, 'Undefined varia...', '/var/www/html/A...', 133, Array)
#1 [internal function]: AjaxController->editPasswordPost()
#2 /var/www/html/Yee/Managers/Controller/Controller.php(22): call_user_func_array(Array, Array)
#3 [internal function]: Yee\Managers\Controller\Controller::__callStatic('___editPassword...', Array)
#4 [internal function]: AjaxController::___editPasswordPost()
#5 /var/www/html/Yee/Route.php(462): call_user_func_array('AjaxController:...', Array)
#6 /var/www/html/Yee/Yee.php(1333): Yee\Route->dispatch()
#7 /var/www/html/Yee/Middleware/Flash.php(85): Yee\Yee->call()
#8 /var/www/html/Yee/Middleware/MethodOverride.php(92): Yee\Middleware\Flash->call()
#9 /var/www/html/Yee/Middleware/PrettyExceptions.php(67): Yee\Middleware\MethodOverride->call()
#10 /var/www/html/Yee/Yee.php(1278): Yee\Middleware\PrettyExceptions->call()
#11 /var/www/html/index.php(49): Yee\Yee->execute()
#12 {main}
ERROR - 2016-07-26 08:14:01 - exception 'ErrorException' with message 'Undefined variable: newPassword' in /var/www/html/App/Controllers/ajax/AjaxController.php:133
Stack trace:
#0 /var/www/html/App/Controllers/ajax/AjaxController.php(133): Yee\Yee::handleErrors(8, 'Undefined varia...', '/var/www/html/A...', 133, Array)
#1 [internal function]: AjaxController->editPasswordPost()
#2 /var/www/html/Yee/Managers/Controller/Controller.php(22): call_user_func_array(Array, Array)
#3 [internal function]: Yee\Managers\Controller\Controller::__callStatic('___editPassword...', Array)
#4 [internal function]: AjaxController::___editPasswordPost()
#5 /var/www/html/Yee/Route.php(462): call_user_func_array('AjaxController:...', Array)
#6 /var/www/html/Yee/Yee.php(1333): Yee\Route->dispatch()
#7 /var/www/html/Yee/Middleware/Flash.php(85): Yee\Yee->call()
#8 /var/www/html/Yee/Middleware/MethodOverride.php(92): Yee\Middleware\Flash->call()
#9 /var/www/html/Yee/Middleware/PrettyExceptions.php(67): Yee\Middleware\MethodOverride->call()
#10 /var/www/html/Yee/Yee.php(1278): Yee\Middleware\PrettyExceptions->call()
#11 /var/www/html/index.php(49): Yee\Yee->execute()
#12 {main}
ERROR - 2016-07-26 08:14:05 - exception 'ErrorException' with message 'Undefined variable: newPassword' in /var/www/html/App/Controllers/ajax/AjaxController.php:133
Stack trace:
#0 /var/www/html/App/Controllers/ajax/AjaxController.php(133): Yee\Yee::handleErrors(8, 'Undefined varia...', '/var/www/html/A...', 133, Array)
#1 [internal function]: AjaxController->editPasswordPost()
#2 /var/www/html/Yee/Managers/Controller/Controller.php(22): call_user_func_array(Array, Array)
#3 [internal function]: Yee\Managers\Controller\Controller::__callStatic('___editPassword...', Array)
#4 [internal function]: AjaxController::___editPasswordPost()
#5 /var/www/html/Yee/Route.php(462): call_user_func_array('AjaxController:...', Array)
#6 /var/www/html/Yee/Yee.php(1333): Yee\Route->dispatch()
#7 /var/www/html/Yee/Middleware/Flash.php(85): Yee\Yee->call()
#8 /var/www/html/Yee/Middleware/MethodOverride.php(92): Yee\Middleware\Flash->call()
#9 /var/www/html/Yee/Middleware/PrettyExceptions.php(67): Yee\Middleware\MethodOverride->call()
#10 /var/www/html/Yee/Yee.php(1278): Yee\Middleware\PrettyExceptions->call()
#11 /var/www/html/index.php(49): Yee\Yee->execute()
#12 {main}
ERROR - 2016-07-26 08:14:39 - exception 'ErrorException' with message 'Undefined variable: newPassword' in /var/www/html/App/Controllers/ajax/AjaxController.php:133
Stack trace:
#0 /var/www/html/App/Controllers/ajax/AjaxController.php(133): Yee\Yee::handleErrors(8, 'Undefined varia...', '/var/www/html/A...', 133, Array)
#1 [internal function]: AjaxController->editPasswordPost()
#2 /var/www/html/Yee/Managers/Controller/Controller.php(22): call_user_func_array(Array, Array)
#3 [internal function]: Yee\Managers\Controller\Controller::__callStatic('___editPassword...', Array)
#4 [internal function]: AjaxController::___editPasswordPost()
#5 /var/www/html/Yee/Route.php(462): call_user_func_array('AjaxController:...', Array)
#6 /var/www/html/Yee/Yee.php(1333): Yee\Route->dispatch()
#7 /var/www/html/Yee/Middleware/Flash.php(85): Yee\Yee->call()
#8 /var/www/html/Yee/Middleware/MethodOverride.php(92): Yee\Middleware\Flash->call()
#9 /var/www/html/Yee/Middleware/PrettyExceptions.php(67): Yee\Middleware\MethodOverride->call()
#10 /var/www/html/Yee/Yee.php(1278): Yee\Middleware\PrettyExceptions->call()
#11 /var/www/html/index.php(49): Yee\Yee->execute()
#12 {main}
ERROR - 2016-07-26 08:17:41 - exception 'ErrorException' with message 'Undefined variable: newPassword' in /var/www/html/App/Controllers/ajax/AjaxController.php:133
Stack trace:
#0 /var/www/html/App/Controllers/ajax/AjaxController.php(133): Yee\Yee::handleErrors(8, 'Undefined varia...', '/var/www/html/A...', 133, Array)
#1 [internal function]: AjaxController->editPassword()
#2 /var/www/html/Yee/Managers/Controller/Controller.php(22): call_user_func_array(Array, Array)
#3 [internal function]: Yee\Managers\Controller\Controller::__callStatic('___editPassword', Array)
#4 [internal function]: AjaxController::___editPassword()
#5 /var/www/html/Yee/Route.php(462): call_user_func_array('AjaxController:...', Array)
#6 /var/www/html/Yee/Yee.php(1333): Yee\Route->dispatch()
#7 /var/www/html/Yee/Middleware/Flash.php(85): Yee\Yee->call()
#8 /var/www/html/Yee/Middleware/MethodOverride.php(92): Yee\Middleware\Flash->call()
#9 /var/www/html/Yee/Middleware/PrettyExceptions.php(67): Yee\Middleware\MethodOverride->call()
#10 /var/www/html/Yee/Yee.php(1278): Yee\Middleware\PrettyExceptions->call()
#11 /var/www/html/index.php(49): Yee\Yee->execute()
#12 {main}
ERROR - 2016-07-26 08:25:19 - exception 'ErrorException' with message 'Undefined variable: newPassword' in /var/www/html/App/Controllers/ajax/AjaxController.php:135
Stack trace:
#0 /var/www/html/App/Controllers/ajax/AjaxController.php(135): Yee\Yee::handleErrors(8, 'Undefined varia...', '/var/www/html/A...', 135, Array)
#1 [internal function]: AjaxController->editPassword()
#2 /var/www/html/Yee/Managers/Controller/Controller.php(22): call_user_func_array(Array, Array)
#3 [internal function]: Yee\Managers\Controller\Controller::__callStatic('___editPassword', Array)
#4 [internal function]: AjaxController::___editPassword()
#5 /var/www/html/Yee/Route.php(462): call_user_func_array('AjaxController:...', Array)
#6 /var/www/html/Yee/Yee.php(1333): Yee\Route->dispatch()
#7 /var/www/html/Yee/Middleware/Flash.php(85): Yee\Yee->call()
#8 /var/www/html/Yee/Middleware/MethodOverride.php(92): Yee\Middleware\Flash->call()
#9 /var/www/html/Yee/Middleware/PrettyExceptions.php(67): Yee\Middleware\MethodOverride->call()
#10 /var/www/html/Yee/Yee.php(1278): Yee\Middleware\PrettyExceptions->call()
#11 /var/www/html/index.php(49): Yee\Yee->execute()
#12 {main}
ERROR - 2016-07-26 10:11:30 - exception 'ErrorException' with message 'Undefined index: username' in /var/www/html/App/Models/MyAccount/MyAccountModel.php:15
Stack trace:
#0 /var/www/html/App/Models/MyAccount/MyAccountModel.php(15): Yee\Yee::handleErrors(8, 'Undefined index...', '/var/www/html/A...', 15, Array)
#1 /var/www/html/App/Controllers/MyController/MyAccountController.php(32): App\Models\myAccount\MyAccountModel->getAccountDetails()
#2 [internal function]: MyAccountController->indexAction()
#3 /var/www/html/Yee/Managers/Controller/Controller.php(22): call_user_func_array(Array, Array)
#4 [internal function]: Yee\Managers\Controller\Controller::__callStatic('___indexAction', Array)
#5 [internal function]: MyAccountController::___indexAction()
#6 /var/www/html/Yee/Route.php(462): call_user_func_array('MyAccountContro...', Array)
#7 /var/www/html/Yee/Yee.php(1333): Yee\Route->dispatch()
#8 /var/www/html/Yee/Middleware/Flash.php(85): Yee\Yee->call()
#9 /var/www/html/Yee/Middleware/MethodOverride.php(92): Yee\Middleware\Flash->call()
#10 /var/www/html/Yee/Middleware/PrettyExceptions.php(67): Yee\Middleware\MethodOverride->call()
#11 /var/www/html/Yee/Yee.php(1278): Yee\Middleware\PrettyExceptions->call()
#12 /var/www/html/index.php(49): Yee\Yee->execute()
#13 {main}
ERROR - 2016-07-26 12:31:13 - exception 'Twig_Error_Syntax' with message 'Unexpected token "end of print statement" of value "" in "pages/addQuestion.tpl" at line 31' in /var/www/html/Twig/ExpressionParser.php:175
Stack trace:
#0 /var/www/html/Twig/ExpressionParser.php(84): Twig_ExpressionParser->parsePrimaryExpression()
#1 /var/www/html/Twig/ExpressionParser.php(41): Twig_ExpressionParser->getPrimary()
#2 /var/www/html/Twig/Parser.php(141): Twig_ExpressionParser->parseExpression()
#3 /var/www/html/Twig/Parser.php(95): Twig_Parser->subparse(NULL, false)
#4 /var/www/html/Twig/Environment.php(507): Twig_Parser->parse(Object(Twig_TokenStream))
#5 /var/www/html/Twig/Environment.php(559): Twig_Environment->parse(Object(Twig_TokenStream))
#6 /var/www/html/Twig/Environment.php(334): Twig_Environment->compileSource('{% include "./c...', 'pages/addQuesti...')
#7 /var/www/html/Yee/Views/Twig.php(87): Twig_Environment->loadTemplate('pages/addQuesti...')
#8 /var/www/html/Yee/View.php(255): Yee\Views\Twig->render('pages/addQuesti...', NULL)
#9 /var/www/html/Yee/View.php(243): Yee\View->fetch('pages/addQuesti...', NULL)
#10 /var/www/html/Yee/Yee.php(764): Yee\View->display('pages/addQuesti...')
#11 /var/www/html/App/Controllers/Article/ArticleController.php(40): Yee\Yee->render('pages/addQuesti...', Array)
#12 [internal function]: ArticleController->addArticle()
#13 /var/www/html/Yee/Managers/Controller/Controller.php(22): call_user_func_array(Array, Array)
#14 [internal function]: Yee\Managers\Controller\Controller::__callStatic('___addArticle', Array)
#15 [internal function]: ArticleController::___addArticle()
#16 /var/www/html/Yee/Route.php(462): call_user_func_array('ArticleControll...', Array)
#17 /var/www/html/Yee/Yee.php(1333): Yee\Route->dispatch()
#18 /var/www/html/Yee/Middleware/Flash.php(85): Yee\Yee->call()
#19 /var/www/html/Yee/Middleware/MethodOverride.php(92): Yee\Middleware\Flash->call()
#20 /var/www/html/Yee/Middleware/PrettyExceptions.php(67): Yee\Middleware\MethodOverride->call()
#21 /var/www/html/Yee/Yee.php(1278): Yee\Middleware\PrettyExceptions->call()
#22 /var/www/html/index.php(49): Yee\Yee->execute()
#23 {main}
ERROR - 2016-07-26 15:12:58 - exception 'ErrorException' with message 'Undefined variable: author' in /var/www/html/App/Controllers/Article/QuestionController.php:42
Stack trace:
#0 /var/www/html/App/Controllers/Article/QuestionController.php(42): Yee\Yee::handleErrors(8, 'Undefined varia...', '/var/www/html/A...', 42, Array)
#1 [internal function]: QuestionController->addArticlePost()
#2 /var/www/html/Yee/Managers/Controller/Controller.php(22): call_user_func_array(Array, Array)
#3 [internal function]: Yee\Managers\Controller\Controller::__callStatic('___addArticlePo...', Array)
#4 [internal function]: QuestionController::___addArticlePost()
#5 /var/www/html/Yee/Route.php(462): call_user_func_array('QuestionControl...', Array)
#6 /var/www/html/Yee/Yee.php(1333): Yee\Route->dispatch()
#7 /var/www/html/Yee/Middleware/Flash.php(85): Yee\Yee->call()
#8 /var/www/html/Yee/Middleware/MethodOverride.php(92): Yee\Middleware\Flash->call()
#9 /var/www/html/Yee/Middleware/PrettyExceptions.php(67): Yee\Middleware\MethodOverride->call()
#10 /var/www/html/Yee/Yee.php(1278): Yee\Middleware\PrettyExceptions->call()
#11 /var/www/html/index.php(49): Yee\Yee->execute()
#12 {main}
