ERROR - 2016-07-29 08:28:30 - exception 'ErrorException' with message 'Undefined index: username' in /var/www/html/App/Controllers/ajax/AjaxController.php:169
Stack trace:
#0 /var/www/html/App/Controllers/ajax/AjaxController.php(169): Yee\Yee::handleErrors(8, 'Undefined index...', '/var/www/html/A...', 169, Array)
#1 [internal function]: AjaxController->addQuestion()
#2 /var/www/html/Yee/Managers/Controller/Controller.php(22): call_user_func_array(Array, Array)
#3 [internal function]: Yee\Managers\Controller\Controller::__callStatic('___addQuestion', Array)
#4 [internal function]: AjaxController::___addQuestion()
#5 /var/www/html/Yee/Route.php(462): call_user_func_array('AjaxController:...', Array)
#6 /var/www/html/Yee/Yee.php(1333): Yee\Route->dispatch()
#7 /var/www/html/Yee/Middleware/Flash.php(85): Yee\Yee->call()
#8 /var/www/html/Yee/Middleware/MethodOverride.php(92): Yee\Middleware\Flash->call()
#9 /var/www/html/Yee/Middleware/PrettyExceptions.php(67): Yee\Middleware\MethodOverride->call()
#10 /var/www/html/Yee/Yee.php(1278): Yee\Middleware\PrettyExceptions->call()
#11 /var/www/html/index.php(49): Yee\Yee->execute()
#12 {main}
ERROR - 2016-07-29 08:29:02 - exception 'ErrorException' with message 'Undefined index: username' in /var/www/html/App/Controllers/ajax/AjaxController.php:169
Stack trace:
#0 /var/www/html/App/Controllers/ajax/AjaxController.php(169): Yee\Yee::handleErrors(8, 'Undefined index...', '/var/www/html/A...', 169, Array)
#1 [internal function]: AjaxController->addQuestion()
#2 /var/www/html/Yee/Managers/Controller/Controller.php(22): call_user_func_array(Array, Array)
#3 [internal function]: Yee\Managers\Controller\Controller::__callStatic('___addQuestion', Array)
#4 [internal function]: AjaxController::___addQuestion()
#5 /var/www/html/Yee/Route.php(462): call_user_func_array('AjaxController:...', Array)
#6 /var/www/html/Yee/Yee.php(1333): Yee\Route->dispatch()
#7 /var/www/html/Yee/Middleware/Flash.php(85): Yee\Yee->call()
#8 /var/www/html/Yee/Middleware/MethodOverride.php(92): Yee\Middleware\Flash->call()
#9 /var/www/html/Yee/Middleware/PrettyExceptions.php(67): Yee\Middleware\MethodOverride->call()
#10 /var/www/html/Yee/Yee.php(1278): Yee\Middleware\PrettyExceptions->call()
#11 /var/www/html/index.php(49): Yee\Yee->execute()
#12 {main}
ERROR - 2016-07-29 08:29:04 - exception 'ErrorException' with message 'Undefined index: username' in /var/www/html/App/Controllers/ajax/AjaxController.php:169
Stack trace:
#0 /var/www/html/App/Controllers/ajax/AjaxController.php(169): Yee\Yee::handleErrors(8, 'Undefined index...', '/var/www/html/A...', 169, Array)
#1 [internal function]: AjaxController->addQuestion()
#2 /var/www/html/Yee/Managers/Controller/Controller.php(22): call_user_func_array(Array, Array)
#3 [internal function]: Yee\Managers\Controller\Controller::__callStatic('___addQuestion', Array)
#4 [internal function]: AjaxController::___addQuestion()
#5 /var/www/html/Yee/Route.php(462): call_user_func_array('AjaxController:...', Array)
#6 /var/www/html/Yee/Yee.php(1333): Yee\Route->dispatch()
#7 /var/www/html/Yee/Middleware/Flash.php(85): Yee\Yee->call()
#8 /var/www/html/Yee/Middleware/MethodOverride.php(92): Yee\Middleware\Flash->call()
#9 /var/www/html/Yee/Middleware/PrettyExceptions.php(67): Yee\Middleware\MethodOverride->call()
#10 /var/www/html/Yee/Yee.php(1278): Yee\Middleware\PrettyExceptions->call()
#11 /var/www/html/index.php(49): Yee\Yee->execute()
#12 {main}
ERROR - 2016-07-29 12:42:31 - exception 'ErrorException' with message 'Undefined property: App\Models\Category\CategoryModel::$category' in /var/www/html/App/Models/Category/CategoryModel.php:23
Stack trace:
#0 /var/www/html/App/Models/Category/CategoryModel.php(23): Yee\Yee::handleErrors(8, 'Undefined prope...', '/var/www/html/A...', 23, Array)
#1 /var/www/html/App/Controllers/ajax/AjaxController.php(218): App\Models\Category\CategoryModel->addCategoryDB('cansua@abv.bg', 'EXPERIMENT234')
#2 [internal function]: AjaxController->addCategory()
#3 /var/www/html/Yee/Managers/Controller/Controller.php(22): call_user_func_array(Array, Array)
#4 [internal function]: Yee\Managers\Controller\Controller::__callStatic('___addCategory', Array)
#5 [internal function]: AjaxController::___addCategory()
#6 /var/www/html/Yee/Route.php(462): call_user_func_array('AjaxController:...', Array)
#7 /var/www/html/Yee/Yee.php(1333): Yee\Route->dispatch()
#8 /var/www/html/Yee/Middleware/Flash.php(85): Yee\Yee->call()
#9 /var/www/html/Yee/Middleware/MethodOverride.php(92): Yee\Middleware\Flash->call()
#10 /var/www/html/Yee/Middleware/PrettyExceptions.php(67): Yee\Middleware\MethodOverride->call()
#11 /var/www/html/Yee/Yee.php(1278): Yee\Middleware\PrettyExceptions->call()
#12 /var/www/html/index.php(49): Yee\Yee->execute()
#13 {main}
ERROR - 2016-07-29 12:42:35 - exception 'ErrorException' with message 'Undefined property: App\Models\Category\CategoryModel::$category' in /var/www/html/App/Models/Category/CategoryModel.php:23
Stack trace:
#0 /var/www/html/App/Models/Category/CategoryModel.php(23): Yee\Yee::handleErrors(8, 'Undefined prope...', '/var/www/html/A...', 23, Array)
#1 /var/www/html/App/Controllers/ajax/AjaxController.php(218): App\Models\Category\CategoryModel->addCategoryDB('cansua@abv.bg', 'EXPERIMENT234')
#2 [internal function]: AjaxController->addCategory()
#3 /var/www/html/Yee/Managers/Controller/Controller.php(22): call_user_func_array(Array, Array)
#4 [internal function]: Yee\Managers\Controller\Controller::__callStatic('___addCategory', Array)
#5 [internal function]: AjaxController::___addCategory()
#6 /var/www/html/Yee/Route.php(462): call_user_func_array('AjaxController:...', Array)
#7 /var/www/html/Yee/Yee.php(1333): Yee\Route->dispatch()
#8 /var/www/html/Yee/Middleware/Flash.php(85): Yee\Yee->call()
#9 /var/www/html/Yee/Middleware/MethodOverride.php(92): Yee\Middleware\Flash->call()
#10 /var/www/html/Yee/Middleware/PrettyExceptions.php(67): Yee\Middleware\MethodOverride->call()
#11 /var/www/html/Yee/Yee.php(1278): Yee\Middleware\PrettyExceptions->call()
#12 /var/www/html/index.php(49): Yee\Yee->execute()
#13 {main}
ERROR - 2016-07-29 12:42:50 - exception 'ErrorException' with message 'Undefined property: App\Models\Category\CategoryModel::$category' in /var/www/html/App/Models/Category/CategoryModel.php:23
Stack trace:
#0 /var/www/html/App/Models/Category/CategoryModel.php(23): Yee\Yee::handleErrors(8, 'Undefined prope...', '/var/www/html/A...', 23, Array)
#1 /var/www/html/App/Controllers/ajax/AjaxController.php(218): App\Models\Category\CategoryModel->addCategoryDB('cansua@abv.bg', 'EXPERIMENT234')
#2 [internal function]: AjaxController->addCategory()
#3 /var/www/html/Yee/Managers/Controller/Controller.php(22): call_user_func_array(Array, Array)
#4 [internal function]: Yee\Managers\Controller\Controller::__callStatic('___addCategory', Array)
#5 [internal function]: AjaxController::___addCategory()
#6 /var/www/html/Yee/Route.php(462): call_user_func_array('AjaxController:...', Array)
#7 /var/www/html/Yee/Yee.php(1333): Yee\Route->dispatch()
#8 /var/www/html/Yee/Middleware/Flash.php(85): Yee\Yee->call()
#9 /var/www/html/Yee/Middleware/MethodOverride.php(92): Yee\Middleware\Flash->call()
#10 /var/www/html/Yee/Middleware/PrettyExceptions.php(67): Yee\Middleware\MethodOverride->call()
#11 /var/www/html/Yee/Yee.php(1278): Yee\Middleware\PrettyExceptions->call()
#12 /var/www/html/index.php(49): Yee\Yee->execute()
#13 {main}
