ERROR - 2016-07-14 08:28:26 - exception 'Twig_Error_Loader' with message 'Unable to find template "signup.tpl" (looked into: ./templates).' in /var/www/html/Twig/Loader/Filesystem.php:191
Stack trace:
#0 /var/www/html/Twig/Loader/Filesystem.php(138): Twig_Loader_Filesystem->findTemplate('signup.tpl')
#1 /var/www/html/Twig/Environment.php(265): Twig_Loader_Filesystem->getCacheKey('signup.tpl')
#2 /var/www/html/Twig/Environment.php(323): Twig_Environment->getTemplateClass('signup.tpl', NULL)
#3 /var/www/html/Yee/Views/Twig.php(87): Twig_Environment->loadTemplate('signup.tpl')
#4 /var/www/html/Yee/View.php(255): Yee\Views\Twig->render('signup.tpl', NULL)
#5 /var/www/html/Yee/View.php(243): Yee\View->fetch('signup.tpl', NULL)
#6 /var/www/html/Yee/Yee.php(764): Yee\View->display('signup.tpl')
#7 /var/www/html/App/Library/EmailSender.php(34): Yee\Yee->render('signup.tpl', Array)
#8 /var/www/html/App/Controllers/Signup/SignupController.php(59): App\Library\EmailSender->buildEmail()
#9 [internal function]: SignupController->indexPostAction()
#10 /var/www/html/Yee/Managers/Controller/Controller.php(22): call_user_func_array(Array, Array)
#11 [internal function]: Yee\Managers\Controller\Controller::__callStatic('___indexPostAct...', Array)
#12 [internal function]: SignupController::___indexPostAction()
#13 /var/www/html/Yee/Route.php(462): call_user_func_array('SignupControlle...', Array)
#14 /var/www/html/Yee/Yee.php(1333): Yee\Route->dispatch()
#15 /var/www/html/Yee/Middleware/Flash.php(85): Yee\Yee->call()
#16 /var/www/html/Yee/Middleware/MethodOverride.php(92): Yee\Middleware\Flash->call()
#17 /var/www/html/Yee/Middleware/PrettyExceptions.php(67): Yee\Middleware\MethodOverride->call()
#18 /var/www/html/Yee/Yee.php(1278): Yee\Middleware\PrettyExceptions->call()
#19 /var/www/html/index.php(48): Yee\Yee->execute()
#20 {main}
ERROR - 2016-07-14 08:50:13 - exception 'Twig_Error_Loader' with message 'Unable to find template "/header.tpl" (looked into: ./templates) in "/mail/signup.tpl" at line 1.' in /var/www/html/Twig/Loader/Filesystem.php:191
Stack trace:
#0 /var/www/html/Twig/Loader/Filesystem.php(138): Twig_Loader_Filesystem->findTemplate('/header.tpl')
#1 /var/www/html/Twig/Environment.php(265): Twig_Loader_Filesystem->getCacheKey('/header.tpl')
#2 /var/www/html/Twig/Environment.php(323): Twig_Environment->getTemplateClass('/header.tpl', NULL)
#3 /var/www/html/cache/templates_c/74/3e/859d6dc8588d89330181d341ea02f6c483617f00abc8df814eb81252f467.php(19): Twig_Environment->loadTemplate('/header.tpl')
#4 /var/www/html/Twig/Template.php(279): __TwigTemplate_743e859d6dc8588d89330181d341ea02f6c483617f00abc8df814eb81252f467->doDisplay(Array, Array)
#5 /var/www/html/Twig/Template.php(253): Twig_Template->displayWithErrorHandling(Array, Array)
#6 /var/www/html/Twig/Template.php(264): Twig_Template->display(Array)
#7 /var/www/html/Yee/Views/Twig.php(91): Twig_Template->render(Array)
#8 /var/www/html/Yee/View.php(255): Yee\Views\Twig->render('/mail/signup.tp...', NULL)
#9 /var/www/html/Yee/View.php(243): Yee\View->fetch('/mail/signup.tp...', NULL)
#10 /var/www/html/Yee/Yee.php(764): Yee\View->display('/mail/signup.tp...')
#11 /var/www/html/App/Library/EmailSender.php(34): Yee\Yee->render('/mail/signup.tp...', Array)
#12 /var/www/html/App/Controllers/Signup/SignupController.php(49): App\Library\EmailSender->buildEmail()
#13 [internal function]: SignupController->indexPostAction()
#14 /var/www/html/Yee/Managers/Controller/Controller.php(22): call_user_func_array(Array, Array)
#15 [internal function]: Yee\Managers\Controller\Controller::__callStatic('___indexPostAct...', Array)
#16 [internal function]: SignupController::___indexPostAction()
#17 /var/www/html/Yee/Route.php(462): call_user_func_array('SignupControlle...', Array)
#18 /var/www/html/Yee/Yee.php(1333): Yee\Route->dispatch()
#19 /var/www/html/Yee/Middleware/Flash.php(85): Yee\Yee->call()
#20 /var/www/html/Yee/Middleware/MethodOverride.php(92): Yee\Middleware\Flash->call()
#21 /var/www/html/Yee/Middleware/PrettyExceptions.php(67): Yee\Middleware\MethodOverride->call()
#22 /var/www/html/Yee/Yee.php(1278): Yee\Middleware\PrettyExceptions->call()
#23 /var/www/html/index.php(48): Yee\Yee->execute()
#24 {main}
ERROR - 2016-07-14 08:51:13 - exception 'Twig_Error_Loader' with message 'Unable to find template "/header.tpl" (looked into: ./templates) in "/mail/signup.tpl" at line 1.' in /var/www/html/Twig/Loader/Filesystem.php:191
Stack trace:
#0 /var/www/html/Twig/Loader/Filesystem.php(138): Twig_Loader_Filesystem->findTemplate('/header.tpl')
#1 /var/www/html/Twig/Environment.php(265): Twig_Loader_Filesystem->getCacheKey('/header.tpl')
#2 /var/www/html/Twig/Environment.php(323): Twig_Environment->getTemplateClass('/header.tpl', NULL)
#3 /var/www/html/cache/templates_c/74/3e/859d6dc8588d89330181d341ea02f6c483617f00abc8df814eb81252f467.php(19): Twig_Environment->loadTemplate('/header.tpl')
#4 /var/www/html/Twig/Template.php(279): __TwigTemplate_743e859d6dc8588d89330181d341ea02f6c483617f00abc8df814eb81252f467->doDisplay(Array, Array)
#5 /var/www/html/Twig/Template.php(253): Twig_Template->displayWithErrorHandling(Array, Array)
#6 /var/www/html/Twig/Template.php(264): Twig_Template->display(Array)
#7 /var/www/html/Yee/Views/Twig.php(91): Twig_Template->render(Array)
#8 /var/www/html/Yee/View.php(255): Yee\Views\Twig->render('/mail/signup.tp...', NULL)
#9 /var/www/html/Yee/View.php(243): Yee\View->fetch('/mail/signup.tp...', NULL)
#10 /var/www/html/Yee/Yee.php(764): Yee\View->display('/mail/signup.tp...')
#11 /var/www/html/App/Library/EmailSender.php(34): Yee\Yee->render('/mail/signup.tp...', Array)
#12 /var/www/html/App/Controllers/Signup/SignupController.php(49): App\Library\EmailSender->buildEmail()
#13 [internal function]: SignupController->indexPostAction()
#14 /var/www/html/Yee/Managers/Controller/Controller.php(22): call_user_func_array(Array, Array)
#15 [internal function]: Yee\Managers\Controller\Controller::__callStatic('___indexPostAct...', Array)
#16 [internal function]: SignupController::___indexPostAction()
#17 /var/www/html/Yee/Route.php(462): call_user_func_array('SignupControlle...', Array)
#18 /var/www/html/Yee/Yee.php(1333): Yee\Route->dispatch()
#19 /var/www/html/Yee/Middleware/Flash.php(85): Yee\Yee->call()
#20 /var/www/html/Yee/Middleware/MethodOverride.php(92): Yee\Middleware\Flash->call()
#21 /var/www/html/Yee/Middleware/PrettyExceptions.php(67): Yee\Middleware\MethodOverride->call()
#22 /var/www/html/Yee/Yee.php(1278): Yee\Middleware\PrettyExceptions->call()
#23 /var/www/html/index.php(48): Yee\Yee->execute()
#24 {main}
ERROR - 2016-07-14 08:51:23 - exception 'Twig_Error_Loader' with message 'Unable to find template "/header.tpl" (looked into: ./templates) in "/mail/signup.tpl" at line 1.' in /var/www/html/Twig/Loader/Filesystem.php:191
Stack trace:
#0 /var/www/html/Twig/Loader/Filesystem.php(138): Twig_Loader_Filesystem->findTemplate('/header.tpl')
#1 /var/www/html/Twig/Environment.php(265): Twig_Loader_Filesystem->getCacheKey('/header.tpl')
#2 /var/www/html/Twig/Environment.php(323): Twig_Environment->getTemplateClass('/header.tpl', NULL)
#3 /var/www/html/cache/templates_c/74/3e/859d6dc8588d89330181d341ea02f6c483617f00abc8df814eb81252f467.php(19): Twig_Environment->loadTemplate('/header.tpl')
#4 /var/www/html/Twig/Template.php(279): __TwigTemplate_743e859d6dc8588d89330181d341ea02f6c483617f00abc8df814eb81252f467->doDisplay(Array, Array)
#5 /var/www/html/Twig/Template.php(253): Twig_Template->displayWithErrorHandling(Array, Array)
#6 /var/www/html/Twig/Template.php(264): Twig_Template->display(Array)
#7 /var/www/html/Yee/Views/Twig.php(91): Twig_Template->render(Array)
#8 /var/www/html/Yee/View.php(255): Yee\Views\Twig->render('/mail/signup.tp...', NULL)
#9 /var/www/html/Yee/View.php(243): Yee\View->fetch('/mail/signup.tp...', NULL)
#10 /var/www/html/Yee/Yee.php(764): Yee\View->display('/mail/signup.tp...')
#11 /var/www/html/App/Library/EmailSender.php(34): Yee\Yee->render('/mail/signup.tp...', Array)
#12 /var/www/html/App/Controllers/Signup/SignupController.php(49): App\Library\EmailSender->buildEmail()
#13 [internal function]: SignupController->indexPostAction()
#14 /var/www/html/Yee/Managers/Controller/Controller.php(22): call_user_func_array(Array, Array)
#15 [internal function]: Yee\Managers\Controller\Controller::__callStatic('___indexPostAct...', Array)
#16 [internal function]: SignupController::___indexPostAction()
#17 /var/www/html/Yee/Route.php(462): call_user_func_array('SignupControlle...', Array)
#18 /var/www/html/Yee/Yee.php(1333): Yee\Route->dispatch()
#19 /var/www/html/Yee/Middleware/Flash.php(85): Yee\Yee->call()
#20 /var/www/html/Yee/Middleware/MethodOverride.php(92): Yee\Middleware\Flash->call()
#21 /var/www/html/Yee/Middleware/PrettyExceptions.php(67): Yee\Middleware\MethodOverride->call()
#22 /var/www/html/Yee/Yee.php(1278): Yee\Middleware\PrettyExceptions->call()
#23 /var/www/html/index.php(48): Yee\Yee->execute()
#24 {main}
ERROR - 2016-07-14 08:51:38 - exception 'Twig_Error_Loader' with message 'Unable to find template "/footer.tpl" (looked into: ./templates) in "/mail/signup.tpl" at line 35.' in /var/www/html/Twig/Loader/Filesystem.php:191
Stack trace:
#0 /var/www/html/Twig/Loader/Filesystem.php(138): Twig_Loader_Filesystem->findTemplate('/footer.tpl')
#1 /var/www/html/Twig/Environment.php(265): Twig_Loader_Filesystem->getCacheKey('/footer.tpl')
#2 /var/www/html/Twig/Environment.php(323): Twig_Environment->getTemplateClass('/footer.tpl', NULL)
#3 /var/www/html/cache/templates_c/74/3e/859d6dc8588d89330181d341ea02f6c483617f00abc8df814eb81252f467.php(59): Twig_Environment->loadTemplate('/footer.tpl')
#4 /var/www/html/Twig/Template.php(279): __TwigTemplate_743e859d6dc8588d89330181d341ea02f6c483617f00abc8df814eb81252f467->doDisplay(Array, Array)
#5 /var/www/html/Twig/Template.php(253): Twig_Template->displayWithErrorHandling(Array, Array)
#6 /var/www/html/Twig/Template.php(264): Twig_Template->display(Array)
#7 /var/www/html/Yee/Views/Twig.php(91): Twig_Template->render(Array)
#8 /var/www/html/Yee/View.php(255): Yee\Views\Twig->render('/mail/signup.tp...', NULL)
#9 /var/www/html/Yee/View.php(243): Yee\View->fetch('/mail/signup.tp...', NULL)
#10 /var/www/html/Yee/Yee.php(764): Yee\View->display('/mail/signup.tp...')
#11 /var/www/html/App/Library/EmailSender.php(34): Yee\Yee->render('/mail/signup.tp...', Array)
#12 /var/www/html/App/Controllers/Signup/SignupController.php(49): App\Library\EmailSender->buildEmail()
#13 [internal function]: SignupController->indexPostAction()
#14 /var/www/html/Yee/Managers/Controller/Controller.php(22): call_user_func_array(Array, Array)
#15 [internal function]: Yee\Managers\Controller\Controller::__callStatic('___indexPostAct...', Array)
#16 [internal function]: SignupController::___indexPostAction()
#17 /var/www/html/Yee/Route.php(462): call_user_func_array('SignupControlle...', Array)
#18 /var/www/html/Yee/Yee.php(1333): Yee\Route->dispatch()
#19 /var/www/html/Yee/Middleware/Flash.php(85): Yee\Yee->call()
#20 /var/www/html/Yee/Middleware/MethodOverride.php(92): Yee\Middleware\Flash->call()
#21 /var/www/html/Yee/Middleware/PrettyExceptions.php(67): Yee\Middleware\MethodOverride->call()
#22 /var/www/html/Yee/Yee.php(1278): Yee\Middleware\PrettyExceptions->call()
#23 /var/www/html/index.php(48): Yee\Yee->execute()
#24 {main}
ERROR - 2016-07-14 09:18:56 - exception 'Twig_Error_Syntax' with message 'Unknown tag name "messages" in "pages/signup.tpl" at line 15' in /var/www/html/Twig/Parser.php:182
Stack trace:
#0 /var/www/html/Twig/Parser.php(95): Twig_Parser->subparse(NULL, false)
#1 /var/www/html/Twig/Environment.php(507): Twig_Parser->parse(Object(Twig_TokenStream))
#2 /var/www/html/Twig/Environment.php(559): Twig_Environment->parse(Object(Twig_TokenStream))
#3 /var/www/html/Twig/Environment.php(334): Twig_Environment->compileSource('{% include "./c...', 'pages/signup.tp...')
#4 /var/www/html/Yee/Views/Twig.php(87): Twig_Environment->loadTemplate('pages/signup.tp...')
#5 /var/www/html/Yee/View.php(255): Yee\Views\Twig->render('pages/signup.tp...', NULL)
#6 /var/www/html/Yee/View.php(243): Yee\View->fetch('pages/signup.tp...', NULL)
#7 /var/www/html/Yee/Yee.php(764): Yee\View->display('pages/signup.tp...')
#8 /var/www/html/App/Controllers/Signup/SignupController.php(26): Yee\Yee->render('pages/signup.tp...', Array)
#9 [internal function]: SignupController->indexAction()
#10 /var/www/html/Yee/Managers/Controller/Controller.php(22): call_user_func_array(Array, Array)
#11 [internal function]: Yee\Managers\Controller\Controller::__callStatic('___indexAction', Array)
#12 [internal function]: SignupController::___indexAction()
#13 /var/www/html/Yee/Route.php(462): call_user_func_array('SignupControlle...', Array)
#14 /var/www/html/Yee/Yee.php(1333): Yee\Route->dispatch()
#15 /var/www/html/Yee/Middleware/Flash.php(85): Yee\Yee->call()
#16 /var/www/html/Yee/Middleware/MethodOverride.php(92): Yee\Middleware\Flash->call()
#17 /var/www/html/Yee/Middleware/PrettyExceptions.php(67): Yee\Middleware\MethodOverride->call()
#18 /var/www/html/Yee/Yee.php(1278): Yee\Middleware\PrettyExceptions->call()
#19 /var/www/html/index.php(48): Yee\Yee->execute()
#20 {main}
ERROR - 2016-07-14 09:21:49 - exception 'Twig_Error_Syntax' with message 'Unknown tag name "messages" in "pages/signup.tpl" at line 15' in /var/www/html/Twig/Parser.php:182
Stack trace:
#0 /var/www/html/Twig/Parser.php(95): Twig_Parser->subparse(NULL, false)
#1 /var/www/html/Twig/Environment.php(507): Twig_Parser->parse(Object(Twig_TokenStream))
#2 /var/www/html/Twig/Environment.php(559): Twig_Environment->parse(Object(Twig_TokenStream))
#3 /var/www/html/Twig/Environment.php(334): Twig_Environment->compileSource('{% include "./c...', 'pages/signup.tp...')
#4 /var/www/html/Yee/Views/Twig.php(87): Twig_Environment->loadTemplate('pages/signup.tp...')
#5 /var/www/html/Yee/View.php(255): Yee\Views\Twig->render('pages/signup.tp...', NULL)
#6 /var/www/html/Yee/View.php(243): Yee\View->fetch('pages/signup.tp...', NULL)
#7 /var/www/html/Yee/Yee.php(764): Yee\View->display('pages/signup.tp...')
#8 /var/www/html/App/Controllers/Signup/SignupController.php(26): Yee\Yee->render('pages/signup.tp...', Array)
#9 [internal function]: SignupController->indexAction()
#10 /var/www/html/Yee/Managers/Controller/Controller.php(22): call_user_func_array(Array, Array)
#11 [internal function]: Yee\Managers\Controller\Controller::__callStatic('___indexAction', Array)
#12 [internal function]: SignupController::___indexAction()
#13 /var/www/html/Yee/Route.php(462): call_user_func_array('SignupControlle...', Array)
#14 /var/www/html/Yee/Yee.php(1333): Yee\Route->dispatch()
#15 /var/www/html/Yee/Middleware/Flash.php(85): Yee\Yee->call()
#16 /var/www/html/Yee/Middleware/MethodOverride.php(92): Yee\Middleware\Flash->call()
#17 /var/www/html/Yee/Middleware/PrettyExceptions.php(67): Yee\Middleware\MethodOverride->call()
#18 /var/www/html/Yee/Yee.php(1278): Yee\Middleware\PrettyExceptions->call()
#19 /var/www/html/index.php(48): Yee\Yee->execute()
#20 {main}
ERROR - 2016-07-14 09:22:23 - exception 'Twig_Error_Syntax' with message 'Unknown tag name "messages" in "pages/signup.tpl" at line 15' in /var/www/html/Twig/Parser.php:182
Stack trace:
#0 /var/www/html/Twig/Parser.php(95): Twig_Parser->subparse(NULL, false)
#1 /var/www/html/Twig/Environment.php(507): Twig_Parser->parse(Object(Twig_TokenStream))
#2 /var/www/html/Twig/Environment.php(559): Twig_Environment->parse(Object(Twig_TokenStream))
#3 /var/www/html/Twig/Environment.php(334): Twig_Environment->compileSource('{% include "./c...', 'pages/signup.tp...')
#4 /var/www/html/Yee/Views/Twig.php(87): Twig_Environment->loadTemplate('pages/signup.tp...')
#5 /var/www/html/Yee/View.php(255): Yee\Views\Twig->render('pages/signup.tp...', NULL)
#6 /var/www/html/Yee/View.php(243): Yee\View->fetch('pages/signup.tp...', NULL)
#7 /var/www/html/Yee/Yee.php(764): Yee\View->display('pages/signup.tp...')
#8 /var/www/html/App/Controllers/Signup/SignupController.php(26): Yee\Yee->render('pages/signup.tp...', Array)
#9 [internal function]: SignupController->indexAction()
#10 /var/www/html/Yee/Managers/Controller/Controller.php(22): call_user_func_array(Array, Array)
#11 [internal function]: Yee\Managers\Controller\Controller::__callStatic('___indexAction', Array)
#12 [internal function]: SignupController::___indexAction()
#13 /var/www/html/Yee/Route.php(462): call_user_func_array('SignupControlle...', Array)
#14 /var/www/html/Yee/Yee.php(1333): Yee\Route->dispatch()
#15 /var/www/html/Yee/Middleware/Flash.php(85): Yee\Yee->call()
#16 /var/www/html/Yee/Middleware/MethodOverride.php(92): Yee\Middleware\Flash->call()
#17 /var/www/html/Yee/Middleware/PrettyExceptions.php(67): Yee\Middleware\MethodOverride->call()
#18 /var/www/html/Yee/Yee.php(1278): Yee\Middleware\PrettyExceptions->call()
#19 /var/www/html/index.php(48): Yee\Yee->execute()
#20 {main}
ERROR - 2016-07-14 09:23:11 - exception 'Twig_Error_Syntax' with message 'Unexpected token "operator" of value "%" in "pages/signup.tpl" at line 15' in /var/www/html/Twig/ExpressionParser.php:175
Stack trace:
#0 /var/www/html/Twig/ExpressionParser.php(84): Twig_ExpressionParser->parsePrimaryExpression()
#1 /var/www/html/Twig/ExpressionParser.php(41): Twig_ExpressionParser->getPrimary()
#2 /var/www/html/Twig/Parser.php(141): Twig_ExpressionParser->parseExpression()
#3 /var/www/html/Twig/Parser.php(95): Twig_Parser->subparse(NULL, false)
#4 /var/www/html/Twig/Environment.php(507): Twig_Parser->parse(Object(Twig_TokenStream))
#5 /var/www/html/Twig/Environment.php(559): Twig_Environment->parse(Object(Twig_TokenStream))
#6 /var/www/html/Twig/Environment.php(334): Twig_Environment->compileSource('{% include "./c...', 'pages/signup.tp...')
#7 /var/www/html/Yee/Views/Twig.php(87): Twig_Environment->loadTemplate('pages/signup.tp...')
#8 /var/www/html/Yee/View.php(255): Yee\Views\Twig->render('pages/signup.tp...', NULL)
#9 /var/www/html/Yee/View.php(243): Yee\View->fetch('pages/signup.tp...', NULL)
#10 /var/www/html/Yee/Yee.php(764): Yee\View->display('pages/signup.tp...')
#11 /var/www/html/App/Controllers/Signup/SignupController.php(26): Yee\Yee->render('pages/signup.tp...', Array)
#12 [internal function]: SignupController->indexAction()
#13 /var/www/html/Yee/Managers/Controller/Controller.php(22): call_user_func_array(Array, Array)
#14 [internal function]: Yee\Managers\Controller\Controller::__callStatic('___indexAction', Array)
#15 [internal function]: SignupController::___indexAction()
#16 /var/www/html/Yee/Route.php(462): call_user_func_array('SignupControlle...', Array)
#17 /var/www/html/Yee/Yee.php(1333): Yee\Route->dispatch()
#18 /var/www/html/Yee/Middleware/Flash.php(85): Yee\Yee->call()
#19 /var/www/html/Yee/Middleware/MethodOverride.php(92): Yee\Middleware\Flash->call()
#20 /var/www/html/Yee/Middleware/PrettyExceptions.php(67): Yee\Middleware\MethodOverride->call()
#21 /var/www/html/Yee/Yee.php(1278): Yee\Middleware\PrettyExceptions->call()
#22 /var/www/html/index.php(48): Yee\Yee->execute()
#23 {main}
ERROR - 2016-07-14 09:44:20 - exception 'ErrorException' with message 'Missing argument 5 for App\Library\EmailSender::__construct(), called in /var/www/html/App/Controllers/Test/TestController.php on line 26 and defined' in /var/www/html/App/Library/EmailSender.php:16
Stack trace:
#0 /var/www/html/App/Library/EmailSender.php(16): Yee\Yee::handleErrors(2, 'Missing argumen...', '/var/www/html/A...', 16, Array)
#1 /var/www/html/App/Controllers/Test/TestController.php(26): App\Library\EmailSender->__construct('anton.kapanov@g...', 'anton.kapanov@g...', Array, 'signup')
#2 /var/www/html/App/Controllers/Signup/SignupController.php(47): TestController->testAction()
#3 [internal function]: SignupController->indexPostAction()
#4 /var/www/html/Yee/Managers/Controller/Controller.php(22): call_user_func_array(Array, Array)
#5 [internal function]: Yee\Managers\Controller\Controller::__callStatic('___indexPostAct...', Array)
#6 [internal function]: SignupController::___indexPostAction()
#7 /var/www/html/Yee/Route.php(462): call_user_func_array('SignupControlle...', Array)
#8 /var/www/html/Yee/Yee.php(1333): Yee\Route->dispatch()
#9 /var/www/html/Yee/Middleware/Flash.php(85): Yee\Yee->call()
#10 /var/www/html/Yee/Middleware/MethodOverride.php(92): Yee\Middleware\Flash->call()
#11 /var/www/html/Yee/Middleware/PrettyExceptions.php(67): Yee\Middleware\MethodOverride->call()
#12 /var/www/html/Yee/Yee.php(1278): Yee\Middleware\PrettyExceptions->call()
#13 /var/www/html/index.php(48): Yee\Yee->execute()
#14 {main}
