ERROR - 2016-07-13 07:13:36 - exception 'ErrorException' with message 'Undefined variable: temp' in /var/www/html/App/Controllers/Signup/SignupController.php:29
Stack trace:
#0 /var/www/html/App/Controllers/Signup/SignupController.php(29): Yee\Yee::handleErrors(8, 'Undefined varia...', '/var/www/html/A...', 29, Array)
#1 [internal function]: SignupController->indexAction()
#2 /var/www/html/Yee/Managers/Controller/Controller.php(22): call_user_func_array(Array, Array)
#3 [internal function]: Yee\Managers\Controller\Controller::__callStatic('___indexAction', Array)
#4 [internal function]: SignupController::___indexAction()
#5 /var/www/html/Yee/Route.php(462): call_user_func_array('SignupControlle...', Array)
#6 /var/www/html/Yee/Yee.php(1333): Yee\Route->dispatch()
#7 /var/www/html/Yee/Middleware/Flash.php(85): Yee\Yee->call()
#8 /var/www/html/Yee/Middleware/MethodOverride.php(92): Yee\Middleware\Flash->call()
#9 /var/www/html/Yee/Middleware/PrettyExceptions.php(67): Yee\Middleware\MethodOverride->call()
#10 /var/www/html/Yee/Yee.php(1278): Yee\Middleware\PrettyExceptions->call()
#11 /var/www/html/index.php(48): Yee\Yee->execute()
#12 {main}
ERROR - 2016-07-13 08:31:08 - exception 'ErrorException' with message 'Undefined variable: temp' in /var/www/html/App/Controllers/Signup/SignupController.php:29
Stack trace:
#0 /var/www/html/App/Controllers/Signup/SignupController.php(29): Yee\Yee::handleErrors(8, 'Undefined varia...', '/var/www/html/A...', 29, Array)
#1 [internal function]: SignupController->indexAction()
#2 /var/www/html/Yee/Managers/Controller/Controller.php(22): call_user_func_array(Array, Array)
#3 [internal function]: Yee\Managers\Controller\Controller::__callStatic('___indexAction', Array)
#4 [internal function]: SignupController::___indexAction()
#5 /var/www/html/Yee/Route.php(462): call_user_func_array('SignupControlle...', Array)
#6 /var/www/html/Yee/Yee.php(1333): Yee\Route->dispatch()
#7 /var/www/html/Yee/Middleware/Flash.php(85): Yee\Yee->call()
#8 /var/www/html/Yee/Middleware/MethodOverride.php(92): Yee\Middleware\Flash->call()
#9 /var/www/html/Yee/Middleware/PrettyExceptions.php(67): Yee\Middleware\MethodOverride->call()
#10 /var/www/html/Yee/Yee.php(1278): Yee\Middleware\PrettyExceptions->call()
#11 /var/www/html/index.php(48): Yee\Yee->execute()
#12 {main}
ERROR - 2016-07-13 12:01:15 - exception 'ErrorException' with message 'Undefined variable: msg' in /var/www/html/App/Controllers/Signup/SignupController.php:56
Stack trace:
#0 /var/www/html/App/Controllers/Signup/SignupController.php(56): Yee\Yee::handleErrors(8, 'Undefined varia...', '/var/www/html/A...', 56, Array)
#1 [internal function]: SignupController->indexPostAction()
#2 /var/www/html/Yee/Managers/Controller/Controller.php(22): call_user_func_array(Array, Array)
#3 [internal function]: Yee\Managers\Controller\Controller::__callStatic('___indexPostAct...', Array)
#4 [internal function]: SignupController::___indexPostAction()
#5 /var/www/html/Yee/Route.php(462): call_user_func_array('SignupControlle...', Array)
#6 /var/www/html/Yee/Yee.php(1333): Yee\Route->dispatch()
#7 /var/www/html/Yee/Middleware/Flash.php(85): Yee\Yee->call()
#8 /var/www/html/Yee/Middleware/MethodOverride.php(92): Yee\Middleware\Flash->call()
#9 /var/www/html/Yee/Middleware/PrettyExceptions.php(67): Yee\Middleware\MethodOverride->call()
#10 /var/www/html/Yee/Yee.php(1278): Yee\Middleware\PrettyExceptions->call()
#11 /var/www/html/index.php(48): Yee\Yee->execute()
#12 {main}
ERROR - 2016-07-13 12:02:40 - exception 'ErrorException' with message 'Undefined variable: msg' in /var/www/html/App/Controllers/Signup/SignupController.php:57
Stack trace:
#0 /var/www/html/App/Controllers/Signup/SignupController.php(57): Yee\Yee::handleErrors(8, 'Undefined varia...', '/var/www/html/A...', 57, Array)
#1 [internal function]: SignupController->indexPostAction()
#2 /var/www/html/Yee/Managers/Controller/Controller.php(22): call_user_func_array(Array, Array)
#3 [internal function]: Yee\Managers\Controller\Controller::__callStatic('___indexPostAct...', Array)
#4 [internal function]: SignupController::___indexPostAction()
#5 /var/www/html/Yee/Route.php(462): call_user_func_array('SignupControlle...', Array)
#6 /var/www/html/Yee/Yee.php(1333): Yee\Route->dispatch()
#7 /var/www/html/Yee/Middleware/Flash.php(85): Yee\Yee->call()
#8 /var/www/html/Yee/Middleware/MethodOverride.php(92): Yee\Middleware\Flash->call()
#9 /var/www/html/Yee/Middleware/PrettyExceptions.php(67): Yee\Middleware\MethodOverride->call()
#10 /var/www/html/Yee/Yee.php(1278): Yee\Middleware\PrettyExceptions->call()
#11 /var/www/html/index.php(48): Yee\Yee->execute()
#12 {main}
ERROR - 2016-07-13 12:03:02 - exception 'ErrorException' with message 'Undefined variable: errorMsg' in /var/www/html/App/Controllers/Signup/SignupController.php:61
Stack trace:
#0 /var/www/html/App/Controllers/Signup/SignupController.php(61): Yee\Yee::handleErrors(8, 'Undefined varia...', '/var/www/html/A...', 61, Array)
#1 [internal function]: SignupController->indexPostAction()
#2 /var/www/html/Yee/Managers/Controller/Controller.php(22): call_user_func_array(Array, Array)
#3 [internal function]: Yee\Managers\Controller\Controller::__callStatic('___indexPostAct...', Array)
#4 [internal function]: SignupController::___indexPostAction()
#5 /var/www/html/Yee/Route.php(462): call_user_func_array('SignupControlle...', Array)
#6 /var/www/html/Yee/Yee.php(1333): Yee\Route->dispatch()
#7 /var/www/html/Yee/Middleware/Flash.php(85): Yee\Yee->call()
#8 /var/www/html/Yee/Middleware/MethodOverride.php(92): Yee\Middleware\Flash->call()
#9 /var/www/html/Yee/Middleware/PrettyExceptions.php(67): Yee\Middleware\MethodOverride->call()
#10 /var/www/html/Yee/Yee.php(1278): Yee\Middleware\PrettyExceptions->call()
#11 /var/www/html/index.php(48): Yee\Yee->execute()
#12 {main}
ERROR - 2016-07-13 12:03:16 - exception 'ErrorException' with message 'Undefined variable: errorMsg' in /var/www/html/App/Controllers/Signup/SignupController.php:61
Stack trace:
#0 /var/www/html/App/Controllers/Signup/SignupController.php(61): Yee\Yee::handleErrors(8, 'Undefined varia...', '/var/www/html/A...', 61, Array)
#1 [internal function]: SignupController->indexPostAction()
#2 /var/www/html/Yee/Managers/Controller/Controller.php(22): call_user_func_array(Array, Array)
#3 [internal function]: Yee\Managers\Controller\Controller::__callStatic('___indexPostAct...', Array)
#4 [internal function]: SignupController::___indexPostAction()
#5 /var/www/html/Yee/Route.php(462): call_user_func_array('SignupControlle...', Array)
#6 /var/www/html/Yee/Yee.php(1333): Yee\Route->dispatch()
#7 /var/www/html/Yee/Middleware/Flash.php(85): Yee\Yee->call()
#8 /var/www/html/Yee/Middleware/MethodOverride.php(92): Yee\Middleware\Flash->call()
#9 /var/www/html/Yee/Middleware/PrettyExceptions.php(67): Yee\Middleware\MethodOverride->call()
#10 /var/www/html/Yee/Yee.php(1278): Yee\Middleware\PrettyExceptions->call()
#11 /var/www/html/index.php(48): Yee\Yee->execute()
#12 {main}
ERROR - 2016-07-13 12:05:36 - exception 'ErrorException' with message 'Undefined variable: msg' in /var/www/html/App/Controllers/Signup/SignupController.php:57
Stack trace:
#0 /var/www/html/App/Controllers/Signup/SignupController.php(57): Yee\Yee::handleErrors(8, 'Undefined varia...', '/var/www/html/A...', 57, Array)
#1 [internal function]: SignupController->indexPostAction()
#2 /var/www/html/Yee/Managers/Controller/Controller.php(22): call_user_func_array(Array, Array)
#3 [internal function]: Yee\Managers\Controller\Controller::__callStatic('___indexPostAct...', Array)
#4 [internal function]: SignupController::___indexPostAction()
#5 /var/www/html/Yee/Route.php(462): call_user_func_array('SignupControlle...', Array)
#6 /var/www/html/Yee/Yee.php(1333): Yee\Route->dispatch()
#7 /var/www/html/Yee/Middleware/Flash.php(85): Yee\Yee->call()
#8 /var/www/html/Yee/Middleware/MethodOverride.php(92): Yee\Middleware\Flash->call()
#9 /var/www/html/Yee/Middleware/PrettyExceptions.php(67): Yee\Middleware\MethodOverride->call()
#10 /var/www/html/Yee/Yee.php(1278): Yee\Middleware\PrettyExceptions->call()
#11 /var/www/html/index.php(48): Yee\Yee->execute()
#12 {main}
ERROR - 2016-07-13 12:06:45 - exception 'ErrorException' with message 'Undefined variable: errorMsg' in /var/www/html/App/Controllers/Signup/SignupController.php:57
Stack trace:
#0 /var/www/html/App/Controllers/Signup/SignupController.php(57): Yee\Yee::handleErrors(8, 'Undefined varia...', '/var/www/html/A...', 57, Array)
#1 [internal function]: SignupController->indexPostAction()
#2 /var/www/html/Yee/Managers/Controller/Controller.php(22): call_user_func_array(Array, Array)
#3 [internal function]: Yee\Managers\Controller\Controller::__callStatic('___indexPostAct...', Array)
#4 [internal function]: SignupController::___indexPostAction()
#5 /var/www/html/Yee/Route.php(462): call_user_func_array('SignupControlle...', Array)
#6 /var/www/html/Yee/Yee.php(1333): Yee\Route->dispatch()
#7 /var/www/html/Yee/Middleware/Flash.php(85): Yee\Yee->call()
#8 /var/www/html/Yee/Middleware/MethodOverride.php(92): Yee\Middleware\Flash->call()
#9 /var/www/html/Yee/Middleware/PrettyExceptions.php(67): Yee\Middleware\MethodOverride->call()
#10 /var/www/html/Yee/Yee.php(1278): Yee\Middleware\PrettyExceptions->call()
#11 /var/www/html/index.php(48): Yee\Yee->execute()
#12 {main}
ERROR - 2016-07-13 12:07:05 - exception 'ErrorException' with message 'Undefined variable: errorMsg' in /var/www/html/App/Controllers/Signup/SignupController.php:61
Stack trace:
#0 /var/www/html/App/Controllers/Signup/SignupController.php(61): Yee\Yee::handleErrors(8, 'Undefined varia...', '/var/www/html/A...', 61, Array)
#1 [internal function]: SignupController->indexPostAction()
#2 /var/www/html/Yee/Managers/Controller/Controller.php(22): call_user_func_array(Array, Array)
#3 [internal function]: Yee\Managers\Controller\Controller::__callStatic('___indexPostAct...', Array)
#4 [internal function]: SignupController::___indexPostAction()
#5 /var/www/html/Yee/Route.php(462): call_user_func_array('SignupControlle...', Array)
#6 /var/www/html/Yee/Yee.php(1333): Yee\Route->dispatch()
#7 /var/www/html/Yee/Middleware/Flash.php(85): Yee\Yee->call()
#8 /var/www/html/Yee/Middleware/MethodOverride.php(92): Yee\Middleware\Flash->call()
#9 /var/www/html/Yee/Middleware/PrettyExceptions.php(67): Yee\Middleware\MethodOverride->call()
#10 /var/www/html/Yee/Yee.php(1278): Yee\Middleware\PrettyExceptions->call()
#11 /var/www/html/index.php(48): Yee\Yee->execute()
#12 {main}
ERROR - 2016-07-13 12:07:07 - exception 'ErrorException' with message 'Undefined variable: errorMsg' in /var/www/html/App/Controllers/Signup/SignupController.php:61
Stack trace:
#0 /var/www/html/App/Controllers/Signup/SignupController.php(61): Yee\Yee::handleErrors(8, 'Undefined varia...', '/var/www/html/A...', 61, Array)
#1 [internal function]: SignupController->indexPostAction()
#2 /var/www/html/Yee/Managers/Controller/Controller.php(22): call_user_func_array(Array, Array)
#3 [internal function]: Yee\Managers\Controller\Controller::__callStatic('___indexPostAct...', Array)
#4 [internal function]: SignupController::___indexPostAction()
#5 /var/www/html/Yee/Route.php(462): call_user_func_array('SignupControlle...', Array)
#6 /var/www/html/Yee/Yee.php(1333): Yee\Route->dispatch()
#7 /var/www/html/Yee/Middleware/Flash.php(85): Yee\Yee->call()
#8 /var/www/html/Yee/Middleware/MethodOverride.php(92): Yee\Middleware\Flash->call()
#9 /var/www/html/Yee/Middleware/PrettyExceptions.php(67): Yee\Middleware\MethodOverride->call()
#10 /var/www/html/Yee/Yee.php(1278): Yee\Middleware\PrettyExceptions->call()
#11 /var/www/html/index.php(48): Yee\Yee->execute()
#12 {main}
ERROR - 2016-07-13 12:15:14 - exception 'ErrorException' with message 'Undefined variable: errorMsg' in /var/www/html/App/Controllers/Signup/SignupController.php:57
Stack trace:
#0 /var/www/html/App/Controllers/Signup/SignupController.php(57): Yee\Yee::handleErrors(8, 'Undefined varia...', '/var/www/html/A...', 57, Array)
#1 [internal function]: SignupController->indexPostAction()
#2 /var/www/html/Yee/Managers/Controller/Controller.php(22): call_user_func_array(Array, Array)
#3 [internal function]: Yee\Managers\Controller\Controller::__callStatic('___indexPostAct...', Array)
#4 [internal function]: SignupController::___indexPostAction()
#5 /var/www/html/Yee/Route.php(462): call_user_func_array('SignupControlle...', Array)
#6 /var/www/html/Yee/Yee.php(1333): Yee\Route->dispatch()
#7 /var/www/html/Yee/Middleware/Flash.php(85): Yee\Yee->call()
#8 /var/www/html/Yee/Middleware/MethodOverride.php(92): Yee\Middleware\Flash->call()
#9 /var/www/html/Yee/Middleware/PrettyExceptions.php(67): Yee\Middleware\MethodOverride->call()
#10 /var/www/html/Yee/Yee.php(1278): Yee\Middleware\PrettyExceptions->call()
#11 /var/www/html/index.php(48): Yee\Yee->execute()
#12 {main}
ERROR - 2016-07-13 12:15:37 - exception 'ErrorException' with message 'Undefined variable: errorMsg' in /var/www/html/App/Controllers/Signup/SignupController.php:57
Stack trace:
#0 /var/www/html/App/Controllers/Signup/SignupController.php(57): Yee\Yee::handleErrors(8, 'Undefined varia...', '/var/www/html/A...', 57, Array)
#1 [internal function]: SignupController->indexPostAction()
#2 /var/www/html/Yee/Managers/Controller/Controller.php(22): call_user_func_array(Array, Array)
#3 [internal function]: Yee\Managers\Controller\Controller::__callStatic('___indexPostAct...', Array)
#4 [internal function]: SignupController::___indexPostAction()
#5 /var/www/html/Yee/Route.php(462): call_user_func_array('SignupControlle...', Array)
#6 /var/www/html/Yee/Yee.php(1333): Yee\Route->dispatch()
#7 /var/www/html/Yee/Middleware/Flash.php(85): Yee\Yee->call()
#8 /var/www/html/Yee/Middleware/MethodOverride.php(92): Yee\Middleware\Flash->call()
#9 /var/www/html/Yee/Middleware/PrettyExceptions.php(67): Yee\Middleware\MethodOverride->call()
#10 /var/www/html/Yee/Yee.php(1278): Yee\Middleware\PrettyExceptions->call()
#11 /var/www/html/index.php(48): Yee\Yee->execute()
#12 {main}
