ERROR - 2016-07-18 08:41:49 - exception 'ErrorException' with message 'Undefined variable: data' in /var/www/html/App/Controllers/ajax/AjaxController.php:21
Stack trace:
#0 /var/www/html/App/Controllers/ajax/AjaxController.php(21): Yee\Yee::handleErrors(8, 'Undefined varia...', '/var/www/html/A...', 21, Array)
#1 [internal function]: AjaxController->indexAction()
#2 /var/www/html/Yee/Managers/Controller/Controller.php(22): call_user_func_array(Array, Array)
#3 [internal function]: Yee\Managers\Controller\Controller::__callStatic('___indexAction', Array)
#4 [internal function]: AjaxController::___indexAction()
#5 /var/www/html/Yee/Route.php(462): call_user_func_array('AjaxController:...', Array)
#6 /var/www/html/Yee/Yee.php(1333): Yee\Route->dispatch()
#7 /var/www/html/Yee/Middleware/Flash.php(85): Yee\Yee->call()
#8 /var/www/html/Yee/Middleware/MethodOverride.php(92): Yee\Middleware\Flash->call()
#9 /var/www/html/Yee/Middleware/PrettyExceptions.php(67): Yee\Middleware\MethodOverride->call()
#10 /var/www/html/Yee/Yee.php(1278): Yee\Middleware\PrettyExceptions->call()
#11 /var/www/html/index.php(48): Yee\Yee->execute()
#12 {main}
ERROR - 2016-07-18 08:41:49 - exception 'ErrorException' with message 'Undefined variable: data' in /var/www/html/App/Controllers/ajax/AjaxController.php:21
Stack trace:
#0 /var/www/html/App/Controllers/ajax/AjaxController.php(21): Yee\Yee::handleErrors(8, 'Undefined varia...', '/var/www/html/A...', 21, Array)
#1 [internal function]: AjaxController->indexAction()
#2 /var/www/html/Yee/Managers/Controller/Controller.php(22): call_user_func_array(Array, Array)
#3 [internal function]: Yee\Managers\Controller\Controller::__callStatic('___indexAction', Array)
#4 [internal function]: AjaxController::___indexAction()
#5 /var/www/html/Yee/Route.php(462): call_user_func_array('AjaxController:...', Array)
#6 /var/www/html/Yee/Yee.php(1333): Yee\Route->dispatch()
#7 /var/www/html/Yee/Middleware/Flash.php(85): Yee\Yee->call()
#8 /var/www/html/Yee/Middleware/MethodOverride.php(92): Yee\Middleware\Flash->call()
#9 /var/www/html/Yee/Middleware/PrettyExceptions.php(67): Yee\Middleware\MethodOverride->call()
#10 /var/www/html/Yee/Yee.php(1278): Yee\Middleware\PrettyExceptions->call()
#11 /var/www/html/index.php(48): Yee\Yee->execute()
#12 {main}
ERROR - 2016-07-18 08:41:50 - exception 'ErrorException' with message 'Undefined variable: data' in /var/www/html/App/Controllers/ajax/AjaxController.php:21
Stack trace:
#0 /var/www/html/App/Controllers/ajax/AjaxController.php(21): Yee\Yee::handleErrors(8, 'Undefined varia...', '/var/www/html/A...', 21, Array)
#1 [internal function]: AjaxController->indexAction()
#2 /var/www/html/Yee/Managers/Controller/Controller.php(22): call_user_func_array(Array, Array)
#3 [internal function]: Yee\Managers\Controller\Controller::__callStatic('___indexAction', Array)
#4 [internal function]: AjaxController::___indexAction()
#5 /var/www/html/Yee/Route.php(462): call_user_func_array('AjaxController:...', Array)
#6 /var/www/html/Yee/Yee.php(1333): Yee\Route->dispatch()
#7 /var/www/html/Yee/Middleware/Flash.php(85): Yee\Yee->call()
#8 /var/www/html/Yee/Middleware/MethodOverride.php(92): Yee\Middleware\Flash->call()
#9 /var/www/html/Yee/Middleware/PrettyExceptions.php(67): Yee\Middleware\MethodOverride->call()
#10 /var/www/html/Yee/Yee.php(1278): Yee\Middleware\PrettyExceptions->call()
#11 /var/www/html/index.php(48): Yee\Yee->execute()
#12 {main}
ERROR - 2016-07-18 08:41:51 - exception 'ErrorException' with message 'Undefined variable: data' in /var/www/html/App/Controllers/ajax/AjaxController.php:21
Stack trace:
#0 /var/www/html/App/Controllers/ajax/AjaxController.php(21): Yee\Yee::handleErrors(8, 'Undefined varia...', '/var/www/html/A...', 21, Array)
#1 [internal function]: AjaxController->indexAction()
#2 /var/www/html/Yee/Managers/Controller/Controller.php(22): call_user_func_array(Array, Array)
#3 [internal function]: Yee\Managers\Controller\Controller::__callStatic('___indexAction', Array)
#4 [internal function]: AjaxController::___indexAction()
#5 /var/www/html/Yee/Route.php(462): call_user_func_array('AjaxController:...', Array)
#6 /var/www/html/Yee/Yee.php(1333): Yee\Route->dispatch()
#7 /var/www/html/Yee/Middleware/Flash.php(85): Yee\Yee->call()
#8 /var/www/html/Yee/Middleware/MethodOverride.php(92): Yee\Middleware\Flash->call()
#9 /var/www/html/Yee/Middleware/PrettyExceptions.php(67): Yee\Middleware\MethodOverride->call()
#10 /var/www/html/Yee/Yee.php(1278): Yee\Middleware\PrettyExceptions->call()
#11 /var/www/html/index.php(48): Yee\Yee->execute()
#12 {main}
ERROR - 2016-07-18 08:41:51 - exception 'ErrorException' with message 'Undefined variable: data' in /var/www/html/App/Controllers/ajax/AjaxController.php:21
Stack trace:
#0 /var/www/html/App/Controllers/ajax/AjaxController.php(21): Yee\Yee::handleErrors(8, 'Undefined varia...', '/var/www/html/A...', 21, Array)
#1 [internal function]: AjaxController->indexAction()
#2 /var/www/html/Yee/Managers/Controller/Controller.php(22): call_user_func_array(Array, Array)
#3 [internal function]: Yee\Managers\Controller\Controller::__callStatic('___indexAction', Array)
#4 [internal function]: AjaxController::___indexAction()
#5 /var/www/html/Yee/Route.php(462): call_user_func_array('AjaxController:...', Array)
#6 /var/www/html/Yee/Yee.php(1333): Yee\Route->dispatch()
#7 /var/www/html/Yee/Middleware/Flash.php(85): Yee\Yee->call()
#8 /var/www/html/Yee/Middleware/MethodOverride.php(92): Yee\Middleware\Flash->call()
#9 /var/www/html/Yee/Middleware/PrettyExceptions.php(67): Yee\Middleware\MethodOverride->call()
#10 /var/www/html/Yee/Yee.php(1278): Yee\Middleware\PrettyExceptions->call()
#11 /var/www/html/index.php(48): Yee\Yee->execute()
#12 {main}
ERROR - 2016-07-18 08:41:52 - exception 'ErrorException' with message 'Undefined variable: data' in /var/www/html/App/Controllers/ajax/AjaxController.php:21
Stack trace:
#0 /var/www/html/App/Controllers/ajax/AjaxController.php(21): Yee\Yee::handleErrors(8, 'Undefined varia...', '/var/www/html/A...', 21, Array)
#1 [internal function]: AjaxController->indexAction()
#2 /var/www/html/Yee/Managers/Controller/Controller.php(22): call_user_func_array(Array, Array)
#3 [internal function]: Yee\Managers\Controller\Controller::__callStatic('___indexAction', Array)
#4 [internal function]: AjaxController::___indexAction()
#5 /var/www/html/Yee/Route.php(462): call_user_func_array('AjaxController:...', Array)
#6 /var/www/html/Yee/Yee.php(1333): Yee\Route->dispatch()
#7 /var/www/html/Yee/Middleware/Flash.php(85): Yee\Yee->call()
#8 /var/www/html/Yee/Middleware/MethodOverride.php(92): Yee\Middleware\Flash->call()
#9 /var/www/html/Yee/Middleware/PrettyExceptions.php(67): Yee\Middleware\MethodOverride->call()
#10 /var/www/html/Yee/Yee.php(1278): Yee\Middleware\PrettyExceptions->call()
#11 /var/www/html/index.php(48): Yee\Yee->execute()
#12 {main}
ERROR - 2016-07-18 08:41:53 - exception 'ErrorException' with message 'Undefined variable: data' in /var/www/html/App/Controllers/ajax/AjaxController.php:21
Stack trace:
#0 /var/www/html/App/Controllers/ajax/AjaxController.php(21): Yee\Yee::handleErrors(8, 'Undefined varia...', '/var/www/html/A...', 21, Array)
#1 [internal function]: AjaxController->indexAction()
#2 /var/www/html/Yee/Managers/Controller/Controller.php(22): call_user_func_array(Array, Array)
#3 [internal function]: Yee\Managers\Controller\Controller::__callStatic('___indexAction', Array)
#4 [internal function]: AjaxController::___indexAction()
#5 /var/www/html/Yee/Route.php(462): call_user_func_array('AjaxController:...', Array)
#6 /var/www/html/Yee/Yee.php(1333): Yee\Route->dispatch()
#7 /var/www/html/Yee/Middleware/Flash.php(85): Yee\Yee->call()
#8 /var/www/html/Yee/Middleware/MethodOverride.php(92): Yee\Middleware\Flash->call()
#9 /var/www/html/Yee/Middleware/PrettyExceptions.php(67): Yee\Middleware\MethodOverride->call()
#10 /var/www/html/Yee/Yee.php(1278): Yee\Middleware\PrettyExceptions->call()
#11 /var/www/html/index.php(48): Yee\Yee->execute()
#12 {main}
ERROR - 2016-07-18 08:41:53 - exception 'ErrorException' with message 'Undefined variable: data' in /var/www/html/App/Controllers/ajax/AjaxController.php:21
Stack trace:
#0 /var/www/html/App/Controllers/ajax/AjaxController.php(21): Yee\Yee::handleErrors(8, 'Undefined varia...', '/var/www/html/A...', 21, Array)
#1 [internal function]: AjaxController->indexAction()
#2 /var/www/html/Yee/Managers/Controller/Controller.php(22): call_user_func_array(Array, Array)
#3 [internal function]: Yee\Managers\Controller\Controller::__callStatic('___indexAction', Array)
#4 [internal function]: AjaxController::___indexAction()
#5 /var/www/html/Yee/Route.php(462): call_user_func_array('AjaxController:...', Array)
#6 /var/www/html/Yee/Yee.php(1333): Yee\Route->dispatch()
#7 /var/www/html/Yee/Middleware/Flash.php(85): Yee\Yee->call()
#8 /var/www/html/Yee/Middleware/MethodOverride.php(92): Yee\Middleware\Flash->call()
#9 /var/www/html/Yee/Middleware/PrettyExceptions.php(67): Yee\Middleware\MethodOverride->call()
#10 /var/www/html/Yee/Yee.php(1278): Yee\Middleware\PrettyExceptions->call()
#11 /var/www/html/index.php(48): Yee\Yee->execute()
#12 {main}
ERROR - 2016-07-18 08:41:57 - exception 'ErrorException' with message 'Undefined variable: data' in /var/www/html/App/Controllers/ajax/AjaxController.php:21
Stack trace:
#0 /var/www/html/App/Controllers/ajax/AjaxController.php(21): Yee\Yee::handleErrors(8, 'Undefined varia...', '/var/www/html/A...', 21, Array)
#1 [internal function]: AjaxController->indexAction()
#2 /var/www/html/Yee/Managers/Controller/Controller.php(22): call_user_func_array(Array, Array)
#3 [internal function]: Yee\Managers\Controller\Controller::__callStatic('___indexAction', Array)
#4 [internal function]: AjaxController::___indexAction()
#5 /var/www/html/Yee/Route.php(462): call_user_func_array('AjaxController:...', Array)
#6 /var/www/html/Yee/Yee.php(1333): Yee\Route->dispatch()
#7 /var/www/html/Yee/Middleware/Flash.php(85): Yee\Yee->call()
#8 /var/www/html/Yee/Middleware/MethodOverride.php(92): Yee\Middleware\Flash->call()
#9 /var/www/html/Yee/Middleware/PrettyExceptions.php(67): Yee\Middleware\MethodOverride->call()
#10 /var/www/html/Yee/Yee.php(1278): Yee\Middleware\PrettyExceptions->call()
#11 /var/www/html/index.php(48): Yee\Yee->execute()
#12 {main}
ERROR - 2016-07-18 08:44:09 - exception 'ErrorException' with message 'Undefined variable: data' in /var/www/html/App/Controllers/ajax/AjaxController.php:21
Stack trace:
#0 /var/www/html/App/Controllers/ajax/AjaxController.php(21): Yee\Yee::handleErrors(8, 'Undefined varia...', '/var/www/html/A...', 21, Array)
#1 [internal function]: AjaxController->indexAction()
#2 /var/www/html/Yee/Managers/Controller/Controller.php(22): call_user_func_array(Array, Array)
#3 [internal function]: Yee\Managers\Controller\Controller::__callStatic('___indexAction', Array)
#4 [internal function]: AjaxController::___indexAction()
#5 /var/www/html/Yee/Route.php(462): call_user_func_array('AjaxController:...', Array)
#6 /var/www/html/Yee/Yee.php(1333): Yee\Route->dispatch()
#7 /var/www/html/Yee/Middleware/Flash.php(85): Yee\Yee->call()
#8 /var/www/html/Yee/Middleware/MethodOverride.php(92): Yee\Middleware\Flash->call()
#9 /var/www/html/Yee/Middleware/PrettyExceptions.php(67): Yee\Middleware\MethodOverride->call()
#10 /var/www/html/Yee/Yee.php(1278): Yee\Middleware\PrettyExceptions->call()
#11 /var/www/html/index.php(48): Yee\Yee->execute()
#12 {main}
ERROR - 2016-07-18 08:44:09 - exception 'ErrorException' with message 'Undefined variable: data' in /var/www/html/App/Controllers/ajax/AjaxController.php:21
Stack trace:
#0 /var/www/html/App/Controllers/ajax/AjaxController.php(21): Yee\Yee::handleErrors(8, 'Undefined varia...', '/var/www/html/A...', 21, Array)
#1 [internal function]: AjaxController->indexAction()
#2 /var/www/html/Yee/Managers/Controller/Controller.php(22): call_user_func_array(Array, Array)
#3 [internal function]: Yee\Managers\Controller\Controller::__callStatic('___indexAction', Array)
#4 [internal function]: AjaxController::___indexAction()
#5 /var/www/html/Yee/Route.php(462): call_user_func_array('AjaxController:...', Array)
#6 /var/www/html/Yee/Yee.php(1333): Yee\Route->dispatch()
#7 /var/www/html/Yee/Middleware/Flash.php(85): Yee\Yee->call()
#8 /var/www/html/Yee/Middleware/MethodOverride.php(92): Yee\Middleware\Flash->call()
#9 /var/www/html/Yee/Middleware/PrettyExceptions.php(67): Yee\Middleware\MethodOverride->call()
#10 /var/www/html/Yee/Yee.php(1278): Yee\Middleware\PrettyExceptions->call()
#11 /var/www/html/index.php(48): Yee\Yee->execute()
#12 {main}
ERROR - 2016-07-18 08:44:10 - exception 'ErrorException' with message 'Undefined variable: data' in /var/www/html/App/Controllers/ajax/AjaxController.php:21
Stack trace:
#0 /var/www/html/App/Controllers/ajax/AjaxController.php(21): Yee\Yee::handleErrors(8, 'Undefined varia...', '/var/www/html/A...', 21, Array)
#1 [internal function]: AjaxController->indexAction()
#2 /var/www/html/Yee/Managers/Controller/Controller.php(22): call_user_func_array(Array, Array)
#3 [internal function]: Yee\Managers\Controller\Controller::__callStatic('___indexAction', Array)
#4 [internal function]: AjaxController::___indexAction()
#5 /var/www/html/Yee/Route.php(462): call_user_func_array('AjaxController:...', Array)
#6 /var/www/html/Yee/Yee.php(1333): Yee\Route->dispatch()
#7 /var/www/html/Yee/Middleware/Flash.php(85): Yee\Yee->call()
#8 /var/www/html/Yee/Middleware/MethodOverride.php(92): Yee\Middleware\Flash->call()
#9 /var/www/html/Yee/Middleware/PrettyExceptions.php(67): Yee\Middleware\MethodOverride->call()
#10 /var/www/html/Yee/Yee.php(1278): Yee\Middleware\PrettyExceptions->call()
#11 /var/www/html/index.php(48): Yee\Yee->execute()
#12 {main}
ERROR - 2016-07-18 08:45:57 - exception 'ErrorException' with message 'Undefined variable: data' in /var/www/html/App/Controllers/ajax/AjaxController.php:21
Stack trace:
#0 /var/www/html/App/Controllers/ajax/AjaxController.php(21): Yee\Yee::handleErrors(8, 'Undefined varia...', '/var/www/html/A...', 21, Array)
#1 [internal function]: AjaxController->indexAction()
#2 /var/www/html/Yee/Managers/Controller/Controller.php(22): call_user_func_array(Array, Array)
#3 [internal function]: Yee\Managers\Controller\Controller::__callStatic('___indexAction', Array)
#4 [internal function]: AjaxController::___indexAction()
#5 /var/www/html/Yee/Route.php(462): call_user_func_array('AjaxController:...', Array)
#6 /var/www/html/Yee/Yee.php(1333): Yee\Route->dispatch()
#7 /var/www/html/Yee/Middleware/Flash.php(85): Yee\Yee->call()
#8 /var/www/html/Yee/Middleware/MethodOverride.php(92): Yee\Middleware\Flash->call()
#9 /var/www/html/Yee/Middleware/PrettyExceptions.php(67): Yee\Middleware\MethodOverride->call()
#10 /var/www/html/Yee/Yee.php(1278): Yee\Middleware\PrettyExceptions->call()
#11 /var/www/html/index.php(48): Yee\Yee->execute()
#12 {main}
ERROR - 2016-07-18 08:45:57 - exception 'ErrorException' with message 'Undefined variable: data' in /var/www/html/App/Controllers/ajax/AjaxController.php:21
Stack trace:
#0 /var/www/html/App/Controllers/ajax/AjaxController.php(21): Yee\Yee::handleErrors(8, 'Undefined varia...', '/var/www/html/A...', 21, Array)
#1 [internal function]: AjaxController->indexAction()
#2 /var/www/html/Yee/Managers/Controller/Controller.php(22): call_user_func_array(Array, Array)
#3 [internal function]: Yee\Managers\Controller\Controller::__callStatic('___indexAction', Array)
#4 [internal function]: AjaxController::___indexAction()
#5 /var/www/html/Yee/Route.php(462): call_user_func_array('AjaxController:...', Array)
#6 /var/www/html/Yee/Yee.php(1333): Yee\Route->dispatch()
#7 /var/www/html/Yee/Middleware/Flash.php(85): Yee\Yee->call()
#8 /var/www/html/Yee/Middleware/MethodOverride.php(92): Yee\Middleware\Flash->call()
#9 /var/www/html/Yee/Middleware/PrettyExceptions.php(67): Yee\Middleware\MethodOverride->call()
#10 /var/www/html/Yee/Yee.php(1278): Yee\Middleware\PrettyExceptions->call()
#11 /var/www/html/index.php(48): Yee\Yee->execute()
#12 {main}
ERROR - 2016-07-18 08:45:58 - exception 'ErrorException' with message 'Undefined variable: data' in /var/www/html/App/Controllers/ajax/AjaxController.php:21
Stack trace:
#0 /var/www/html/App/Controllers/ajax/AjaxController.php(21): Yee\Yee::handleErrors(8, 'Undefined varia...', '/var/www/html/A...', 21, Array)
#1 [internal function]: AjaxController->indexAction()
#2 /var/www/html/Yee/Managers/Controller/Controller.php(22): call_user_func_array(Array, Array)
#3 [internal function]: Yee\Managers\Controller\Controller::__callStatic('___indexAction', Array)
#4 [internal function]: AjaxController::___indexAction()
#5 /var/www/html/Yee/Route.php(462): call_user_func_array('AjaxController:...', Array)
#6 /var/www/html/Yee/Yee.php(1333): Yee\Route->dispatch()
#7 /var/www/html/Yee/Middleware/Flash.php(85): Yee\Yee->call()
#8 /var/www/html/Yee/Middleware/MethodOverride.php(92): Yee\Middleware\Flash->call()
#9 /var/www/html/Yee/Middleware/PrettyExceptions.php(67): Yee\Middleware\MethodOverride->call()
#10 /var/www/html/Yee/Yee.php(1278): Yee\Middleware\PrettyExceptions->call()
#11 /var/www/html/index.php(48): Yee\Yee->execute()
#12 {main}
ERROR - 2016-07-18 08:45:58 - exception 'ErrorException' with message 'Undefined variable: data' in /var/www/html/App/Controllers/ajax/AjaxController.php:21
Stack trace:
#0 /var/www/html/App/Controllers/ajax/AjaxController.php(21): Yee\Yee::handleErrors(8, 'Undefined varia...', '/var/www/html/A...', 21, Array)
#1 [internal function]: AjaxController->indexAction()
#2 /var/www/html/Yee/Managers/Controller/Controller.php(22): call_user_func_array(Array, Array)
#3 [internal function]: Yee\Managers\Controller\Controller::__callStatic('___indexAction', Array)
#4 [internal function]: AjaxController::___indexAction()
#5 /var/www/html/Yee/Route.php(462): call_user_func_array('AjaxController:...', Array)
#6 /var/www/html/Yee/Yee.php(1333): Yee\Route->dispatch()
#7 /var/www/html/Yee/Middleware/Flash.php(85): Yee\Yee->call()
#8 /var/www/html/Yee/Middleware/MethodOverride.php(92): Yee\Middleware\Flash->call()
#9 /var/www/html/Yee/Middleware/PrettyExceptions.php(67): Yee\Middleware\MethodOverride->call()
#10 /var/www/html/Yee/Yee.php(1278): Yee\Middleware\PrettyExceptions->call()
#11 /var/www/html/index.php(48): Yee\Yee->execute()
#12 {main}
ERROR - 2016-07-18 08:45:58 - exception 'ErrorException' with message 'Undefined variable: data' in /var/www/html/App/Controllers/ajax/AjaxController.php:21
Stack trace:
#0 /var/www/html/App/Controllers/ajax/AjaxController.php(21): Yee\Yee::handleErrors(8, 'Undefined varia...', '/var/www/html/A...', 21, Array)
#1 [internal function]: AjaxController->indexAction()
#2 /var/www/html/Yee/Managers/Controller/Controller.php(22): call_user_func_array(Array, Array)
#3 [internal function]: Yee\Managers\Controller\Controller::__callStatic('___indexAction', Array)
#4 [internal function]: AjaxController::___indexAction()
#5 /var/www/html/Yee/Route.php(462): call_user_func_array('AjaxController:...', Array)
#6 /var/www/html/Yee/Yee.php(1333): Yee\Route->dispatch()
#7 /var/www/html/Yee/Middleware/Flash.php(85): Yee\Yee->call()
#8 /var/www/html/Yee/Middleware/MethodOverride.php(92): Yee\Middleware\Flash->call()
#9 /var/www/html/Yee/Middleware/PrettyExceptions.php(67): Yee\Middleware\MethodOverride->call()
#10 /var/www/html/Yee/Yee.php(1278): Yee\Middleware\PrettyExceptions->call()
#11 /var/www/html/index.php(48): Yee\Yee->execute()
#12 {main}
ERROR - 2016-07-18 09:56:05 - exception 'ErrorException' with message 'Problem preparing query (INSERT into users(`email`, `password_hash`, `active`, `signupDate`, `ip`, `activationCode`) VALUES(?, ?, ?, ?, ?, ?)) Unknown column 'password_hash' in 'field list'' in /var/www/html/Yee/Libraries/Database/MysqliDB.php:909
Stack trace:
#0 [internal function]: Yee\Yee::handleErrors(256, 'Problem prepari...', '/var/www/html/Y...', 909, Array)
#1 /var/www/html/Yee/Libraries/Database/MysqliDB.php(909): trigger_error('Problem prepari...', 256)
#2 /var/www/html/Yee/Libraries/Database/MysqliDB.php(648): Yee\Libraries\Database\MysqliDB->_prepareQuery()
#3 /var/www/html/Yee/Libraries/Database/MysqliDB.php(324): Yee\Libraries\Database\MysqliDB->_buildQuery(NULL, Array)
#4 /var/www/html/App/Models/Signup/SignupModel.php(39): Yee\Libraries\Database\MysqliDB->insert('users', Array)
#5 /var/www/html/App/Controllers/Signup/SignupController.php(54): App\Models\Signup\SignupModel->register()
#6 [internal function]: SignupController->indexPostAction()
#7 /var/www/html/Yee/Managers/Controller/Controller.php(22): call_user_func_array(Array, Array)
#8 [internal function]: Yee\Managers\Controller\Controller::__callStatic('___indexPostAct...', Array)
#9 [internal function]: SignupController::___indexPostAction()
#10 /var/www/html/Yee/Route.php(462): call_user_func_array('SignupControlle...', Array)
#11 /var/www/html/Yee/Yee.php(1333): Yee\Route->dispatch()
#12 /var/www/html/Yee/Middleware/Flash.php(85): Yee\Yee->call()
#13 /var/www/html/Yee/Middleware/MethodOverride.php(92): Yee\Middleware\Flash->call()
#14 /var/www/html/Yee/Middleware/PrettyExceptions.php(67): Yee\Middleware\MethodOverride->call()
#15 /var/www/html/Yee/Yee.php(1278): Yee\Middleware\PrettyExceptions->call()
#16 /var/www/html/index.php(48): Yee\Yee->execute()
#17 {main}
ERROR - 2016-07-18 10:18:12 - exception 'ErrorException' with message 'Problem preparing query (SELECT * FROM users WHERE   activation_code = ?  LIMIT 1) Unknown column 'activation_code' in 'where clause'' in /var/www/html/Yee/Libraries/Database/MysqliDB.php:909
Stack trace:
#0 [internal function]: Yee\Yee::handleErrors(256, 'Problem prepari...', '/var/www/html/Y...', 909, Array)
#1 /var/www/html/Yee/Libraries/Database/MysqliDB.php(909): trigger_error('Problem prepari...', 256)
#2 /var/www/html/Yee/Libraries/Database/MysqliDB.php(648): Yee\Libraries\Database\MysqliDB->_prepareQuery()
#3 /var/www/html/Yee/Libraries/Database/MysqliDB.php(273): Yee\Libraries\Database\MysqliDB->_buildQuery(1)
#4 /var/www/html/Yee/Libraries/Database/MysqliDB.php(297): Yee\Libraries\Database\MysqliDB->get('users', 1, '*')
#5 /var/www/html/App/Models/Activation/ActivationModel.php(30): Yee\Libraries\Database\MysqliDB->getOne('users')
#6 /var/www/html/App/Controllers/Activation/ActivationController.php(23): App\Models\Activation\ActivationModel->doesActivationCodeExist()
#7 [internal function]: ActivationController->indexAction('11f353907b08ef8...')
#8 /var/www/html/Yee/Managers/Controller/Controller.php(22): call_user_func_array(Array, Array)
#9 [internal function]: Yee\Managers\Controller\Controller::__callStatic('___indexAction', Array)
#10 [internal function]: ActivationController::___indexAction('11f353907b08ef8...')
#11 /var/www/html/Yee/Route.php(462): call_user_func_array('ActivationContr...', Array)
#12 /var/www/html/Yee/Yee.php(1333): Yee\Route->dispatch()
#13 /var/www/html/Yee/Middleware/Flash.php(85): Yee\Yee->call()
#14 /var/www/html/Yee/Middleware/MethodOverride.php(92): Yee\Middleware\Flash->call()
#15 /var/www/html/Yee/Middleware/PrettyExceptions.php(67): Yee\Middleware\MethodOverride->call()
#16 /var/www/html/Yee/Yee.php(1278): Yee\Middleware\PrettyExceptions->call()
#17 /var/www/html/index.php(48): Yee\Yee->execute()
#18 {main}
ERROR - 2016-07-18 10:19:14 - exception 'ErrorException' with message 'Problem preparing query (UPDATE users SET `active` = ?, `activation_code` = ? WHERE   activationCode = ? ) Unknown column 'activation_code' in 'field list'' in /var/www/html/Yee/Libraries/Database/MysqliDB.php:909
Stack trace:
#0 [internal function]: Yee\Yee::handleErrors(256, 'Problem prepari...', '/var/www/html/Y...', 909, Array)
#1 /var/www/html/Yee/Libraries/Database/MysqliDB.php(909): trigger_error('Problem prepari...', 256)
#2 /var/www/html/Yee/Libraries/Database/MysqliDB.php(648): Yee\Libraries\Database\MysqliDB->_prepareQuery()
#3 /var/www/html/Yee/Libraries/Database/MysqliDB.php(350): Yee\Libraries\Database\MysqliDB->_buildQuery(NULL, Array)
#4 /var/www/html/App/Models/Activation/ActivationModel.php(23): Yee\Libraries\Database\MysqliDB->update('users', Array)
#5 /var/www/html/App/Controllers/Activation/ActivationController.php(24): App\Models\Activation\ActivationModel->activateAccount()
#6 [internal function]: ActivationController->indexAction('11f353907b08ef8...')
#7 /var/www/html/Yee/Managers/Controller/Controller.php(22): call_user_func_array(Array, Array)
#8 [internal function]: Yee\Managers\Controller\Controller::__callStatic('___indexAction', Array)
#9 [internal function]: ActivationController::___indexAction('11f353907b08ef8...')
#10 /var/www/html/Yee/Route.php(462): call_user_func_array('ActivationContr...', Array)
#11 /var/www/html/Yee/Yee.php(1333): Yee\Route->dispatch()
#12 /var/www/html/Yee/Middleware/Flash.php(85): Yee\Yee->call()
#13 /var/www/html/Yee/Middleware/MethodOverride.php(92): Yee\Middleware\Flash->call()
#14 /var/www/html/Yee/Middleware/PrettyExceptions.php(67): Yee\Middleware\MethodOverride->call()
#15 /var/www/html/Yee/Yee.php(1278): Yee\Middleware\PrettyExceptions->call()
#16 /var/www/html/index.php(48): Yee\Yee->execute()
#17 {main}
ERROR - 2016-07-18 10:19:15 - exception 'ErrorException' with message 'Problem preparing query (UPDATE users SET `active` = ?, `activation_code` = ? WHERE   activationCode = ? ) Unknown column 'activation_code' in 'field list'' in /var/www/html/Yee/Libraries/Database/MysqliDB.php:909
Stack trace:
#0 [internal function]: Yee\Yee::handleErrors(256, 'Problem prepari...', '/var/www/html/Y...', 909, Array)
#1 /var/www/html/Yee/Libraries/Database/MysqliDB.php(909): trigger_error('Problem prepari...', 256)
#2 /var/www/html/Yee/Libraries/Database/MysqliDB.php(648): Yee\Libraries\Database\MysqliDB->_prepareQuery()
#3 /var/www/html/Yee/Libraries/Database/MysqliDB.php(350): Yee\Libraries\Database\MysqliDB->_buildQuery(NULL, Array)
#4 /var/www/html/App/Models/Activation/ActivationModel.php(23): Yee\Libraries\Database\MysqliDB->update('users', Array)
#5 /var/www/html/App/Controllers/Activation/ActivationController.php(24): App\Models\Activation\ActivationModel->activateAccount()
#6 [internal function]: ActivationController->indexAction('11f353907b08ef8...')
#7 /var/www/html/Yee/Managers/Controller/Controller.php(22): call_user_func_array(Array, Array)
#8 [internal function]: Yee\Managers\Controller\Controller::__callStatic('___indexAction', Array)
#9 [internal function]: ActivationController::___indexAction('11f353907b08ef8...')
#10 /var/www/html/Yee/Route.php(462): call_user_func_array('ActivationContr...', Array)
#11 /var/www/html/Yee/Yee.php(1333): Yee\Route->dispatch()
#12 /var/www/html/Yee/Middleware/Flash.php(85): Yee\Yee->call()
#13 /var/www/html/Yee/Middleware/MethodOverride.php(92): Yee\Middleware\Flash->call()
#14 /var/www/html/Yee/Middleware/PrettyExceptions.php(67): Yee\Middleware\MethodOverride->call()
#15 /var/www/html/Yee/Yee.php(1278): Yee\Middleware\PrettyExceptions->call()
#16 /var/www/html/index.php(48): Yee\Yee->execute()
#17 {main}
ERROR - 2016-07-18 13:52:23 - exception 'ErrorException' with message 'Undefined variable: error' in /var/www/html/App/Controllers/ajax/AjaxController.php:36
Stack trace:
#0 /var/www/html/App/Controllers/ajax/AjaxController.php(36): Yee\Yee::handleErrors(8, 'Undefined varia...', '/var/www/html/A...', 36, Array)
#1 [internal function]: AjaxController->indexAction()
#2 /var/www/html/Yee/Managers/Controller/Controller.php(22): call_user_func_array(Array, Array)
#3 [internal function]: Yee\Managers\Controller\Controller::__callStatic('___indexAction', Array)
#4 [internal function]: AjaxController::___indexAction()
#5 /var/www/html/Yee/Route.php(462): call_user_func_array('AjaxController:...', Array)
#6 /var/www/html/Yee/Yee.php(1333): Yee\Route->dispatch()
#7 /var/www/html/Yee/Middleware/Flash.php(85): Yee\Yee->call()
#8 /var/www/html/Yee/Middleware/MethodOverride.php(92): Yee\Middleware\Flash->call()
#9 /var/www/html/Yee/Middleware/PrettyExceptions.php(67): Yee\Middleware\MethodOverride->call()
#10 /var/www/html/Yee/Yee.php(1278): Yee\Middleware\PrettyExceptions->call()
#11 /var/www/html/index.php(48): Yee\Yee->execute()
#12 {main}
ERROR - 2016-07-18 13:54:08 - exception 'ErrorException' with message 'Undefined variable: error' in /var/www/html/App/Controllers/ajax/AjaxController.php:36
Stack trace:
#0 /var/www/html/App/Controllers/ajax/AjaxController.php(36): Yee\Yee::handleErrors(8, 'Undefined varia...', '/var/www/html/A...', 36, Array)
#1 [internal function]: AjaxController->indexAction()
#2 /var/www/html/Yee/Managers/Controller/Controller.php(22): call_user_func_array(Array, Array)
#3 [internal function]: Yee\Managers\Controller\Controller::__callStatic('___indexAction', Array)
#4 [internal function]: AjaxController::___indexAction()
#5 /var/www/html/Yee/Route.php(462): call_user_func_array('AjaxController:...', Array)
#6 /var/www/html/Yee/Yee.php(1333): Yee\Route->dispatch()
#7 /var/www/html/Yee/Middleware/Flash.php(85): Yee\Yee->call()
#8 /var/www/html/Yee/Middleware/MethodOverride.php(92): Yee\Middleware\Flash->call()
#9 /var/www/html/Yee/Middleware/PrettyExceptions.php(67): Yee\Middleware\MethodOverride->call()
#10 /var/www/html/Yee/Yee.php(1278): Yee\Middleware\PrettyExceptions->call()
#11 /var/www/html/index.php(48): Yee\Yee->execute()
#12 {main}
