ERROR - 2016-07-21 08:28:43 - exception 'Twig_Error_Syntax' with message 'The function "dump" does not exist in "./common/header.tpl" at line 50' in /var/www/html/Twig/ExpressionParser.php:553
Stack trace:
#0 /var/www/html/Twig/ExpressionParser.php(336): Twig_ExpressionParser->getFunctionNodeClass('dump', 50)
#1 /var/www/html/Twig/ExpressionParser.php(144): Twig_ExpressionParser->getFunctionNode('dump', 50)
#2 /var/www/html/Twig/ExpressionParser.php(84): Twig_ExpressionParser->parsePrimaryExpression()
#3 /var/www/html/Twig/ExpressionParser.php(41): Twig_ExpressionParser->getPrimary()
#4 /var/www/html/Twig/Parser.php(141): Twig_ExpressionParser->parseExpression()
#5 /var/www/html/Twig/Parser.php(95): Twig_Parser->subparse(NULL, false)
#6 /var/www/html/Twig/Environment.php(507): Twig_Parser->parse(Object(Twig_TokenStream))
#7 /var/www/html/Twig/Environment.php(559): Twig_Environment->parse(Object(Twig_TokenStream))
#8 /var/www/html/Twig/Environment.php(334): Twig_Environment->compileSource('?<!DOCTYPE html...', './common/header...')
#9 /var/www/html/cache/templates_c/dc/35/536f4ec51135399b8d24f48520ecd8d9303dbbf278aaefe47e8476532b31.php(19): Twig_Environment->loadTemplate('./common/header...')
#10 /var/www/html/Twig/Template.php(279): __TwigTemplate_dc35536f4ec51135399b8d24f48520ecd8d9303dbbf278aaefe47e8476532b31->doDisplay(Array, Array)
#11 /var/www/html/Twig/Template.php(253): Twig_Template->displayWithErrorHandling(Array, Array)
#12 /var/www/html/Twig/Template.php(264): Twig_Template->display(Array)
#13 /var/www/html/Yee/Views/Twig.php(91): Twig_Template->render(Array)
#14 /var/www/html/Yee/View.php(255): Yee\Views\Twig->render('pages/myAccount...', NULL)
#15 /var/www/html/Yee/View.php(243): Yee\View->fetch('pages/myAccount...', NULL)
#16 /var/www/html/Yee/Yee.php(764): Yee\View->display('pages/myAccount...')
#17 /var/www/html/App/Controllers/MyController/myAccountController.php(25): Yee\Yee->render('pages/myAccount...', Array)
#18 [internal function]: myAccountController->indexAction()
#19 /var/www/html/Yee/Managers/Controller/Controller.php(22): call_user_func_array(Array, Array)
#20 [internal function]: Yee\Managers\Controller\Controller::__callStatic('___indexAction', Array)
#21 [internal function]: myAccountController::___indexAction()
#22 /var/www/html/Yee/Route.php(462): call_user_func_array('myAccountContro...', Array)
#23 /var/www/html/Yee/Yee.php(1333): Yee\Route->dispatch()
#24 /var/www/html/Yee/Middleware/Flash.php(85): Yee\Yee->call()
#25 /var/www/html/Yee/Middleware/MethodOverride.php(92): Yee\Middleware\Flash->call()
#26 /var/www/html/Yee/Middleware/PrettyExceptions.php(67): Yee\Middleware\MethodOverride->call()
#27 /var/www/html/Yee/Yee.php(1278): Yee\Middleware\PrettyExceptions->call()
#28 /var/www/html/index.php(48): Yee\Yee->execute()
#29 {main}
ERROR - 2016-07-21 08:29:28 - exception 'Twig_Error_Syntax' with message 'The function "dump" does not exist in "./common/header.tpl" at line 50' in /var/www/html/Twig/ExpressionParser.php:553
Stack trace:
#0 /var/www/html/Twig/ExpressionParser.php(336): Twig_ExpressionParser->getFunctionNodeClass('dump', 50)
#1 /var/www/html/Twig/ExpressionParser.php(144): Twig_ExpressionParser->getFunctionNode('dump', 50)
#2 /var/www/html/Twig/ExpressionParser.php(84): Twig_ExpressionParser->parsePrimaryExpression()
#3 /var/www/html/Twig/ExpressionParser.php(41): Twig_ExpressionParser->getPrimary()
#4 /var/www/html/Twig/Parser.php(141): Twig_ExpressionParser->parseExpression()
#5 /var/www/html/Twig/Parser.php(95): Twig_Parser->subparse(NULL, false)
#6 /var/www/html/Twig/Environment.php(507): Twig_Parser->parse(Object(Twig_TokenStream))
#7 /var/www/html/Twig/Environment.php(559): Twig_Environment->parse(Object(Twig_TokenStream))
#8 /var/www/html/Twig/Environment.php(334): Twig_Environment->compileSource('?<!DOCTYPE html...', './common/header...')
#9 /var/www/html/cache/templates_c/dc/35/536f4ec51135399b8d24f48520ecd8d9303dbbf278aaefe47e8476532b31.php(19): Twig_Environment->loadTemplate('./common/header...')
#10 /var/www/html/Twig/Template.php(279): __TwigTemplate_dc35536f4ec51135399b8d24f48520ecd8d9303dbbf278aaefe47e8476532b31->doDisplay(Array, Array)
#11 /var/www/html/Twig/Template.php(253): Twig_Template->displayWithErrorHandling(Array, Array)
#12 /var/www/html/Twig/Template.php(264): Twig_Template->display(Array)
#13 /var/www/html/Yee/Views/Twig.php(91): Twig_Template->render(Array)
#14 /var/www/html/Yee/View.php(255): Yee\Views\Twig->render('pages/myAccount...', NULL)
#15 /var/www/html/Yee/View.php(243): Yee\View->fetch('pages/myAccount...', NULL)
#16 /var/www/html/Yee/Yee.php(764): Yee\View->display('pages/myAccount...')
#17 /var/www/html/App/Controllers/MyController/myAccountController.php(25): Yee\Yee->render('pages/myAccount...', Array)
#18 [internal function]: myAccountController->indexAction()
#19 /var/www/html/Yee/Managers/Controller/Controller.php(22): call_user_func_array(Array, Array)
#20 [internal function]: Yee\Managers\Controller\Controller::__callStatic('___indexAction', Array)
#21 [internal function]: myAccountController::___indexAction()
#22 /var/www/html/Yee/Route.php(462): call_user_func_array('myAccountContro...', Array)
#23 /var/www/html/Yee/Yee.php(1333): Yee\Route->dispatch()
#24 /var/www/html/Yee/Middleware/Flash.php(85): Yee\Yee->call()
#25 /var/www/html/Yee/Middleware/MethodOverride.php(92): Yee\Middleware\Flash->call()
#26 /var/www/html/Yee/Middleware/PrettyExceptions.php(67): Yee\Middleware\MethodOverride->call()
#27 /var/www/html/Yee/Yee.php(1278): Yee\Middleware\PrettyExceptions->call()
#28 /var/www/html/index.php(49): Yee\Yee->execute()
#29 {main}
ERROR - 2016-07-21 08:31:09 - exception 'Twig_Error_Syntax' with message 'The function "dump" does not exist in "./common/header.tpl" at line 50' in /var/www/html/Twig/ExpressionParser.php:553
Stack trace:
#0 /var/www/html/Twig/ExpressionParser.php(336): Twig_ExpressionParser->getFunctionNodeClass('dump', 50)
#1 /var/www/html/Twig/ExpressionParser.php(144): Twig_ExpressionParser->getFunctionNode('dump', 50)
#2 /var/www/html/Twig/ExpressionParser.php(84): Twig_ExpressionParser->parsePrimaryExpression()
#3 /var/www/html/Twig/ExpressionParser.php(41): Twig_ExpressionParser->getPrimary()
#4 /var/www/html/Twig/Parser.php(141): Twig_ExpressionParser->parseExpression()
#5 /var/www/html/Twig/Parser.php(95): Twig_Parser->subparse(NULL, false)
#6 /var/www/html/Twig/Environment.php(507): Twig_Parser->parse(Object(Twig_TokenStream))
#7 /var/www/html/Twig/Environment.php(559): Twig_Environment->parse(Object(Twig_TokenStream))
#8 /var/www/html/Twig/Environment.php(334): Twig_Environment->compileSource('?<!DOCTYPE html...', './common/header...')
#9 /var/www/html/cache/templates_c/dc/35/536f4ec51135399b8d24f48520ecd8d9303dbbf278aaefe47e8476532b31.php(19): Twig_Environment->loadTemplate('./common/header...')
#10 /var/www/html/Twig/Template.php(279): __TwigTemplate_dc35536f4ec51135399b8d24f48520ecd8d9303dbbf278aaefe47e8476532b31->doDisplay(Array, Array)
#11 /var/www/html/Twig/Template.php(253): Twig_Template->displayWithErrorHandling(Array, Array)
#12 /var/www/html/Twig/Template.php(264): Twig_Template->display(Array)
#13 /var/www/html/Yee/Views/Twig.php(91): Twig_Template->render(Array)
#14 /var/www/html/Yee/View.php(255): Yee\Views\Twig->render('pages/myAccount...', NULL)
#15 /var/www/html/Yee/View.php(243): Yee\View->fetch('pages/myAccount...', NULL)
#16 /var/www/html/Yee/Yee.php(764): Yee\View->display('pages/myAccount...')
#17 /var/www/html/App/Controllers/MyController/myAccountController.php(25): Yee\Yee->render('pages/myAccount...', Array)
#18 [internal function]: myAccountController->indexAction()
#19 /var/www/html/Yee/Managers/Controller/Controller.php(22): call_user_func_array(Array, Array)
#20 [internal function]: Yee\Managers\Controller\Controller::__callStatic('___indexAction', Array)
#21 [internal function]: myAccountController::___indexAction()
#22 /var/www/html/Yee/Route.php(462): call_user_func_array('myAccountContro...', Array)
#23 /var/www/html/Yee/Yee.php(1333): Yee\Route->dispatch()
#24 /var/www/html/Yee/Middleware/Flash.php(85): Yee\Yee->call()
#25 /var/www/html/Yee/Middleware/MethodOverride.php(92): Yee\Middleware\Flash->call()
#26 /var/www/html/Yee/Middleware/PrettyExceptions.php(67): Yee\Middleware\MethodOverride->call()
#27 /var/www/html/Yee/Yee.php(1278): Yee\Middleware\PrettyExceptions->call()
#28 /var/www/html/index.php(49): Yee\Yee->execute()
#29 {main}
ERROR - 2016-07-21 08:31:30 - exception 'ErrorException' with message 'Array to string conversion' in /var/www/html/cache/templates_c/28/dd/9030a9625e9a4f57c3ad8eb7f0d0dd40ebd4693d66ae3d82e1ff9c0fb2e5.php:73
Stack trace:
#0 /var/www/html/cache/templates_c/28/dd/9030a9625e9a4f57c3ad8eb7f0d0dd40ebd4693d66ae3d82e1ff9c0fb2e5.php(73): Yee\Yee::handleErrors(8, 'Array to string...', '/var/www/html/c...', 73, Array)
#1 /var/www/html/Twig/Template.php(279): __TwigTemplate_28dd9030a9625e9a4f57c3ad8eb7f0d0dd40ebd4693d66ae3d82e1ff9c0fb2e5->doDisplay(Array, Array)
#2 /var/www/html/Twig/Template.php(253): Twig_Template->displayWithErrorHandling(Array, Array)
#3 /var/www/html/cache/templates_c/dc/35/536f4ec51135399b8d24f48520ecd8d9303dbbf278aaefe47e8476532b31.php(19): Twig_Template->display(Array)
#4 /var/www/html/Twig/Template.php(279): __TwigTemplate_dc35536f4ec51135399b8d24f48520ecd8d9303dbbf278aaefe47e8476532b31->doDisplay(Array, Array)
#5 /var/www/html/Twig/Template.php(253): Twig_Template->displayWithErrorHandling(Array, Array)
#6 /var/www/html/Twig/Template.php(264): Twig_Template->display(Array)
#7 /var/www/html/Yee/Views/Twig.php(91): Twig_Template->render(Array)
#8 /var/www/html/Yee/View.php(255): Yee\Views\Twig->render('pages/myAccount...', NULL)
#9 /var/www/html/Yee/View.php(243): Yee\View->fetch('pages/myAccount...', NULL)
#10 /var/www/html/Yee/Yee.php(764): Yee\View->display('pages/myAccount...')
#11 /var/www/html/App/Controllers/MyController/myAccountController.php(25): Yee\Yee->render('pages/myAccount...', Array)
#12 [internal function]: myAccountController->indexAction()
#13 /var/www/html/Yee/Managers/Controller/Controller.php(22): call_user_func_array(Array, Array)
#14 [internal function]: Yee\Managers\Controller\Controller::__callStatic('___indexAction', Array)
#15 [internal function]: myAccountController::___indexAction()
#16 /var/www/html/Yee/Route.php(462): call_user_func_array('myAccountContro...', Array)
#17 /var/www/html/Yee/Yee.php(1333): Yee\Route->dispatch()
#18 /var/www/html/Yee/Middleware/Flash.php(85): Yee\Yee->call()
#19 /var/www/html/Yee/Middleware/MethodOverride.php(92): Yee\Middleware\Flash->call()
#20 /var/www/html/Yee/Middleware/PrettyExceptions.php(67): Yee\Middleware\MethodOverride->call()
#21 /var/www/html/Yee/Yee.php(1278): Yee\Middleware\PrettyExceptions->call()
#22 /var/www/html/index.php(49): Yee\Yee->execute()
#23 {main}

Next exception 'Twig_Error_Runtime' with message 'An exception has been thrown during the rendering of a template ("Array to string conversion") in "./common/header.tpl" at line 50.' in /var/www/html/Twig/Template.php:294
Stack trace:
#0 /var/www/html/Twig/Template.php(253): Twig_Template->displayWithErrorHandling(Array, Array)
#1 /var/www/html/cache/templates_c/dc/35/536f4ec51135399b8d24f48520ecd8d9303dbbf278aaefe47e8476532b31.php(19): Twig_Template->display(Array)
#2 /var/www/html/Twig/Template.php(279): __TwigTemplate_dc35536f4ec51135399b8d24f48520ecd8d9303dbbf278aaefe47e8476532b31->doDisplay(Array, Array)
#3 /var/www/html/Twig/Template.php(253): Twig_Template->displayWithErrorHandling(Array, Array)
#4 /var/www/html/Twig/Template.php(264): Twig_Template->display(Array)
#5 /var/www/html/Yee/Views/Twig.php(91): Twig_Template->render(Array)
#6 /var/www/html/Yee/View.php(255): Yee\Views\Twig->render('pages/myAccount...', NULL)
#7 /var/www/html/Yee/View.php(243): Yee\View->fetch('pages/myAccount...', NULL)
#8 /var/www/html/Yee/Yee.php(764): Yee\View->display('pages/myAccount...')
#9 /var/www/html/App/Controllers/MyController/myAccountController.php(25): Yee\Yee->render('pages/myAccount...', Array)
#10 [internal function]: myAccountController->indexAction()
#11 /var/www/html/Yee/Managers/Controller/Controller.php(22): call_user_func_array(Array, Array)
#12 [internal function]: Yee\Managers\Controller\Controller::__callStatic('___indexAction', Array)
#13 [internal function]: myAccountController::___indexAction()
#14 /var/www/html/Yee/Route.php(462): call_user_func_array('myAccountContro...', Array)
#15 /var/www/html/Yee/Yee.php(1333): Yee\Route->dispatch()
#16 /var/www/html/Yee/Middleware/Flash.php(85): Yee\Yee->call()
#17 /var/www/html/Yee/Middleware/MethodOverride.php(92): Yee\Middleware\Flash->call()
#18 /var/www/html/Yee/Middleware/PrettyExceptions.php(67): Yee\Middleware\MethodOverride->call()
#19 /var/www/html/Yee/Yee.php(1278): Yee\Middleware\PrettyExceptions->call()
#20 /var/www/html/index.php(49): Yee\Yee->execute()
#21 {main}
ERROR - 2016-07-21 08:31:31 - exception 'ErrorException' with message 'Array to string conversion' in /var/www/html/cache/templates_c/28/dd/9030a9625e9a4f57c3ad8eb7f0d0dd40ebd4693d66ae3d82e1ff9c0fb2e5.php:73
Stack trace:
#0 /var/www/html/cache/templates_c/28/dd/9030a9625e9a4f57c3ad8eb7f0d0dd40ebd4693d66ae3d82e1ff9c0fb2e5.php(73): Yee\Yee::handleErrors(8, 'Array to string...', '/var/www/html/c...', 73, Array)
#1 /var/www/html/Twig/Template.php(279): __TwigTemplate_28dd9030a9625e9a4f57c3ad8eb7f0d0dd40ebd4693d66ae3d82e1ff9c0fb2e5->doDisplay(Array, Array)
#2 /var/www/html/Twig/Template.php(253): Twig_Template->displayWithErrorHandling(Array, Array)
#3 /var/www/html/cache/templates_c/dc/35/536f4ec51135399b8d24f48520ecd8d9303dbbf278aaefe47e8476532b31.php(19): Twig_Template->display(Array)
#4 /var/www/html/Twig/Template.php(279): __TwigTemplate_dc35536f4ec51135399b8d24f48520ecd8d9303dbbf278aaefe47e8476532b31->doDisplay(Array, Array)
#5 /var/www/html/Twig/Template.php(253): Twig_Template->displayWithErrorHandling(Array, Array)
#6 /var/www/html/Twig/Template.php(264): Twig_Template->display(Array)
#7 /var/www/html/Yee/Views/Twig.php(91): Twig_Template->render(Array)
#8 /var/www/html/Yee/View.php(255): Yee\Views\Twig->render('pages/myAccount...', NULL)
#9 /var/www/html/Yee/View.php(243): Yee\View->fetch('pages/myAccount...', NULL)
#10 /var/www/html/Yee/Yee.php(764): Yee\View->display('pages/myAccount...')
#11 /var/www/html/App/Controllers/MyController/myAccountController.php(25): Yee\Yee->render('pages/myAccount...', Array)
#12 [internal function]: myAccountController->indexAction()
#13 /var/www/html/Yee/Managers/Controller/Controller.php(22): call_user_func_array(Array, Array)
#14 [internal function]: Yee\Managers\Controller\Controller::__callStatic('___indexAction', Array)
#15 [internal function]: myAccountController::___indexAction()
#16 /var/www/html/Yee/Route.php(462): call_user_func_array('myAccountContro...', Array)
#17 /var/www/html/Yee/Yee.php(1333): Yee\Route->dispatch()
#18 /var/www/html/Yee/Middleware/Flash.php(85): Yee\Yee->call()
#19 /var/www/html/Yee/Middleware/MethodOverride.php(92): Yee\Middleware\Flash->call()
#20 /var/www/html/Yee/Middleware/PrettyExceptions.php(67): Yee\Middleware\MethodOverride->call()
#21 /var/www/html/Yee/Yee.php(1278): Yee\Middleware\PrettyExceptions->call()
#22 /var/www/html/index.php(49): Yee\Yee->execute()
#23 {main}

Next exception 'Twig_Error_Runtime' with message 'An exception has been thrown during the rendering of a template ("Array to string conversion") in "./common/header.tpl" at line 50.' in /var/www/html/Twig/Template.php:294
Stack trace:
#0 /var/www/html/Twig/Template.php(253): Twig_Template->displayWithErrorHandling(Array, Array)
#1 /var/www/html/cache/templates_c/dc/35/536f4ec51135399b8d24f48520ecd8d9303dbbf278aaefe47e8476532b31.php(19): Twig_Template->display(Array)
#2 /var/www/html/Twig/Template.php(279): __TwigTemplate_dc35536f4ec51135399b8d24f48520ecd8d9303dbbf278aaefe47e8476532b31->doDisplay(Array, Array)
#3 /var/www/html/Twig/Template.php(253): Twig_Template->displayWithErrorHandling(Array, Array)
#4 /var/www/html/Twig/Template.php(264): Twig_Template->display(Array)
#5 /var/www/html/Yee/Views/Twig.php(91): Twig_Template->render(Array)
#6 /var/www/html/Yee/View.php(255): Yee\Views\Twig->render('pages/myAccount...', NULL)
#7 /var/www/html/Yee/View.php(243): Yee\View->fetch('pages/myAccount...', NULL)
#8 /var/www/html/Yee/Yee.php(764): Yee\View->display('pages/myAccount...')
#9 /var/www/html/App/Controllers/MyController/myAccountController.php(25): Yee\Yee->render('pages/myAccount...', Array)
#10 [internal function]: myAccountController->indexAction()
#11 /var/www/html/Yee/Managers/Controller/Controller.php(22): call_user_func_array(Array, Array)
#12 [internal function]: Yee\Managers\Controller\Controller::__callStatic('___indexAction', Array)
#13 [internal function]: myAccountController::___indexAction()
#14 /var/www/html/Yee/Route.php(462): call_user_func_array('myAccountContro...', Array)
#15 /var/www/html/Yee/Yee.php(1333): Yee\Route->dispatch()
#16 /var/www/html/Yee/Middleware/Flash.php(85): Yee\Yee->call()
#17 /var/www/html/Yee/Middleware/MethodOverride.php(92): Yee\Middleware\Flash->call()
#18 /var/www/html/Yee/Middleware/PrettyExceptions.php(67): Yee\Middleware\MethodOverride->call()
#19 /var/www/html/Yee/Yee.php(1278): Yee\Middleware\PrettyExceptions->call()
#20 /var/www/html/index.php(49): Yee\Yee->execute()
#21 {main}
ERROR - 2016-07-21 08:31:32 - exception 'ErrorException' with message 'Array to string conversion' in /var/www/html/cache/templates_c/28/dd/9030a9625e9a4f57c3ad8eb7f0d0dd40ebd4693d66ae3d82e1ff9c0fb2e5.php:73
Stack trace:
#0 /var/www/html/cache/templates_c/28/dd/9030a9625e9a4f57c3ad8eb7f0d0dd40ebd4693d66ae3d82e1ff9c0fb2e5.php(73): Yee\Yee::handleErrors(8, 'Array to string...', '/var/www/html/c...', 73, Array)
#1 /var/www/html/Twig/Template.php(279): __TwigTemplate_28dd9030a9625e9a4f57c3ad8eb7f0d0dd40ebd4693d66ae3d82e1ff9c0fb2e5->doDisplay(Array, Array)
#2 /var/www/html/Twig/Template.php(253): Twig_Template->displayWithErrorHandling(Array, Array)
#3 /var/www/html/cache/templates_c/dc/35/536f4ec51135399b8d24f48520ecd8d9303dbbf278aaefe47e8476532b31.php(19): Twig_Template->display(Array)
#4 /var/www/html/Twig/Template.php(279): __TwigTemplate_dc35536f4ec51135399b8d24f48520ecd8d9303dbbf278aaefe47e8476532b31->doDisplay(Array, Array)
#5 /var/www/html/Twig/Template.php(253): Twig_Template->displayWithErrorHandling(Array, Array)
#6 /var/www/html/Twig/Template.php(264): Twig_Template->display(Array)
#7 /var/www/html/Yee/Views/Twig.php(91): Twig_Template->render(Array)
#8 /var/www/html/Yee/View.php(255): Yee\Views\Twig->render('pages/myAccount...', NULL)
#9 /var/www/html/Yee/View.php(243): Yee\View->fetch('pages/myAccount...', NULL)
#10 /var/www/html/Yee/Yee.php(764): Yee\View->display('pages/myAccount...')
#11 /var/www/html/App/Controllers/MyController/myAccountController.php(25): Yee\Yee->render('pages/myAccount...', Array)
#12 [internal function]: myAccountController->indexAction()
#13 /var/www/html/Yee/Managers/Controller/Controller.php(22): call_user_func_array(Array, Array)
#14 [internal function]: Yee\Managers\Controller\Controller::__callStatic('___indexAction', Array)
#15 [internal function]: myAccountController::___indexAction()
#16 /var/www/html/Yee/Route.php(462): call_user_func_array('myAccountContro...', Array)
#17 /var/www/html/Yee/Yee.php(1333): Yee\Route->dispatch()
#18 /var/www/html/Yee/Middleware/Flash.php(85): Yee\Yee->call()
#19 /var/www/html/Yee/Middleware/MethodOverride.php(92): Yee\Middleware\Flash->call()
#20 /var/www/html/Yee/Middleware/PrettyExceptions.php(67): Yee\Middleware\MethodOverride->call()
#21 /var/www/html/Yee/Yee.php(1278): Yee\Middleware\PrettyExceptions->call()
#22 /var/www/html/index.php(49): Yee\Yee->execute()
#23 {main}

Next exception 'Twig_Error_Runtime' with message 'An exception has been thrown during the rendering of a template ("Array to string conversion") in "./common/header.tpl" at line 50.' in /var/www/html/Twig/Template.php:294
Stack trace:
#0 /var/www/html/Twig/Template.php(253): Twig_Template->displayWithErrorHandling(Array, Array)
#1 /var/www/html/cache/templates_c/dc/35/536f4ec51135399b8d24f48520ecd8d9303dbbf278aaefe47e8476532b31.php(19): Twig_Template->display(Array)
#2 /var/www/html/Twig/Template.php(279): __TwigTemplate_dc35536f4ec51135399b8d24f48520ecd8d9303dbbf278aaefe47e8476532b31->doDisplay(Array, Array)
#3 /var/www/html/Twig/Template.php(253): Twig_Template->displayWithErrorHandling(Array, Array)
#4 /var/www/html/Twig/Template.php(264): Twig_Template->display(Array)
#5 /var/www/html/Yee/Views/Twig.php(91): Twig_Template->render(Array)
#6 /var/www/html/Yee/View.php(255): Yee\Views\Twig->render('pages/myAccount...', NULL)
#7 /var/www/html/Yee/View.php(243): Yee\View->fetch('pages/myAccount...', NULL)
#8 /var/www/html/Yee/Yee.php(764): Yee\View->display('pages/myAccount...')
#9 /var/www/html/App/Controllers/MyController/myAccountController.php(25): Yee\Yee->render('pages/myAccount...', Array)
#10 [internal function]: myAccountController->indexAction()
#11 /var/www/html/Yee/Managers/Controller/Controller.php(22): call_user_func_array(Array, Array)
#12 [internal function]: Yee\Managers\Controller\Controller::__callStatic('___indexAction', Array)
#13 [internal function]: myAccountController::___indexAction()
#14 /var/www/html/Yee/Route.php(462): call_user_func_array('myAccountContro...', Array)
#15 /var/www/html/Yee/Yee.php(1333): Yee\Route->dispatch()
#16 /var/www/html/Yee/Middleware/Flash.php(85): Yee\Yee->call()
#17 /var/www/html/Yee/Middleware/MethodOverride.php(92): Yee\Middleware\Flash->call()
#18 /var/www/html/Yee/Middleware/PrettyExceptions.php(67): Yee\Middleware\MethodOverride->call()
#19 /var/www/html/Yee/Yee.php(1278): Yee\Middleware\PrettyExceptions->call()
#20 /var/www/html/index.php(49): Yee\Yee->execute()
#21 {main}
ERROR - 2016-07-21 08:31:32 - exception 'ErrorException' with message 'Array to string conversion' in /var/www/html/cache/templates_c/28/dd/9030a9625e9a4f57c3ad8eb7f0d0dd40ebd4693d66ae3d82e1ff9c0fb2e5.php:73
Stack trace:
#0 /var/www/html/cache/templates_c/28/dd/9030a9625e9a4f57c3ad8eb7f0d0dd40ebd4693d66ae3d82e1ff9c0fb2e5.php(73): Yee\Yee::handleErrors(8, 'Array to string...', '/var/www/html/c...', 73, Array)
#1 /var/www/html/Twig/Template.php(279): __TwigTemplate_28dd9030a9625e9a4f57c3ad8eb7f0d0dd40ebd4693d66ae3d82e1ff9c0fb2e5->doDisplay(Array, Array)
#2 /var/www/html/Twig/Template.php(253): Twig_Template->displayWithErrorHandling(Array, Array)
#3 /var/www/html/cache/templates_c/dc/35/536f4ec51135399b8d24f48520ecd8d9303dbbf278aaefe47e8476532b31.php(19): Twig_Template->display(Array)
#4 /var/www/html/Twig/Template.php(279): __TwigTemplate_dc35536f4ec51135399b8d24f48520ecd8d9303dbbf278aaefe47e8476532b31->doDisplay(Array, Array)
#5 /var/www/html/Twig/Template.php(253): Twig_Template->displayWithErrorHandling(Array, Array)
#6 /var/www/html/Twig/Template.php(264): Twig_Template->display(Array)
#7 /var/www/html/Yee/Views/Twig.php(91): Twig_Template->render(Array)
#8 /var/www/html/Yee/View.php(255): Yee\Views\Twig->render('pages/myAccount...', NULL)
#9 /var/www/html/Yee/View.php(243): Yee\View->fetch('pages/myAccount...', NULL)
#10 /var/www/html/Yee/Yee.php(764): Yee\View->display('pages/myAccount...')
#11 /var/www/html/App/Controllers/MyController/myAccountController.php(25): Yee\Yee->render('pages/myAccount...', Array)
#12 [internal function]: myAccountController->indexAction()
#13 /var/www/html/Yee/Managers/Controller/Controller.php(22): call_user_func_array(Array, Array)
#14 [internal function]: Yee\Managers\Controller\Controller::__callStatic('___indexAction', Array)
#15 [internal function]: myAccountController::___indexAction()
#16 /var/www/html/Yee/Route.php(462): call_user_func_array('myAccountContro...', Array)
#17 /var/www/html/Yee/Yee.php(1333): Yee\Route->dispatch()
#18 /var/www/html/Yee/Middleware/Flash.php(85): Yee\Yee->call()
#19 /var/www/html/Yee/Middleware/MethodOverride.php(92): Yee\Middleware\Flash->call()
#20 /var/www/html/Yee/Middleware/PrettyExceptions.php(67): Yee\Middleware\MethodOverride->call()
#21 /var/www/html/Yee/Yee.php(1278): Yee\Middleware\PrettyExceptions->call()
#22 /var/www/html/index.php(49): Yee\Yee->execute()
#23 {main}

Next exception 'Twig_Error_Runtime' with message 'An exception has been thrown during the rendering of a template ("Array to string conversion") in "./common/header.tpl" at line 50.' in /var/www/html/Twig/Template.php:294
Stack trace:
#0 /var/www/html/Twig/Template.php(253): Twig_Template->displayWithErrorHandling(Array, Array)
#1 /var/www/html/cache/templates_c/dc/35/536f4ec51135399b8d24f48520ecd8d9303dbbf278aaefe47e8476532b31.php(19): Twig_Template->display(Array)
#2 /var/www/html/Twig/Template.php(279): __TwigTemplate_dc35536f4ec51135399b8d24f48520ecd8d9303dbbf278aaefe47e8476532b31->doDisplay(Array, Array)
#3 /var/www/html/Twig/Template.php(253): Twig_Template->displayWithErrorHandling(Array, Array)
#4 /var/www/html/Twig/Template.php(264): Twig_Template->display(Array)
#5 /var/www/html/Yee/Views/Twig.php(91): Twig_Template->render(Array)
#6 /var/www/html/Yee/View.php(255): Yee\Views\Twig->render('pages/myAccount...', NULL)
#7 /var/www/html/Yee/View.php(243): Yee\View->fetch('pages/myAccount...', NULL)
#8 /var/www/html/Yee/Yee.php(764): Yee\View->display('pages/myAccount...')
#9 /var/www/html/App/Controllers/MyController/myAccountController.php(25): Yee\Yee->render('pages/myAccount...', Array)
#10 [internal function]: myAccountController->indexAction()
#11 /var/www/html/Yee/Managers/Controller/Controller.php(22): call_user_func_array(Array, Array)
#12 [internal function]: Yee\Managers\Controller\Controller::__callStatic('___indexAction', Array)
#13 [internal function]: myAccountController::___indexAction()
#14 /var/www/html/Yee/Route.php(462): call_user_func_array('myAccountContro...', Array)
#15 /var/www/html/Yee/Yee.php(1333): Yee\Route->dispatch()
#16 /var/www/html/Yee/Middleware/Flash.php(85): Yee\Yee->call()
#17 /var/www/html/Yee/Middleware/MethodOverride.php(92): Yee\Middleware\Flash->call()
#18 /var/www/html/Yee/Middleware/PrettyExceptions.php(67): Yee\Middleware\MethodOverride->call()
#19 /var/www/html/Yee/Yee.php(1278): Yee\Middleware\PrettyExceptions->call()
#20 /var/www/html/index.php(49): Yee\Yee->execute()
#21 {main}
ERROR - 2016-07-21 08:31:32 - exception 'ErrorException' with message 'Array to string conversion' in /var/www/html/cache/templates_c/28/dd/9030a9625e9a4f57c3ad8eb7f0d0dd40ebd4693d66ae3d82e1ff9c0fb2e5.php:73
Stack trace:
#0 /var/www/html/cache/templates_c/28/dd/9030a9625e9a4f57c3ad8eb7f0d0dd40ebd4693d66ae3d82e1ff9c0fb2e5.php(73): Yee\Yee::handleErrors(8, 'Array to string...', '/var/www/html/c...', 73, Array)
#1 /var/www/html/Twig/Template.php(279): __TwigTemplate_28dd9030a9625e9a4f57c3ad8eb7f0d0dd40ebd4693d66ae3d82e1ff9c0fb2e5->doDisplay(Array, Array)
#2 /var/www/html/Twig/Template.php(253): Twig_Template->displayWithErrorHandling(Array, Array)
#3 /var/www/html/cache/templates_c/dc/35/536f4ec51135399b8d24f48520ecd8d9303dbbf278aaefe47e8476532b31.php(19): Twig_Template->display(Array)
#4 /var/www/html/Twig/Template.php(279): __TwigTemplate_dc35536f4ec51135399b8d24f48520ecd8d9303dbbf278aaefe47e8476532b31->doDisplay(Array, Array)
#5 /var/www/html/Twig/Template.php(253): Twig_Template->displayWithErrorHandling(Array, Array)
#6 /var/www/html/Twig/Template.php(264): Twig_Template->display(Array)
#7 /var/www/html/Yee/Views/Twig.php(91): Twig_Template->render(Array)
#8 /var/www/html/Yee/View.php(255): Yee\Views\Twig->render('pages/myAccount...', NULL)
#9 /var/www/html/Yee/View.php(243): Yee\View->fetch('pages/myAccount...', NULL)
#10 /var/www/html/Yee/Yee.php(764): Yee\View->display('pages/myAccount...')
#11 /var/www/html/App/Controllers/MyController/myAccountController.php(25): Yee\Yee->render('pages/myAccount...', Array)
#12 [internal function]: myAccountController->indexAction()
#13 /var/www/html/Yee/Managers/Controller/Controller.php(22): call_user_func_array(Array, Array)
#14 [internal function]: Yee\Managers\Controller\Controller::__callStatic('___indexAction', Array)
#15 [internal function]: myAccountController::___indexAction()
#16 /var/www/html/Yee/Route.php(462): call_user_func_array('myAccountContro...', Array)
#17 /var/www/html/Yee/Yee.php(1333): Yee\Route->dispatch()
#18 /var/www/html/Yee/Middleware/Flash.php(85): Yee\Yee->call()
#19 /var/www/html/Yee/Middleware/MethodOverride.php(92): Yee\Middleware\Flash->call()
#20 /var/www/html/Yee/Middleware/PrettyExceptions.php(67): Yee\Middleware\MethodOverride->call()
#21 /var/www/html/Yee/Yee.php(1278): Yee\Middleware\PrettyExceptions->call()
#22 /var/www/html/index.php(49): Yee\Yee->execute()
#23 {main}

Next exception 'Twig_Error_Runtime' with message 'An exception has been thrown during the rendering of a template ("Array to string conversion") in "./common/header.tpl" at line 50.' in /var/www/html/Twig/Template.php:294
Stack trace:
#0 /var/www/html/Twig/Template.php(253): Twig_Template->displayWithErrorHandling(Array, Array)
#1 /var/www/html/cache/templates_c/dc/35/536f4ec51135399b8d24f48520ecd8d9303dbbf278aaefe47e8476532b31.php(19): Twig_Template->display(Array)
#2 /var/www/html/Twig/Template.php(279): __TwigTemplate_dc35536f4ec51135399b8d24f48520ecd8d9303dbbf278aaefe47e8476532b31->doDisplay(Array, Array)
#3 /var/www/html/Twig/Template.php(253): Twig_Template->displayWithErrorHandling(Array, Array)
#4 /var/www/html/Twig/Template.php(264): Twig_Template->display(Array)
#5 /var/www/html/Yee/Views/Twig.php(91): Twig_Template->render(Array)
#6 /var/www/html/Yee/View.php(255): Yee\Views\Twig->render('pages/myAccount...', NULL)
#7 /var/www/html/Yee/View.php(243): Yee\View->fetch('pages/myAccount...', NULL)
#8 /var/www/html/Yee/Yee.php(764): Yee\View->display('pages/myAccount...')
#9 /var/www/html/App/Controllers/MyController/myAccountController.php(25): Yee\Yee->render('pages/myAccount...', Array)
#10 [internal function]: myAccountController->indexAction()
#11 /var/www/html/Yee/Managers/Controller/Controller.php(22): call_user_func_array(Array, Array)
#12 [internal function]: Yee\Managers\Controller\Controller::__callStatic('___indexAction', Array)
#13 [internal function]: myAccountController::___indexAction()
#14 /var/www/html/Yee/Route.php(462): call_user_func_array('myAccountContro...', Array)
#15 /var/www/html/Yee/Yee.php(1333): Yee\Route->dispatch()
#16 /var/www/html/Yee/Middleware/Flash.php(85): Yee\Yee->call()
#17 /var/www/html/Yee/Middleware/MethodOverride.php(92): Yee\Middleware\Flash->call()
#18 /var/www/html/Yee/Middleware/PrettyExceptions.php(67): Yee\Middleware\MethodOverride->call()
#19 /var/www/html/Yee/Yee.php(1278): Yee\Middleware\PrettyExceptions->call()
#20 /var/www/html/index.php(49): Yee\Yee->execute()
#21 {main}
ERROR - 2016-07-21 09:32:47 - exception 'ErrorException' with message 'Undefined index: email' in /var/www/html/App/Models/MyAccount/MyAccountModel.php:17
Stack trace:
#0 /var/www/html/App/Models/MyAccount/MyAccountModel.php(17): Yee\Yee::handleErrors(8, 'Undefined index...', '/var/www/html/A...', 17, Array)
#1 /var/www/html/App/Controllers/MyController/myAccountController.php(20): App\Models\myAccount\MyAccountModel->getAccountDetails()
#2 [internal function]: myAccountController->indexAction()
#3 /var/www/html/Yee/Managers/Controller/Controller.php(22): call_user_func_array(Array, Array)
#4 [internal function]: Yee\Managers\Controller\Controller::__callStatic('___indexAction', Array)
#5 [internal function]: myAccountController::___indexAction()
#6 /var/www/html/Yee/Route.php(462): call_user_func_array('myAccountContro...', Array)
#7 /var/www/html/Yee/Yee.php(1333): Yee\Route->dispatch()
#8 /var/www/html/Yee/Middleware/Flash.php(85): Yee\Yee->call()
#9 /var/www/html/Yee/Middleware/MethodOverride.php(92): Yee\Middleware\Flash->call()
#10 /var/www/html/Yee/Middleware/PrettyExceptions.php(67): Yee\Middleware\MethodOverride->call()
#11 /var/www/html/Yee/Yee.php(1278): Yee\Middleware\PrettyExceptions->call()
#12 /var/www/html/index.php(49): Yee\Yee->execute()
#13 {main}
ERROR - 2016-07-21 10:44:25 - exception 'ErrorException' with message 'Missing argument 1 for App\Models\myAccount\MyAccountModel::__construct(), called in /var/www/html/App/Controllers/MyController/myAccountController.php on line 20 and defined' in /var/www/html/App/Models/MyAccount/MyAccountModel.php:13
Stack trace:
#0 /var/www/html/App/Models/MyAccount/MyAccountModel.php(13): Yee\Yee::handleErrors(2, 'Missing argumen...', '/var/www/html/A...', 13, Array)
#1 /var/www/html/App/Controllers/MyController/myAccountController.php(20): App\Models\myAccount\MyAccountModel->__construct()
#2 [internal function]: MyAccountController->indexAction()
#3 /var/www/html/Yee/Managers/Controller/Controller.php(22): call_user_func_array(Array, Array)
#4 [internal function]: Yee\Managers\Controller\Controller::__callStatic('___indexAction', Array)
#5 [internal function]: MyAccountController::___indexAction()
#6 /var/www/html/Yee/Route.php(462): call_user_func_array('myAccountContro...', Array)
#7 /var/www/html/Yee/Yee.php(1333): Yee\Route->dispatch()
#8 /var/www/html/Yee/Middleware/Flash.php(85): Yee\Yee->call()
#9 /var/www/html/Yee/Middleware/MethodOverride.php(92): Yee\Middleware\Flash->call()
#10 /var/www/html/Yee/Middleware/PrettyExceptions.php(67): Yee\Middleware\MethodOverride->call()
#11 /var/www/html/Yee/Yee.php(1278): Yee\Middleware\PrettyExceptions->call()
#12 /var/www/html/index.php(49): Yee\Yee->execute()
#13 {main}
ERROR - 2016-07-21 10:48:42 - exception 'ErrorException' with message 'Missing argument 1 for App\Models\myAccount\MyAccountModel::__construct(), called in /var/www/html/App/Controllers/MyController/myAccountController.php on line 20 and defined' in /var/www/html/App/Models/MyAccount/MyAccountModel.php:13
Stack trace:
#0 /var/www/html/App/Models/MyAccount/MyAccountModel.php(13): Yee\Yee::handleErrors(2, 'Missing argumen...', '/var/www/html/A...', 13, Array)
#1 /var/www/html/App/Controllers/MyController/myAccountController.php(20): App\Models\myAccount\MyAccountModel->__construct()
#2 [internal function]: MyAccountController->indexAction()
#3 /var/www/html/Yee/Managers/Controller/Controller.php(22): call_user_func_array(Array, Array)
#4 [internal function]: Yee\Managers\Controller\Controller::__callStatic('___indexAction', Array)
#5 [internal function]: MyAccountController::___indexAction()
#6 /var/www/html/Yee/Route.php(462): call_user_func_array('myAccountContro...', Array)
#7 /var/www/html/Yee/Yee.php(1333): Yee\Route->dispatch()
#8 /var/www/html/Yee/Middleware/Flash.php(85): Yee\Yee->call()
#9 /var/www/html/Yee/Middleware/MethodOverride.php(92): Yee\Middleware\Flash->call()
#10 /var/www/html/Yee/Middleware/PrettyExceptions.php(67): Yee\Middleware\MethodOverride->call()
#11 /var/www/html/Yee/Yee.php(1278): Yee\Middleware\PrettyExceptions->call()
#12 /var/www/html/index.php(49): Yee\Yee->execute()
#13 {main}
ERROR - 2016-07-21 10:48:46 - exception 'ErrorException' with message 'Missing argument 1 for App\Models\myAccount\MyAccountModel::__construct(), called in /var/www/html/App/Controllers/MyController/myAccountController.php on line 20 and defined' in /var/www/html/App/Models/MyAccount/MyAccountModel.php:13
Stack trace:
#0 /var/www/html/App/Models/MyAccount/MyAccountModel.php(13): Yee\Yee::handleErrors(2, 'Missing argumen...', '/var/www/html/A...', 13, Array)
#1 /var/www/html/App/Controllers/MyController/myAccountController.php(20): App\Models\myAccount\MyAccountModel->__construct()
#2 [internal function]: MyAccountController->indexAction()
#3 /var/www/html/Yee/Managers/Controller/Controller.php(22): call_user_func_array(Array, Array)
#4 [internal function]: Yee\Managers\Controller\Controller::__callStatic('___indexAction', Array)
#5 [internal function]: MyAccountController::___indexAction()
#6 /var/www/html/Yee/Route.php(462): call_user_func_array('myAccountContro...', Array)
#7 /var/www/html/Yee/Yee.php(1333): Yee\Route->dispatch()
#8 /var/www/html/Yee/Middleware/Flash.php(85): Yee\Yee->call()
#9 /var/www/html/Yee/Middleware/MethodOverride.php(92): Yee\Middleware\Flash->call()
#10 /var/www/html/Yee/Middleware/PrettyExceptions.php(67): Yee\Middleware\MethodOverride->call()
#11 /var/www/html/Yee/Yee.php(1278): Yee\Middleware\PrettyExceptions->call()
#12 /var/www/html/index.php(49): Yee\Yee->execute()
#13 {main}
ERROR - 2016-07-21 10:48:59 - exception 'ErrorException' with message 'Missing argument 1 for App\Models\myAccount\MyAccountModel::__construct(), called in /var/www/html/App/Controllers/MyController/myAccountController.php on line 20 and defined' in /var/www/html/App/Models/MyAccount/MyAccountModel.php:13
Stack trace:
#0 /var/www/html/App/Models/MyAccount/MyAccountModel.php(13): Yee\Yee::handleErrors(2, 'Missing argumen...', '/var/www/html/A...', 13, Array)
#1 /var/www/html/App/Controllers/MyController/myAccountController.php(20): App\Models\myAccount\MyAccountModel->__construct()
#2 [internal function]: MyAccountController->indexAction()
#3 /var/www/html/Yee/Managers/Controller/Controller.php(22): call_user_func_array(Array, Array)
#4 [internal function]: Yee\Managers\Controller\Controller::__callStatic('___indexAction', Array)
#5 [internal function]: MyAccountController::___indexAction()
#6 /var/www/html/Yee/Route.php(462): call_user_func_array('myAccountContro...', Array)
#7 /var/www/html/Yee/Yee.php(1333): Yee\Route->dispatch()
#8 /var/www/html/Yee/Middleware/Flash.php(85): Yee\Yee->call()
#9 /var/www/html/Yee/Middleware/MethodOverride.php(92): Yee\Middleware\Flash->call()
#10 /var/www/html/Yee/Middleware/PrettyExceptions.php(67): Yee\Middleware\MethodOverride->call()
#11 /var/www/html/Yee/Yee.php(1278): Yee\Middleware\PrettyExceptions->call()
#12 /var/www/html/index.php(49): Yee\Yee->execute()
#13 {main}
ERROR - 2016-07-21 10:49:44 - exception 'ErrorException' with message 'Missing argument 1 for App\Models\myAccount\MyAccountModel::__construct(), called in /var/www/html/App/Controllers/MyController/myAccountController.php on line 20 and defined' in /var/www/html/App/Models/MyAccount/MyAccountModel.php:13
Stack trace:
#0 /var/www/html/App/Models/MyAccount/MyAccountModel.php(13): Yee\Yee::handleErrors(2, 'Missing argumen...', '/var/www/html/A...', 13, Array)
#1 /var/www/html/App/Controllers/MyController/myAccountController.php(20): App\Models\myAccount\MyAccountModel->__construct()
#2 [internal function]: MyAccountController->indexAction()
#3 /var/www/html/Yee/Managers/Controller/Controller.php(22): call_user_func_array(Array, Array)
#4 [internal function]: Yee\Managers\Controller\Controller::__callStatic('___indexAction', Array)
#5 [internal function]: MyAccountController::___indexAction()
#6 /var/www/html/Yee/Route.php(462): call_user_func_array('myAccountContro...', Array)
#7 /var/www/html/Yee/Yee.php(1333): Yee\Route->dispatch()
#8 /var/www/html/Yee/Middleware/Flash.php(85): Yee\Yee->call()
#9 /var/www/html/Yee/Middleware/MethodOverride.php(92): Yee\Middleware\Flash->call()
#10 /var/www/html/Yee/Middleware/PrettyExceptions.php(67): Yee\Middleware\MethodOverride->call()
#11 /var/www/html/Yee/Yee.php(1278): Yee\Middleware\PrettyExceptions->call()
#12 /var/www/html/index.php(49): Yee\Yee->execute()
#13 {main}
ERROR - 2016-07-21 10:49:49 - exception 'ErrorException' with message 'Missing argument 1 for App\Models\myAccount\MyAccountModel::__construct(), called in /var/www/html/App/Controllers/MyController/myAccountController.php on line 20 and defined' in /var/www/html/App/Models/MyAccount/MyAccountModel.php:13
Stack trace:
#0 /var/www/html/App/Models/MyAccount/MyAccountModel.php(13): Yee\Yee::handleErrors(2, 'Missing argumen...', '/var/www/html/A...', 13, Array)
#1 /var/www/html/App/Controllers/MyController/myAccountController.php(20): App\Models\myAccount\MyAccountModel->__construct()
#2 [internal function]: MyAccountController->indexAction()
#3 /var/www/html/Yee/Managers/Controller/Controller.php(22): call_user_func_array(Array, Array)
#4 [internal function]: Yee\Managers\Controller\Controller::__callStatic('___indexAction', Array)
#5 [internal function]: MyAccountController::___indexAction()
#6 /var/www/html/Yee/Route.php(462): call_user_func_array('myAccountContro...', Array)
#7 /var/www/html/Yee/Yee.php(1333): Yee\Route->dispatch()
#8 /var/www/html/Yee/Middleware/Flash.php(85): Yee\Yee->call()
#9 /var/www/html/Yee/Middleware/MethodOverride.php(92): Yee\Middleware\Flash->call()
#10 /var/www/html/Yee/Middleware/PrettyExceptions.php(67): Yee\Middleware\MethodOverride->call()
#11 /var/www/html/Yee/Yee.php(1278): Yee\Middleware\PrettyExceptions->call()
#12 /var/www/html/index.php(49): Yee\Yee->execute()
#13 {main}
ERROR - 2016-07-21 10:50:15 - exception 'ErrorException' with message 'Missing argument 1 for App\Models\myAccount\MyAccountModel::__construct(), called in /var/www/html/App/Controllers/MyController/myAccountController.php on line 20 and defined' in /var/www/html/App/Models/MyAccount/MyAccountModel.php:13
Stack trace:
#0 /var/www/html/App/Models/MyAccount/MyAccountModel.php(13): Yee\Yee::handleErrors(2, 'Missing argumen...', '/var/www/html/A...', 13, Array)
#1 /var/www/html/App/Controllers/MyController/myAccountController.php(20): App\Models\myAccount\MyAccountModel->__construct()
#2 [internal function]: MyAccountController->indexAction()
#3 /var/www/html/Yee/Managers/Controller/Controller.php(22): call_user_func_array(Array, Array)
#4 [internal function]: Yee\Managers\Controller\Controller::__callStatic('___indexAction', Array)
#5 [internal function]: MyAccountController::___indexAction()
#6 /var/www/html/Yee/Route.php(462): call_user_func_array('myAccountContro...', Array)
#7 /var/www/html/Yee/Yee.php(1333): Yee\Route->dispatch()
#8 /var/www/html/Yee/Middleware/Flash.php(85): Yee\Yee->call()
#9 /var/www/html/Yee/Middleware/MethodOverride.php(92): Yee\Middleware\Flash->call()
#10 /var/www/html/Yee/Middleware/PrettyExceptions.php(67): Yee\Middleware\MethodOverride->call()
#11 /var/www/html/Yee/Yee.php(1278): Yee\Middleware\PrettyExceptions->call()
#12 /var/www/html/index.php(49): Yee\Yee->execute()
#13 {main}
ERROR - 2016-07-21 10:51:28 - exception 'ErrorException' with message 'Missing argument 1 for App\Models\myAccount\MyAccountModel::__construct(), called in /var/www/html/App/Controllers/MyController/myAccountController.php on line 20 and defined' in /var/www/html/App/Models/MyAccount/MyAccountModel.php:13
Stack trace:
#0 /var/www/html/App/Models/MyAccount/MyAccountModel.php(13): Yee\Yee::handleErrors(2, 'Missing argumen...', '/var/www/html/A...', 13, Array)
#1 /var/www/html/App/Controllers/MyController/myAccountController.php(20): App\Models\myAccount\MyAccountModel->__construct()
#2 [internal function]: MyAccountController->indexAction()
#3 /var/www/html/Yee/Managers/Controller/Controller.php(22): call_user_func_array(Array, Array)
#4 [internal function]: Yee\Managers\Controller\Controller::__callStatic('___indexAction', Array)
#5 [internal function]: MyAccountController::___indexAction()
#6 /var/www/html/Yee/Route.php(462): call_user_func_array('myAccountContro...', Array)
#7 /var/www/html/Yee/Yee.php(1333): Yee\Route->dispatch()
#8 /var/www/html/Yee/Middleware/Flash.php(85): Yee\Yee->call()
#9 /var/www/html/Yee/Middleware/MethodOverride.php(92): Yee\Middleware\Flash->call()
#10 /var/www/html/Yee/Middleware/PrettyExceptions.php(67): Yee\Middleware\MethodOverride->call()
#11 /var/www/html/Yee/Yee.php(1278): Yee\Middleware\PrettyExceptions->call()
#12 /var/www/html/index.php(49): Yee\Yee->execute()
#13 {main}
ERROR - 2016-07-21 10:53:43 - exception 'ErrorException' with message 'Missing argument 1 for App\Models\myAccount\MyAccountModel::__construct(), called in /var/www/html/App/Controllers/MyController/myAccountController.php on line 20 and defined' in /var/www/html/App/Models/MyAccount/MyAccountModel.php:13
Stack trace:
#0 /var/www/html/App/Models/MyAccount/MyAccountModel.php(13): Yee\Yee::handleErrors(2, 'Missing argumen...', '/var/www/html/A...', 13, Array)
#1 /var/www/html/App/Controllers/MyController/myAccountController.php(20): App\Models\myAccount\MyAccountModel->__construct()
#2 [internal function]: MyAccountController->indexAction()
#3 /var/www/html/Yee/Managers/Controller/Controller.php(22): call_user_func_array(Array, Array)
#4 [internal function]: Yee\Managers\Controller\Controller::__callStatic('___indexAction', Array)
#5 [internal function]: MyAccountController::___indexAction()
#6 /var/www/html/Yee/Route.php(462): call_user_func_array('myAccountContro...', Array)
#7 /var/www/html/Yee/Yee.php(1333): Yee\Route->dispatch()
#8 /var/www/html/Yee/Middleware/Flash.php(85): Yee\Yee->call()
#9 /var/www/html/Yee/Middleware/MethodOverride.php(92): Yee\Middleware\Flash->call()
#10 /var/www/html/Yee/Middleware/PrettyExceptions.php(67): Yee\Middleware\MethodOverride->call()
#11 /var/www/html/Yee/Yee.php(1278): Yee\Middleware\PrettyExceptions->call()
#12 /var/www/html/index.php(49): Yee\Yee->execute()
#13 {main}
ERROR - 2016-07-21 10:57:29 - exception 'ErrorException' with message 'Missing argument 1 for App\Models\myAccount\MyAccountModel::__construct(), called in /var/www/html/App/Controllers/MyController/myAccountController.php on line 20 and defined' in /var/www/html/App/Models/MyAccount/MyAccountModel.php:14
Stack trace:
#0 /var/www/html/App/Models/MyAccount/MyAccountModel.php(14): Yee\Yee::handleErrors(2, 'Missing argumen...', '/var/www/html/A...', 14, Array)
#1 /var/www/html/App/Controllers/MyController/myAccountController.php(20): App\Models\myAccount\MyAccountModel->__construct()
#2 [internal function]: MyAccountController->indexAction()
#3 /var/www/html/Yee/Managers/Controller/Controller.php(22): call_user_func_array(Array, Array)
#4 [internal function]: Yee\Managers\Controller\Controller::__callStatic('___indexAction', Array)
#5 [internal function]: MyAccountController::___indexAction()
#6 /var/www/html/Yee/Route.php(462): call_user_func_array('myAccountContro...', Array)
#7 /var/www/html/Yee/Yee.php(1333): Yee\Route->dispatch()
#8 /var/www/html/Yee/Middleware/Flash.php(85): Yee\Yee->call()
#9 /var/www/html/Yee/Middleware/MethodOverride.php(92): Yee\Middleware\Flash->call()
#10 /var/www/html/Yee/Middleware/PrettyExceptions.php(67): Yee\Middleware\MethodOverride->call()
#11 /var/www/html/Yee/Yee.php(1278): Yee\Middleware\PrettyExceptions->call()
#12 /var/www/html/index.php(49): Yee\Yee->execute()
#13 {main}
ERROR - 2016-07-21 10:58:44 - exception 'ErrorException' with message 'Missing argument 1 for App\Models\myAccount\MyAccountModel::__construct(), called in /var/www/html/App/Controllers/MyController/myAccountController.php on line 20 and defined' in /var/www/html/App/Models/MyAccount/MyAccountModel.php:14
Stack trace:
#0 /var/www/html/App/Models/MyAccount/MyAccountModel.php(14): Yee\Yee::handleErrors(2, 'Missing argumen...', '/var/www/html/A...', 14, Array)
#1 /var/www/html/App/Controllers/MyController/myAccountController.php(20): App\Models\myAccount\MyAccountModel->__construct()
#2 [internal function]: MyAccountController->indexAction()
#3 /var/www/html/Yee/Managers/Controller/Controller.php(22): call_user_func_array(Array, Array)
#4 [internal function]: Yee\Managers\Controller\Controller::__callStatic('___indexAction', Array)
#5 [internal function]: MyAccountController::___indexAction()
#6 /var/www/html/Yee/Route.php(462): call_user_func_array('myAccountContro...', Array)
#7 /var/www/html/Yee/Yee.php(1333): Yee\Route->dispatch()
#8 /var/www/html/Yee/Middleware/Flash.php(85): Yee\Yee->call()
#9 /var/www/html/Yee/Middleware/MethodOverride.php(92): Yee\Middleware\Flash->call()
#10 /var/www/html/Yee/Middleware/PrettyExceptions.php(67): Yee\Middleware\MethodOverride->call()
#11 /var/www/html/Yee/Yee.php(1278): Yee\Middleware\PrettyExceptions->call()
#12 /var/www/html/index.php(49): Yee\Yee->execute()
#13 {main}
ERROR - 2016-07-21 10:58:47 - exception 'ErrorException' with message 'Missing argument 1 for App\Models\myAccount\MyAccountModel::__construct(), called in /var/www/html/App/Controllers/MyController/myAccountController.php on line 20 and defined' in /var/www/html/App/Models/MyAccount/MyAccountModel.php:14
Stack trace:
#0 /var/www/html/App/Models/MyAccount/MyAccountModel.php(14): Yee\Yee::handleErrors(2, 'Missing argumen...', '/var/www/html/A...', 14, Array)
#1 /var/www/html/App/Controllers/MyController/myAccountController.php(20): App\Models\myAccount\MyAccountModel->__construct()
#2 [internal function]: MyAccountController->indexAction()
#3 /var/www/html/Yee/Managers/Controller/Controller.php(22): call_user_func_array(Array, Array)
#4 [internal function]: Yee\Managers\Controller\Controller::__callStatic('___indexAction', Array)
#5 [internal function]: MyAccountController::___indexAction()
#6 /var/www/html/Yee/Route.php(462): call_user_func_array('myAccountContro...', Array)
#7 /var/www/html/Yee/Yee.php(1333): Yee\Route->dispatch()
#8 /var/www/html/Yee/Middleware/Flash.php(85): Yee\Yee->call()
#9 /var/www/html/Yee/Middleware/MethodOverride.php(92): Yee\Middleware\Flash->call()
#10 /var/www/html/Yee/Middleware/PrettyExceptions.php(67): Yee\Middleware\MethodOverride->call()
#11 /var/www/html/Yee/Yee.php(1278): Yee\Middleware\PrettyExceptions->call()
#12 /var/www/html/index.php(49): Yee\Yee->execute()
#13 {main}
ERROR - 2016-07-21 10:58:50 - exception 'ErrorException' with message 'Missing argument 1 for App\Models\myAccount\MyAccountModel::__construct(), called in /var/www/html/App/Controllers/MyController/myAccountController.php on line 20 and defined' in /var/www/html/App/Models/MyAccount/MyAccountModel.php:14
Stack trace:
#0 /var/www/html/App/Models/MyAccount/MyAccountModel.php(14): Yee\Yee::handleErrors(2, 'Missing argumen...', '/var/www/html/A...', 14, Array)
#1 /var/www/html/App/Controllers/MyController/myAccountController.php(20): App\Models\myAccount\MyAccountModel->__construct()
#2 [internal function]: MyAccountController->indexAction()
#3 /var/www/html/Yee/Managers/Controller/Controller.php(22): call_user_func_array(Array, Array)
#4 [internal function]: Yee\Managers\Controller\Controller::__callStatic('___indexAction', Array)
#5 [internal function]: MyAccountController::___indexAction()
#6 /var/www/html/Yee/Route.php(462): call_user_func_array('myAccountContro...', Array)
#7 /var/www/html/Yee/Yee.php(1333): Yee\Route->dispatch()
#8 /var/www/html/Yee/Middleware/Flash.php(85): Yee\Yee->call()
#9 /var/www/html/Yee/Middleware/MethodOverride.php(92): Yee\Middleware\Flash->call()
#10 /var/www/html/Yee/Middleware/PrettyExceptions.php(67): Yee\Middleware\MethodOverride->call()
#11 /var/www/html/Yee/Yee.php(1278): Yee\Middleware\PrettyExceptions->call()
#12 /var/www/html/index.php(49): Yee\Yee->execute()
#13 {main}
ERROR - 2016-07-21 10:58:56 - exception 'ErrorException' with message 'Missing argument 1 for App\Models\myAccount\MyAccountModel::__construct(), called in /var/www/html/App/Controllers/MyController/myAccountController.php on line 20 and defined' in /var/www/html/App/Models/MyAccount/MyAccountModel.php:14
Stack trace:
#0 /var/www/html/App/Models/MyAccount/MyAccountModel.php(14): Yee\Yee::handleErrors(2, 'Missing argumen...', '/var/www/html/A...', 14, Array)
#1 /var/www/html/App/Controllers/MyController/myAccountController.php(20): App\Models\myAccount\MyAccountModel->__construct()
#2 [internal function]: MyAccountController->indexAction()
#3 /var/www/html/Yee/Managers/Controller/Controller.php(22): call_user_func_array(Array, Array)
#4 [internal function]: Yee\Managers\Controller\Controller::__callStatic('___indexAction', Array)
#5 [internal function]: MyAccountController::___indexAction()
#6 /var/www/html/Yee/Route.php(462): call_user_func_array('myAccountContro...', Array)
#7 /var/www/html/Yee/Yee.php(1333): Yee\Route->dispatch()
#8 /var/www/html/Yee/Middleware/Flash.php(85): Yee\Yee->call()
#9 /var/www/html/Yee/Middleware/MethodOverride.php(92): Yee\Middleware\Flash->call()
#10 /var/www/html/Yee/Middleware/PrettyExceptions.php(67): Yee\Middleware\MethodOverride->call()
#11 /var/www/html/Yee/Yee.php(1278): Yee\Middleware\PrettyExceptions->call()
#12 /var/www/html/index.php(49): Yee\Yee->execute()
#13 {main}
ERROR - 2016-07-21 11:00:13 - exception 'ErrorException' with message 'Missing argument 1 for App\Models\myAccount\MyAccountModel::__construct(), called in /var/www/html/App/Controllers/MyController/myAccountController.php on line 20 and defined' in /var/www/html/App/Models/MyAccount/MyAccountModel.php:14
Stack trace:
#0 /var/www/html/App/Models/MyAccount/MyAccountModel.php(14): Yee\Yee::handleErrors(2, 'Missing argumen...', '/var/www/html/A...', 14, Array)
#1 /var/www/html/App/Controllers/MyController/myAccountController.php(20): App\Models\myAccount\MyAccountModel->__construct()
#2 [internal function]: MyAccountController->indexAction()
#3 /var/www/html/Yee/Managers/Controller/Controller.php(22): call_user_func_array(Array, Array)
#4 [internal function]: Yee\Managers\Controller\Controller::__callStatic('___indexAction', Array)
#5 [internal function]: MyAccountController::___indexAction()
#6 /var/www/html/Yee/Route.php(462): call_user_func_array('myAccountContro...', Array)
#7 /var/www/html/Yee/Yee.php(1333): Yee\Route->dispatch()
#8 /var/www/html/Yee/Middleware/Flash.php(85): Yee\Yee->call()
#9 /var/www/html/Yee/Middleware/MethodOverride.php(92): Yee\Middleware\Flash->call()
#10 /var/www/html/Yee/Middleware/PrettyExceptions.php(67): Yee\Middleware\MethodOverride->call()
#11 /var/www/html/Yee/Yee.php(1278): Yee\Middleware\PrettyExceptions->call()
#12 /var/www/html/index.php(49): Yee\Yee->execute()
#13 {main}
ERROR - 2016-07-21 11:01:39 - exception 'ErrorException' with message 'Missing argument 1 for App\Models\myAccount\MyAccountModel::__construct(), called in /var/www/html/App/Controllers/MyController/myAccountController.php on line 20 and defined' in /var/www/html/App/Models/MyAccount/MyAccountModel.php:14
Stack trace:
#0 /var/www/html/App/Models/MyAccount/MyAccountModel.php(14): Yee\Yee::handleErrors(2, 'Missing argumen...', '/var/www/html/A...', 14, Array)
#1 /var/www/html/App/Controllers/MyController/myAccountController.php(20): App\Models\myAccount\MyAccountModel->__construct()
#2 [internal function]: MyAccountController->indexAction()
#3 /var/www/html/Yee/Managers/Controller/Controller.php(22): call_user_func_array(Array, Array)
#4 [internal function]: Yee\Managers\Controller\Controller::__callStatic('___indexAction', Array)
#5 [internal function]: MyAccountController::___indexAction()
#6 /var/www/html/Yee/Route.php(462): call_user_func_array('myAccountContro...', Array)
#7 /var/www/html/Yee/Yee.php(1333): Yee\Route->dispatch()
#8 /var/www/html/Yee/Middleware/Flash.php(85): Yee\Yee->call()
#9 /var/www/html/Yee/Middleware/MethodOverride.php(92): Yee\Middleware\Flash->call()
#10 /var/www/html/Yee/Middleware/PrettyExceptions.php(67): Yee\Middleware\MethodOverride->call()
#11 /var/www/html/Yee/Yee.php(1278): Yee\Middleware\PrettyExceptions->call()
#12 /var/www/html/index.php(49): Yee\Yee->execute()
#13 {main}
ERROR - 2016-07-21 11:01:42 - exception 'ErrorException' with message 'Missing argument 1 for App\Models\myAccount\MyAccountModel::__construct(), called in /var/www/html/App/Controllers/MyController/myAccountController.php on line 20 and defined' in /var/www/html/App/Models/MyAccount/MyAccountModel.php:14
Stack trace:
#0 /var/www/html/App/Models/MyAccount/MyAccountModel.php(14): Yee\Yee::handleErrors(2, 'Missing argumen...', '/var/www/html/A...', 14, Array)
#1 /var/www/html/App/Controllers/MyController/myAccountController.php(20): App\Models\myAccount\MyAccountModel->__construct()
#2 [internal function]: MyAccountController->indexAction()
#3 /var/www/html/Yee/Managers/Controller/Controller.php(22): call_user_func_array(Array, Array)
#4 [internal function]: Yee\Managers\Controller\Controller::__callStatic('___indexAction', Array)
#5 [internal function]: MyAccountController::___indexAction()
#6 /var/www/html/Yee/Route.php(462): call_user_func_array('myAccountContro...', Array)
#7 /var/www/html/Yee/Yee.php(1333): Yee\Route->dispatch()
#8 /var/www/html/Yee/Middleware/Flash.php(85): Yee\Yee->call()
#9 /var/www/html/Yee/Middleware/MethodOverride.php(92): Yee\Middleware\Flash->call()
#10 /var/www/html/Yee/Middleware/PrettyExceptions.php(67): Yee\Middleware\MethodOverride->call()
#11 /var/www/html/Yee/Yee.php(1278): Yee\Middleware\PrettyExceptions->call()
#12 /var/www/html/index.php(49): Yee\Yee->execute()
#13 {main}
ERROR - 2016-07-21 11:03:01 - exception 'ErrorException' with message 'Missing argument 1 for App\Models\myAccount\MyAccountModel::__construct(), called in /var/www/html/App/Controllers/MyController/myAccountController.php on line 20 and defined' in /var/www/html/App/Models/MyAccount/MyAccountModel.php:14
Stack trace:
#0 /var/www/html/App/Models/MyAccount/MyAccountModel.php(14): Yee\Yee::handleErrors(2, 'Missing argumen...', '/var/www/html/A...', 14, Array)
#1 /var/www/html/App/Controllers/MyController/myAccountController.php(20): App\Models\myAccount\MyAccountModel->__construct()
#2 [internal function]: MyAccountController->indexAction()
#3 /var/www/html/Yee/Managers/Controller/Controller.php(22): call_user_func_array(Array, Array)
#4 [internal function]: Yee\Managers\Controller\Controller::__callStatic('___indexAction', Array)
#5 [internal function]: MyAccountController::___indexAction()
#6 /var/www/html/Yee/Route.php(462): call_user_func_array('myAccountContro...', Array)
#7 /var/www/html/Yee/Yee.php(1333): Yee\Route->dispatch()
#8 /var/www/html/Yee/Middleware/Flash.php(85): Yee\Yee->call()
#9 /var/www/html/Yee/Middleware/MethodOverride.php(92): Yee\Middleware\Flash->call()
#10 /var/www/html/Yee/Middleware/PrettyExceptions.php(67): Yee\Middleware\MethodOverride->call()
#11 /var/www/html/Yee/Yee.php(1278): Yee\Middleware\PrettyExceptions->call()
#12 /var/www/html/index.php(49): Yee\Yee->execute()
#13 {main}
ERROR - 2016-07-21 11:03:06 - exception 'ErrorException' with message 'Missing argument 1 for App\Models\myAccount\MyAccountModel::__construct(), called in /var/www/html/App/Controllers/MyController/myAccountController.php on line 20 and defined' in /var/www/html/App/Models/MyAccount/MyAccountModel.php:14
Stack trace:
#0 /var/www/html/App/Models/MyAccount/MyAccountModel.php(14): Yee\Yee::handleErrors(2, 'Missing argumen...', '/var/www/html/A...', 14, Array)
#1 /var/www/html/App/Controllers/MyController/myAccountController.php(20): App\Models\myAccount\MyAccountModel->__construct()
#2 [internal function]: MyAccountController->indexAction()
#3 /var/www/html/Yee/Managers/Controller/Controller.php(22): call_user_func_array(Array, Array)
#4 [internal function]: Yee\Managers\Controller\Controller::__callStatic('___indexAction', Array)
#5 [internal function]: MyAccountController::___indexAction()
#6 /var/www/html/Yee/Route.php(462): call_user_func_array('myAccountContro...', Array)
#7 /var/www/html/Yee/Yee.php(1333): Yee\Route->dispatch()
#8 /var/www/html/Yee/Middleware/Flash.php(85): Yee\Yee->call()
#9 /var/www/html/Yee/Middleware/MethodOverride.php(92): Yee\Middleware\Flash->call()
#10 /var/www/html/Yee/Middleware/PrettyExceptions.php(67): Yee\Middleware\MethodOverride->call()
#11 /var/www/html/Yee/Yee.php(1278): Yee\Middleware\PrettyExceptions->call()
#12 /var/www/html/index.php(49): Yee\Yee->execute()
#13 {main}
ERROR - 2016-07-21 12:26:48 - exception 'ErrorException' with message 'Missing argument 1 for App\Models\myAccount\MyAccountModel::__construct(), called in /var/www/html/App/Controllers/MyController/myAccountController.php on line 20 and defined' in /var/www/html/App/Models/MyAccount/MyAccountModel.php:14
Stack trace:
#0 /var/www/html/App/Models/MyAccount/MyAccountModel.php(14): Yee\Yee::handleErrors(2, 'Missing argumen...', '/var/www/html/A...', 14, Array)
#1 /var/www/html/App/Controllers/MyController/myAccountController.php(20): App\Models\myAccount\MyAccountModel->__construct()
#2 [internal function]: MyAccountController->indexAction()
#3 /var/www/html/Yee/Managers/Controller/Controller.php(22): call_user_func_array(Array, Array)
#4 [internal function]: Yee\Managers\Controller\Controller::__callStatic('___indexAction', Array)
#5 [internal function]: MyAccountController::___indexAction()
#6 /var/www/html/Yee/Route.php(462): call_user_func_array('myAccountContro...', Array)
#7 /var/www/html/Yee/Yee.php(1333): Yee\Route->dispatch()
#8 /var/www/html/Yee/Middleware/Flash.php(85): Yee\Yee->call()
#9 /var/www/html/Yee/Middleware/MethodOverride.php(92): Yee\Middleware\Flash->call()
#10 /var/www/html/Yee/Middleware/PrettyExceptions.php(67): Yee\Middleware\MethodOverride->call()
#11 /var/www/html/Yee/Yee.php(1278): Yee\Middleware\PrettyExceptions->call()
#12 /var/www/html/index.php(49): Yee\Yee->execute()
#13 {main}
ERROR - 2016-07-21 12:26:51 - exception 'ErrorException' with message 'Missing argument 1 for App\Models\myAccount\MyAccountModel::__construct(), called in /var/www/html/App/Controllers/MyController/myAccountController.php on line 20 and defined' in /var/www/html/App/Models/MyAccount/MyAccountModel.php:14
Stack trace:
#0 /var/www/html/App/Models/MyAccount/MyAccountModel.php(14): Yee\Yee::handleErrors(2, 'Missing argumen...', '/var/www/html/A...', 14, Array)
#1 /var/www/html/App/Controllers/MyController/myAccountController.php(20): App\Models\myAccount\MyAccountModel->__construct()
#2 [internal function]: MyAccountController->indexAction()
#3 /var/www/html/Yee/Managers/Controller/Controller.php(22): call_user_func_array(Array, Array)
#4 [internal function]: Yee\Managers\Controller\Controller::__callStatic('___indexAction', Array)
#5 [internal function]: MyAccountController::___indexAction()
#6 /var/www/html/Yee/Route.php(462): call_user_func_array('myAccountContro...', Array)
#7 /var/www/html/Yee/Yee.php(1333): Yee\Route->dispatch()
#8 /var/www/html/Yee/Middleware/Flash.php(85): Yee\Yee->call()
#9 /var/www/html/Yee/Middleware/MethodOverride.php(92): Yee\Middleware\Flash->call()
#10 /var/www/html/Yee/Middleware/PrettyExceptions.php(67): Yee\Middleware\MethodOverride->call()
#11 /var/www/html/Yee/Yee.php(1278): Yee\Middleware\PrettyExceptions->call()
#12 /var/www/html/index.php(49): Yee\Yee->execute()
#13 {main}
ERROR - 2016-07-21 12:27:11 - exception 'ErrorException' with message 'Undefined index: username' in /var/www/html/App/Models/MyAccount/MyAccountModel.php:16
Stack trace:
#0 /var/www/html/App/Models/MyAccount/MyAccountModel.php(16): Yee\Yee::handleErrors(8, 'Undefined index...', '/var/www/html/A...', 16, Array)
#1 /var/www/html/App/Controllers/MyController/myAccountController.php(21): App\Models\myAccount\MyAccountModel->getAccountDetails()
#2 [internal function]: MyAccountController->indexAction()
#3 /var/www/html/Yee/Managers/Controller/Controller.php(22): call_user_func_array(Array, Array)
#4 [internal function]: Yee\Managers\Controller\Controller::__callStatic('___indexAction', Array)
#5 [internal function]: MyAccountController::___indexAction()
#6 /var/www/html/Yee/Route.php(462): call_user_func_array('myAccountContro...', Array)
#7 /var/www/html/Yee/Yee.php(1333): Yee\Route->dispatch()
#8 /var/www/html/Yee/Middleware/Flash.php(85): Yee\Yee->call()
#9 /var/www/html/Yee/Middleware/MethodOverride.php(92): Yee\Middleware\Flash->call()
#10 /var/www/html/Yee/Middleware/PrettyExceptions.php(67): Yee\Middleware\MethodOverride->call()
#11 /var/www/html/Yee/Yee.php(1278): Yee\Middleware\PrettyExceptions->call()
#12 /var/www/html/index.php(49): Yee\Yee->execute()
#13 {main}
ERROR - 2016-07-21 12:27:13 - exception 'ErrorException' with message 'Undefined index: username' in /var/www/html/App/Models/MyAccount/MyAccountModel.php:16
Stack trace:
#0 /var/www/html/App/Models/MyAccount/MyAccountModel.php(16): Yee\Yee::handleErrors(8, 'Undefined index...', '/var/www/html/A...', 16, Array)
#1 /var/www/html/App/Controllers/MyController/myAccountController.php(21): App\Models\myAccount\MyAccountModel->getAccountDetails()
#2 [internal function]: MyAccountController->indexAction()
#3 /var/www/html/Yee/Managers/Controller/Controller.php(22): call_user_func_array(Array, Array)
#4 [internal function]: Yee\Managers\Controller\Controller::__callStatic('___indexAction', Array)
#5 [internal function]: MyAccountController::___indexAction()
#6 /var/www/html/Yee/Route.php(462): call_user_func_array('myAccountContro...', Array)
#7 /var/www/html/Yee/Yee.php(1333): Yee\Route->dispatch()
#8 /var/www/html/Yee/Middleware/Flash.php(85): Yee\Yee->call()
#9 /var/www/html/Yee/Middleware/MethodOverride.php(92): Yee\Middleware\Flash->call()
#10 /var/www/html/Yee/Middleware/PrettyExceptions.php(67): Yee\Middleware\MethodOverride->call()
#11 /var/www/html/Yee/Yee.php(1278): Yee\Middleware\PrettyExceptions->call()
#12 /var/www/html/index.php(49): Yee\Yee->execute()
#13 {main}
ERROR - 2016-07-21 12:28:03 - exception 'ErrorException' with message 'Undefined index: email' in /var/www/html/App/Models/MyAccount/MyAccountModel.php:16
Stack trace:
#0 /var/www/html/App/Models/MyAccount/MyAccountModel.php(16): Yee\Yee::handleErrors(8, 'Undefined index...', '/var/www/html/A...', 16, Array)
#1 /var/www/html/App/Controllers/MyController/myAccountController.php(21): App\Models\myAccount\MyAccountModel->getAccountDetails()
#2 [internal function]: MyAccountController->indexAction()
#3 /var/www/html/Yee/Managers/Controller/Controller.php(22): call_user_func_array(Array, Array)
#4 [internal function]: Yee\Managers\Controller\Controller::__callStatic('___indexAction', Array)
#5 [internal function]: MyAccountController::___indexAction()
#6 /var/www/html/Yee/Route.php(462): call_user_func_array('myAccountContro...', Array)
#7 /var/www/html/Yee/Yee.php(1333): Yee\Route->dispatch()
#8 /var/www/html/Yee/Middleware/Flash.php(85): Yee\Yee->call()
#9 /var/www/html/Yee/Middleware/MethodOverride.php(92): Yee\Middleware\Flash->call()
#10 /var/www/html/Yee/Middleware/PrettyExceptions.php(67): Yee\Middleware\MethodOverride->call()
#11 /var/www/html/Yee/Yee.php(1278): Yee\Middleware\PrettyExceptions->call()
#12 /var/www/html/index.php(49): Yee\Yee->execute()
#13 {main}
ERROR - 2016-07-21 12:28:07 - exception 'ErrorException' with message 'Undefined index: email' in /var/www/html/App/Models/MyAccount/MyAccountModel.php:16
Stack trace:
#0 /var/www/html/App/Models/MyAccount/MyAccountModel.php(16): Yee\Yee::handleErrors(8, 'Undefined index...', '/var/www/html/A...', 16, Array)
#1 /var/www/html/App/Controllers/MyController/myAccountController.php(21): App\Models\myAccount\MyAccountModel->getAccountDetails()
#2 [internal function]: MyAccountController->indexAction()
#3 /var/www/html/Yee/Managers/Controller/Controller.php(22): call_user_func_array(Array, Array)
#4 [internal function]: Yee\Managers\Controller\Controller::__callStatic('___indexAction', Array)
#5 [internal function]: MyAccountController::___indexAction()
#6 /var/www/html/Yee/Route.php(462): call_user_func_array('myAccountContro...', Array)
#7 /var/www/html/Yee/Yee.php(1333): Yee\Route->dispatch()
#8 /var/www/html/Yee/Middleware/Flash.php(85): Yee\Yee->call()
#9 /var/www/html/Yee/Middleware/MethodOverride.php(92): Yee\Middleware\Flash->call()
#10 /var/www/html/Yee/Middleware/PrettyExceptions.php(67): Yee\Middleware\MethodOverride->call()
#11 /var/www/html/Yee/Yee.php(1278): Yee\Middleware\PrettyExceptions->call()
#12 /var/www/html/index.php(49): Yee\Yee->execute()
#13 {main}
ERROR - 2016-07-21 15:03:08 - exception 'ErrorException' with message 'Undefined index: username' in /var/www/html/App/Models/MyAccount/MyAccountModel.php:15
Stack trace:
#0 /var/www/html/App/Models/MyAccount/MyAccountModel.php(15): Yee\Yee::handleErrors(8, 'Undefined index...', '/var/www/html/A...', 15, Array)
#1 /var/www/html/App/Controllers/MyController/MyAccountController.php(24): App\Models\myAccount\MyAccountModel->getAccountDetails()
#2 [internal function]: MyAccountController->indexAction()
#3 /var/www/html/Yee/Managers/Controller/Controller.php(22): call_user_func_array(Array, Array)
#4 [internal function]: Yee\Managers\Controller\Controller::__callStatic('___indexAction', Array)
#5 [internal function]: MyAccountController::___indexAction()
#6 /var/www/html/Yee/Route.php(462): call_user_func_array('MyAccountContro...', Array)
#7 /var/www/html/Yee/Yee.php(1333): Yee\Route->dispatch()
#8 /var/www/html/Yee/Middleware/Flash.php(85): Yee\Yee->call()
#9 /var/www/html/Yee/Middleware/MethodOverride.php(92): Yee\Middleware\Flash->call()
#10 /var/www/html/Yee/Middleware/PrettyExceptions.php(67): Yee\Middleware\MethodOverride->call()
#11 /var/www/html/Yee/Yee.php(1278): Yee\Middleware\PrettyExceptions->call()
#12 /var/www/html/index.php(49): Yee\Yee->execute()
#13 {main}
